{"D:\\microserviceseminar\\SQA-03-NHOM03\\ecomAPI\\src\\controllers\\blogController.js": {"path":"D:\\microserviceseminar\\SQA-03-NHOM03\\ecomAPI\\src\\controllers\\blogController.js","statementMap":{"0":{"start":{"line":3,"column":20},"end":{"line":14,"column":1}},"1":{"start":{"line":4,"column":4},"end":{"line":13,"column":5}},"2":{"start":{"line":5,"column":19},"end":{"line":5,"column":60}},"3":{"start":{"line":6,"column":8},"end":{"line":6,"column":42}},"4":{"start":{"line":8,"column":8},"end":{"line":8,"column":26}},"5":{"start":{"line":9,"column":8},"end":{"line":12,"column":10}},"6":{"start":{"line":15,"column":24},"end":{"line":26,"column":1}},"7":{"start":{"line":16,"column":4},"end":{"line":25,"column":5}},"8":{"start":{"line":17,"column":19},"end":{"line":17,"column":68}},"9":{"start":{"line":18,"column":8},"end":{"line":18,"column":42}},"10":{"start":{"line":20,"column":8},"end":{"line":20,"column":26}},"11":{"start":{"line":21,"column":8},"end":{"line":24,"column":10}},"12":{"start":{"line":27,"column":17},"end":{"line":38,"column":1}},"13":{"start":{"line":28,"column":4},"end":{"line":37,"column":5}},"14":{"start":{"line":29,"column":19},"end":{"line":29,"column":58}},"15":{"start":{"line":30,"column":8},"end":{"line":30,"column":42}},"16":{"start":{"line":32,"column":8},"end":{"line":32,"column":26}},"17":{"start":{"line":33,"column":8},"end":{"line":36,"column":10}},"18":{"start":{"line":39,"column":17},"end":{"line":50,"column":1}},"19":{"start":{"line":40,"column":4},"end":{"line":49,"column":5}},"20":{"start":{"line":41,"column":19},"end":{"line":41,"column":57}},"21":{"start":{"line":42,"column":8},"end":{"line":42,"column":42}},"22":{"start":{"line":44,"column":8},"end":{"line":44,"column":26}},"23":{"start":{"line":45,"column":8},"end":{"line":48,"column":10}},"24":{"start":{"line":51,"column":17},"end":{"line":62,"column":1}},"25":{"start":{"line":52,"column":4},"end":{"line":61,"column":5}},"26":{"start":{"line":53,"column":19},"end":{"line":53,"column":57}},"27":{"start":{"line":54,"column":8},"end":{"line":54,"column":42}},"28":{"start":{"line":56,"column":8},"end":{"line":56,"column":26}},"29":{"start":{"line":57,"column":8},"end":{"line":60,"column":10}},"30":{"start":{"line":63,"column":21},"end":{"line":74,"column":1}},"31":{"start":{"line":64,"column":4},"end":{"line":73,"column":5}},"32":{"start":{"line":65,"column":19},"end":{"line":65,"column":62}},"33":{"start":{"line":66,"column":8},"end":{"line":66,"column":42}},"34":{"start":{"line":68,"column":8},"end":{"line":68,"column":26}},"35":{"start":{"line":69,"column":8},"end":{"line":72,"column":10}},"36":{"start":{"line":75,"column":17},"end":{"line":86,"column":1}},"37":{"start":{"line":76,"column":4},"end":{"line":85,"column":5}},"38":{"start":{"line":77,"column":19},"end":{"line":77,"column":58}},"39":{"start":{"line":78,"column":8},"end":{"line":78,"column":42}},"40":{"start":{"line":80,"column":8},"end":{"line":80,"column":26}},"41":{"start":{"line":81,"column":8},"end":{"line":84,"column":10}},"42":{"start":{"line":87,"column":0},"end":{"line":95,"column":1}}},"fnMap":{"0":{"name":"(anonymous_0)","decl":{"start":{"line":3,"column":20},"end":{"line":3,"column":21}},"loc":{"start":{"line":3,"column":40},"end":{"line":14,"column":1}},"line":3},"1":{"name":"(anonymous_1)","decl":{"start":{"line":15,"column":24},"end":{"line":15,"column":25}},"loc":{"start":{"line":15,"column":44},"end":{"line":26,"column":1}},"line":15},"2":{"name":"(anonymous_2)","decl":{"start":{"line":27,"column":17},"end":{"line":27,"column":18}},"loc":{"start":{"line":27,"column":37},"end":{"line":38,"column":1}},"line":27},"3":{"name":"(anonymous_3)","decl":{"start":{"line":39,"column":17},"end":{"line":39,"column":18}},"loc":{"start":{"line":39,"column":37},"end":{"line":50,"column":1}},"line":39},"4":{"name":"(anonymous_4)","decl":{"start":{"line":51,"column":17},"end":{"line":51,"column":18}},"loc":{"start":{"line":51,"column":37},"end":{"line":62,"column":1}},"line":51},"5":{"name":"(anonymous_5)","decl":{"start":{"line":63,"column":21},"end":{"line":63,"column":22}},"loc":{"start":{"line":63,"column":41},"end":{"line":74,"column":1}},"line":63},"6":{"name":"(anonymous_6)","decl":{"start":{"line":75,"column":17},"end":{"line":75,"column":18}},"loc":{"start":{"line":75,"column":37},"end":{"line":86,"column":1}},"line":75}},"branchMap":{},"s":{"0":1,"1":2,"2":2,"3":1,"4":1,"5":1,"6":1,"7":2,"8":2,"9":1,"10":1,"11":1,"12":1,"13":2,"14":2,"15":1,"16":1,"17":1,"18":1,"19":2,"20":2,"21":1,"22":1,"23":1,"24":1,"25":2,"26":2,"27":1,"28":1,"29":1,"30":1,"31":2,"32":2,"33":1,"34":1,"35":1,"36":1,"37":2,"38":2,"39":1,"40":1,"41":1,"42":1},"f":{"0":2,"1":2,"2":2,"3":2,"4":2,"5":2,"6":2},"b":{},"_coverageSchema":"1a1c01bbd47fc00a2c39e90264f33305004495a9","hash":"c55f62329c5d05724cae52fb2c1688fffa4ed95b"}
,"D:\\microserviceseminar\\SQA-03-NHOM03\\ecomAPI\\src\\controllers\\typeshipController.js": {"path":"D:\\microserviceseminar\\SQA-03-NHOM03\\ecomAPI\\src\\controllers\\typeshipController.js","statementMap":{"0":{"start":{"line":3,"column":24},"end":{"line":14,"column":1}},"1":{"start":{"line":4,"column":4},"end":{"line":13,"column":5}},"2":{"start":{"line":5,"column":19},"end":{"line":5,"column":68}},"3":{"start":{"line":6,"column":8},"end":{"line":6,"column":42}},"4":{"start":{"line":8,"column":8},"end":{"line":8,"column":26}},"5":{"start":{"line":9,"column":8},"end":{"line":12,"column":10}},"6":{"start":{"line":15,"column":28},"end":{"line":26,"column":1}},"7":{"start":{"line":16,"column":4},"end":{"line":25,"column":5}},"8":{"start":{"line":17,"column":19},"end":{"line":17,"column":76}},"9":{"start":{"line":18,"column":8},"end":{"line":18,"column":42}},"10":{"start":{"line":20,"column":8},"end":{"line":20,"column":26}},"11":{"start":{"line":21,"column":8},"end":{"line":24,"column":10}},"12":{"start":{"line":27,"column":21},"end":{"line":38,"column":1}},"13":{"start":{"line":28,"column":4},"end":{"line":37,"column":5}},"14":{"start":{"line":29,"column":19},"end":{"line":29,"column":66}},"15":{"start":{"line":30,"column":8},"end":{"line":30,"column":42}},"16":{"start":{"line":32,"column":8},"end":{"line":32,"column":26}},"17":{"start":{"line":33,"column":8},"end":{"line":36,"column":10}},"18":{"start":{"line":39,"column":21},"end":{"line":50,"column":1}},"19":{"start":{"line":40,"column":4},"end":{"line":49,"column":5}},"20":{"start":{"line":41,"column":19},"end":{"line":41,"column":65}},"21":{"start":{"line":42,"column":8},"end":{"line":42,"column":42}},"22":{"start":{"line":44,"column":8},"end":{"line":44,"column":26}},"23":{"start":{"line":45,"column":8},"end":{"line":48,"column":10}},"24":{"start":{"line":51,"column":21},"end":{"line":62,"column":1}},"25":{"start":{"line":52,"column":4},"end":{"line":61,"column":5}},"26":{"start":{"line":53,"column":19},"end":{"line":53,"column":65}},"27":{"start":{"line":54,"column":8},"end":{"line":54,"column":42}},"28":{"start":{"line":56,"column":8},"end":{"line":56,"column":26}},"29":{"start":{"line":57,"column":8},"end":{"line":60,"column":10}},"30":{"start":{"line":63,"column":0},"end":{"line":69,"column":1}}},"fnMap":{"0":{"name":"(anonymous_0)","decl":{"start":{"line":3,"column":24},"end":{"line":3,"column":25}},"loc":{"start":{"line":3,"column":44},"end":{"line":14,"column":1}},"line":3},"1":{"name":"(anonymous_1)","decl":{"start":{"line":15,"column":28},"end":{"line":15,"column":29}},"loc":{"start":{"line":15,"column":48},"end":{"line":26,"column":1}},"line":15},"2":{"name":"(anonymous_2)","decl":{"start":{"line":27,"column":21},"end":{"line":27,"column":22}},"loc":{"start":{"line":27,"column":41},"end":{"line":38,"column":1}},"line":27},"3":{"name":"(anonymous_3)","decl":{"start":{"line":39,"column":21},"end":{"line":39,"column":22}},"loc":{"start":{"line":39,"column":41},"end":{"line":50,"column":1}},"line":39},"4":{"name":"(anonymous_4)","decl":{"start":{"line":51,"column":21},"end":{"line":51,"column":22}},"loc":{"start":{"line":51,"column":41},"end":{"line":62,"column":1}},"line":51}},"branchMap":{},"s":{"0":1,"1":2,"2":2,"3":1,"4":1,"5":1,"6":1,"7":2,"8":2,"9":1,"10":1,"11":1,"12":1,"13":2,"14":2,"15":1,"16":1,"17":1,"18":1,"19":2,"20":2,"21":1,"22":1,"23":1,"24":1,"25":2,"26":2,"27":1,"28":1,"29":1,"30":1},"f":{"0":2,"1":2,"2":2,"3":2,"4":2},"b":{},"_coverageSchema":"1a1c01bbd47fc00a2c39e90264f33305004495a9","hash":"cb21ae9301bb381e7bcae589b753668df7c12039"}
,"D:\\microserviceseminar\\SQA-03-NHOM03\\ecomAPI\\src\\controllers\\userController.js": {"path":"D:\\microserviceseminar\\SQA-03-NHOM03\\ecomAPI\\src\\controllers\\userController.js","statementMap":{"0":{"start":{"line":1,"column":20},"end":{"line":1,"column":54}},"1":{"start":{"line":4,"column":26},"end":{"line":15,"column":1}},"2":{"start":{"line":5,"column":4},"end":{"line":14,"column":5}},"3":{"start":{"line":6,"column":19},"end":{"line":6,"column":66}},"4":{"start":{"line":7,"column":8},"end":{"line":7,"column":42}},"5":{"start":{"line":9,"column":8},"end":{"line":9,"column":26}},"6":{"start":{"line":10,"column":8},"end":{"line":13,"column":10}},"7":{"start":{"line":16,"column":23},"end":{"line":27,"column":1}},"8":{"start":{"line":17,"column":4},"end":{"line":26,"column":5}},"9":{"start":{"line":18,"column":19},"end":{"line":18,"column":61}},"10":{"start":{"line":19,"column":8},"end":{"line":19,"column":42}},"11":{"start":{"line":21,"column":8},"end":{"line":21,"column":26}},"12":{"start":{"line":22,"column":8},"end":{"line":25,"column":10}},"13":{"start":{"line":28,"column":23},"end":{"line":39,"column":1}},"14":{"start":{"line":29,"column":4},"end":{"line":38,"column":5}},"15":{"start":{"line":30,"column":19},"end":{"line":30,"column":60}},"16":{"start":{"line":31,"column":8},"end":{"line":31,"column":42}},"17":{"start":{"line":33,"column":8},"end":{"line":33,"column":26}},"18":{"start":{"line":34,"column":8},"end":{"line":37,"column":10}},"19":{"start":{"line":40,"column":18},"end":{"line":51,"column":1}},"20":{"start":{"line":41,"column":4},"end":{"line":50,"column":5}},"21":{"start":{"line":42,"column":19},"end":{"line":42,"column":58}},"22":{"start":{"line":43,"column":8},"end":{"line":43,"column":42}},"23":{"start":{"line":45,"column":8},"end":{"line":45,"column":26}},"24":{"start":{"line":46,"column":8},"end":{"line":49,"column":10}},"25":{"start":{"line":52,"column":27},"end":{"line":63,"column":1}},"26":{"start":{"line":53,"column":4},"end":{"line":62,"column":5}},"27":{"start":{"line":54,"column":19},"end":{"line":54,"column":67}},"28":{"start":{"line":55,"column":8},"end":{"line":55,"column":42}},"29":{"start":{"line":57,"column":8},"end":{"line":57,"column":26}},"30":{"start":{"line":58,"column":8},"end":{"line":61,"column":10}},"31":{"start":{"line":64,"column":17},"end":{"line":75,"column":1}},"32":{"start":{"line":65,"column":4},"end":{"line":74,"column":5}},"33":{"start":{"line":66,"column":19},"end":{"line":66,"column":58}},"34":{"start":{"line":67,"column":8},"end":{"line":67,"column":42}},"35":{"start":{"line":69,"column":8},"end":{"line":69,"column":26}},"36":{"start":{"line":70,"column":8},"end":{"line":73,"column":10}},"37":{"start":{"line":76,"column":24},"end":{"line":87,"column":1}},"38":{"start":{"line":77,"column":4},"end":{"line":86,"column":5}},"39":{"start":{"line":78,"column":19},"end":{"line":78,"column":68}},"40":{"start":{"line":79,"column":8},"end":{"line":79,"column":42}},"41":{"start":{"line":81,"column":8},"end":{"line":81,"column":26}},"42":{"start":{"line":82,"column":8},"end":{"line":85,"column":10}},"43":{"start":{"line":88,"column":27},"end":{"line":99,"column":1}},"44":{"start":{"line":89,"column":4},"end":{"line":98,"column":5}},"45":{"start":{"line":90,"column":19},"end":{"line":90,"column":74}},"46":{"start":{"line":91,"column":8},"end":{"line":91,"column":42}},"47":{"start":{"line":93,"column":8},"end":{"line":93,"column":26}},"48":{"start":{"line":94,"column":8},"end":{"line":97,"column":10}},"49":{"start":{"line":100,"column":32},"end":{"line":111,"column":1}},"50":{"start":{"line":101,"column":4},"end":{"line":110,"column":5}},"51":{"start":{"line":102,"column":19},"end":{"line":102,"column":72}},"52":{"start":{"line":103,"column":8},"end":{"line":103,"column":42}},"53":{"start":{"line":105,"column":8},"end":{"line":105,"column":26}},"54":{"start":{"line":106,"column":8},"end":{"line":109,"column":10}},"55":{"start":{"line":112,"column":28},"end":{"line":123,"column":1}},"56":{"start":{"line":113,"column":4},"end":{"line":122,"column":5}},"57":{"start":{"line":114,"column":19},"end":{"line":114,"column":68}},"58":{"start":{"line":115,"column":8},"end":{"line":115,"column":42}},"59":{"start":{"line":117,"column":8},"end":{"line":117,"column":26}},"60":{"start":{"line":118,"column":8},"end":{"line":121,"column":10}},"61":{"start":{"line":124,"column":36},"end":{"line":135,"column":1}},"62":{"start":{"line":125,"column":4},"end":{"line":134,"column":5}},"63":{"start":{"line":126,"column":19},"end":{"line":126,"column":82}},"64":{"start":{"line":127,"column":8},"end":{"line":127,"column":42}},"65":{"start":{"line":129,"column":8},"end":{"line":129,"column":26}},"66":{"start":{"line":130,"column":8},"end":{"line":133,"column":10}},"67":{"start":{"line":136,"column":27},"end":{"line":147,"column":1}},"68":{"start":{"line":137,"column":4},"end":{"line":146,"column":5}},"69":{"start":{"line":138,"column":19},"end":{"line":138,"column":67}},"70":{"start":{"line":139,"column":8},"end":{"line":139,"column":42}},"71":{"start":{"line":141,"column":8},"end":{"line":141,"column":26}},"72":{"start":{"line":142,"column":8},"end":{"line":145,"column":10}},"73":{"start":{"line":148,"column":28},"end":{"line":159,"column":1}},"74":{"start":{"line":149,"column":4},"end":{"line":158,"column":5}},"75":{"start":{"line":150,"column":19},"end":{"line":150,"column":69}},"76":{"start":{"line":151,"column":8},"end":{"line":151,"column":42}},"77":{"start":{"line":153,"column":8},"end":{"line":153,"column":26}},"78":{"start":{"line":154,"column":8},"end":{"line":157,"column":10}},"79":{"start":{"line":160,"column":0},"end":{"line":174,"column":1}}},"fnMap":{"0":{"name":"(anonymous_0)","decl":{"start":{"line":4,"column":26},"end":{"line":4,"column":27}},"loc":{"start":{"line":4,"column":46},"end":{"line":15,"column":1}},"line":4},"1":{"name":"(anonymous_1)","decl":{"start":{"line":16,"column":23},"end":{"line":16,"column":24}},"loc":{"start":{"line":16,"column":43},"end":{"line":27,"column":1}},"line":16},"2":{"name":"(anonymous_2)","decl":{"start":{"line":28,"column":23},"end":{"line":28,"column":24}},"loc":{"start":{"line":28,"column":43},"end":{"line":39,"column":1}},"line":28},"3":{"name":"(anonymous_3)","decl":{"start":{"line":40,"column":18},"end":{"line":40,"column":19}},"loc":{"start":{"line":40,"column":38},"end":{"line":51,"column":1}},"line":40},"4":{"name":"(anonymous_4)","decl":{"start":{"line":52,"column":27},"end":{"line":52,"column":28}},"loc":{"start":{"line":52,"column":47},"end":{"line":63,"column":1}},"line":52},"5":{"name":"(anonymous_5)","decl":{"start":{"line":64,"column":17},"end":{"line":64,"column":18}},"loc":{"start":{"line":64,"column":37},"end":{"line":75,"column":1}},"line":64},"6":{"name":"(anonymous_6)","decl":{"start":{"line":76,"column":24},"end":{"line":76,"column":25}},"loc":{"start":{"line":76,"column":44},"end":{"line":87,"column":1}},"line":76},"7":{"name":"(anonymous_7)","decl":{"start":{"line":88,"column":27},"end":{"line":88,"column":28}},"loc":{"start":{"line":88,"column":47},"end":{"line":99,"column":1}},"line":88},"8":{"name":"(anonymous_8)","decl":{"start":{"line":100,"column":32},"end":{"line":100,"column":33}},"loc":{"start":{"line":100,"column":52},"end":{"line":111,"column":1}},"line":100},"9":{"name":"(anonymous_9)","decl":{"start":{"line":112,"column":28},"end":{"line":112,"column":29}},"loc":{"start":{"line":112,"column":48},"end":{"line":123,"column":1}},"line":112},"10":{"name":"(anonymous_10)","decl":{"start":{"line":124,"column":36},"end":{"line":124,"column":37}},"loc":{"start":{"line":124,"column":56},"end":{"line":135,"column":1}},"line":124},"11":{"name":"(anonymous_11)","decl":{"start":{"line":136,"column":27},"end":{"line":136,"column":28}},"loc":{"start":{"line":136,"column":47},"end":{"line":147,"column":1}},"line":136},"12":{"name":"(anonymous_12)","decl":{"start":{"line":148,"column":28},"end":{"line":148,"column":29}},"loc":{"start":{"line":148,"column":48},"end":{"line":159,"column":1}},"line":148}},"branchMap":{},"s":{"0":1,"1":1,"2":2,"3":2,"4":1,"5":1,"6":1,"7":1,"8":2,"9":2,"10":1,"11":1,"12":1,"13":1,"14":2,"15":2,"16":1,"17":1,"18":1,"19":1,"20":2,"21":2,"22":1,"23":1,"24":1,"25":1,"26":2,"27":2,"28":1,"29":1,"30":1,"31":1,"32":2,"33":2,"34":1,"35":1,"36":1,"37":1,"38":2,"39":2,"40":1,"41":1,"42":1,"43":1,"44":2,"45":2,"46":1,"47":1,"48":1,"49":1,"50":2,"51":2,"52":1,"53":1,"54":1,"55":1,"56":2,"57":2,"58":1,"59":1,"60":1,"61":1,"62":2,"63":2,"64":1,"65":1,"66":1,"67":1,"68":2,"69":2,"70":1,"71":1,"72":1,"73":1,"74":2,"75":2,"76":1,"77":1,"78":1,"79":1},"f":{"0":2,"1":2,"2":2,"3":2,"4":2,"5":2,"6":2,"7":2,"8":2,"9":2,"10":2,"11":2,"12":2},"b":{},"_coverageSchema":"1a1c01bbd47fc00a2c39e90264f33305004495a9","hash":"1bb9c91826b2f7d72532eff4075002e549a57c53"}
,"D:\\microserviceseminar\\SQA-03-NHOM03\\ecomAPI\\src\\models\\AddressUser.js": {"path":"D:\\microserviceseminar\\SQA-03-NHOM03\\ecomAPI\\src\\models\\AddressUser.js","statementMap":{"0":{"start":{"line":4,"column":4},"end":{"line":4,"column":24}},"1":{"start":{"line":5,"column":0},"end":{"line":27,"column":2}},"2":{"start":{"line":16,"column":4},"end":{"line":25,"column":7}},"3":{"start":{"line":26,"column":4},"end":{"line":26,"column":23}}},"fnMap":{"0":{"name":"(anonymous_0)","decl":{"start":{"line":5,"column":17},"end":{"line":5,"column":18}},"loc":{"start":{"line":5,"column":43},"end":{"line":27,"column":1}},"line":5},"1":{"name":"(anonymous_1)","decl":{"start":{"line":12,"column":8},"end":{"line":12,"column":9}},"loc":{"start":{"line":12,"column":33},"end":{"line":14,"column":9}},"line":12}},"branchMap":{},"s":{"0":6,"1":6,"2":6,"3":6},"f":{"0":6,"1":6},"b":{},"_coverageSchema":"1a1c01bbd47fc00a2c39e90264f33305004495a9","hash":"1a24a5d11772e33e8738d68cbd64ff0223fcd596"}
,"D:\\microserviceseminar\\SQA-03-NHOM03\\ecomAPI\\src\\models\\Message.js": {"path":"D:\\microserviceseminar\\SQA-03-NHOM03\\ecomAPI\\src\\models\\Message.js","statementMap":{"0":{"start":{"line":4,"column":4},"end":{"line":4,"column":24}},"1":{"start":{"line":5,"column":0},"end":{"line":28,"column":2}},"2":{"start":{"line":17,"column":4},"end":{"line":26,"column":7}},"3":{"start":{"line":27,"column":4},"end":{"line":27,"column":19}}},"fnMap":{"0":{"name":"(anonymous_0)","decl":{"start":{"line":5,"column":17},"end":{"line":5,"column":18}},"loc":{"start":{"line":5,"column":43},"end":{"line":28,"column":1}},"line":5},"1":{"name":"(anonymous_1)","decl":{"start":{"line":12,"column":8},"end":{"line":12,"column":9}},"loc":{"start":{"line":12,"column":33},"end":{"line":15,"column":9}},"line":12}},"branchMap":{},"s":{"0":6,"1":6,"2":6,"3":6},"f":{"0":6,"1":6},"b":{},"_coverageSchema":"1a1c01bbd47fc00a2c39e90264f33305004495a9","hash":"0447cadb8fb1240bb3418ef3e0e21c48944f326f"}
,"D:\\microserviceseminar\\SQA-03-NHOM03\\ecomAPI\\src\\models\\ProductDetail.js": {"path":"D:\\microserviceseminar\\SQA-03-NHOM03\\ecomAPI\\src\\models\\ProductDetail.js","statementMap":{"0":{"start":{"line":5,"column":4},"end":{"line":5,"column":24}},"1":{"start":{"line":6,"column":0},"end":{"line":29,"column":2}},"2":{"start":{"line":14,"column":12},"end":{"line":14,"column":122}},"3":{"start":{"line":15,"column":12},"end":{"line":15,"column":113}},"4":{"start":{"line":18,"column":4},"end":{"line":27,"column":7}},"5":{"start":{"line":28,"column":4},"end":{"line":28,"column":25}}},"fnMap":{"0":{"name":"(anonymous_0)","decl":{"start":{"line":6,"column":17},"end":{"line":6,"column":18}},"loc":{"start":{"line":6,"column":43},"end":{"line":29,"column":1}},"line":6},"1":{"name":"(anonymous_1)","decl":{"start":{"line":13,"column":8},"end":{"line":13,"column":9}},"loc":{"start":{"line":13,"column":33},"end":{"line":16,"column":9}},"line":13}},"branchMap":{},"s":{"0":6,"1":6,"2":6,"3":6,"4":6,"5":6},"f":{"0":6,"1":6},"b":{},"_coverageSchema":"1a1c01bbd47fc00a2c39e90264f33305004495a9","hash":"bf15003d2b3404373d8b451f7691d3759ad27507"}
,"D:\\microserviceseminar\\SQA-03-NHOM03\\ecomAPI\\src\\models\\ProductImage.js": {"path":"D:\\microserviceseminar\\SQA-03-NHOM03\\ecomAPI\\src\\models\\ProductImage.js","statementMap":{"0":{"start":{"line":5,"column":4},"end":{"line":5,"column":24}},"1":{"start":{"line":6,"column":0},"end":{"line":26,"column":2}},"2":{"start":{"line":14,"column":12},"end":{"line":14,"column":132}},"3":{"start":{"line":17,"column":4},"end":{"line":24,"column":7}},"4":{"start":{"line":25,"column":4},"end":{"line":25,"column":24}}},"fnMap":{"0":{"name":"(anonymous_0)","decl":{"start":{"line":6,"column":17},"end":{"line":6,"column":18}},"loc":{"start":{"line":6,"column":43},"end":{"line":26,"column":1}},"line":6},"1":{"name":"(anonymous_1)","decl":{"start":{"line":13,"column":8},"end":{"line":13,"column":9}},"loc":{"start":{"line":13,"column":33},"end":{"line":15,"column":9}},"line":13}},"branchMap":{},"s":{"0":6,"1":6,"2":6,"3":6,"4":6},"f":{"0":6,"1":6},"b":{},"_coverageSchema":"1a1c01bbd47fc00a2c39e90264f33305004495a9","hash":"e54f4a80e65a148856f28eaf8321daa796e375bc"}
,"D:\\microserviceseminar\\SQA-03-NHOM03\\ecomAPI\\src\\models\\Receipt.js": {"path":"D:\\microserviceseminar\\SQA-03-NHOM03\\ecomAPI\\src\\models\\Receipt.js","statementMap":{"0":{"start":{"line":4,"column":4},"end":{"line":4,"column":24}},"1":{"start":{"line":5,"column":0},"end":{"line":26,"column":2}},"2":{"start":{"line":17,"column":4},"end":{"line":24,"column":7}},"3":{"start":{"line":25,"column":4},"end":{"line":25,"column":19}}},"fnMap":{"0":{"name":"(anonymous_0)","decl":{"start":{"line":5,"column":17},"end":{"line":5,"column":18}},"loc":{"start":{"line":5,"column":43},"end":{"line":26,"column":1}},"line":5},"1":{"name":"(anonymous_1)","decl":{"start":{"line":12,"column":8},"end":{"line":12,"column":9}},"loc":{"start":{"line":12,"column":33},"end":{"line":15,"column":9}},"line":12}},"branchMap":{},"s":{"0":6,"1":6,"2":6,"3":6},"f":{"0":6,"1":6},"b":{},"_coverageSchema":"1a1c01bbd47fc00a2c39e90264f33305004495a9","hash":"aad3d9934d9bc1b5993089f254c7dad1065aa536"}
,"D:\\microserviceseminar\\SQA-03-NHOM03\\ecomAPI\\src\\models\\ReceiptDetail.js": {"path":"D:\\microserviceseminar\\SQA-03-NHOM03\\ecomAPI\\src\\models\\ReceiptDetail.js","statementMap":{"0":{"start":{"line":4,"column":4},"end":{"line":4,"column":24}},"1":{"start":{"line":5,"column":0},"end":{"line":27,"column":2}},"2":{"start":{"line":17,"column":4},"end":{"line":25,"column":7}},"3":{"start":{"line":26,"column":4},"end":{"line":26,"column":25}}},"fnMap":{"0":{"name":"(anonymous_0)","decl":{"start":{"line":5,"column":17},"end":{"line":5,"column":18}},"loc":{"start":{"line":5,"column":43},"end":{"line":27,"column":1}},"line":5},"1":{"name":"(anonymous_1)","decl":{"start":{"line":12,"column":8},"end":{"line":12,"column":9}},"loc":{"start":{"line":12,"column":33},"end":{"line":15,"column":9}},"line":12}},"branchMap":{},"s":{"0":6,"1":6,"2":6,"3":6},"f":{"0":6,"1":6},"b":{},"_coverageSchema":"1a1c01bbd47fc00a2c39e90264f33305004495a9","hash":"597741569458b08daa4e4c341fae147667deb66c"}
,"D:\\microserviceseminar\\SQA-03-NHOM03\\ecomAPI\\src\\models\\RoomMessage.js": {"path":"D:\\microserviceseminar\\SQA-03-NHOM03\\ecomAPI\\src\\models\\RoomMessage.js","statementMap":{"0":{"start":{"line":4,"column":4},"end":{"line":4,"column":24}},"1":{"start":{"line":5,"column":0},"end":{"line":25,"column":2}},"2":{"start":{"line":17,"column":4},"end":{"line":23,"column":7}},"3":{"start":{"line":24,"column":4},"end":{"line":24,"column":23}}},"fnMap":{"0":{"name":"(anonymous_0)","decl":{"start":{"line":5,"column":17},"end":{"line":5,"column":18}},"loc":{"start":{"line":5,"column":43},"end":{"line":25,"column":1}},"line":5},"1":{"name":"(anonymous_1)","decl":{"start":{"line":12,"column":8},"end":{"line":12,"column":9}},"loc":{"start":{"line":12,"column":33},"end":{"line":15,"column":9}},"line":12}},"branchMap":{},"s":{"0":6,"1":6,"2":6,"3":6},"f":{"0":6,"1":6},"b":{},"_coverageSchema":"1a1c01bbd47fc00a2c39e90264f33305004495a9","hash":"ab079b2d425f29bad52bf5f945b2fb030e9cfdb3"}
,"D:\\microserviceseminar\\SQA-03-NHOM03\\ecomAPI\\src\\models\\Supplier.js": {"path":"D:\\microserviceseminar\\SQA-03-NHOM03\\ecomAPI\\src\\models\\Supplier.js","statementMap":{"0":{"start":{"line":4,"column":4},"end":{"line":4,"column":24}},"1":{"start":{"line":5,"column":0},"end":{"line":27,"column":2}},"2":{"start":{"line":17,"column":4},"end":{"line":25,"column":7}},"3":{"start":{"line":26,"column":4},"end":{"line":26,"column":20}}},"fnMap":{"0":{"name":"(anonymous_0)","decl":{"start":{"line":5,"column":17},"end":{"line":5,"column":18}},"loc":{"start":{"line":5,"column":43},"end":{"line":27,"column":1}},"line":5},"1":{"name":"(anonymous_1)","decl":{"start":{"line":12,"column":8},"end":{"line":12,"column":9}},"loc":{"start":{"line":12,"column":33},"end":{"line":15,"column":9}},"line":12}},"branchMap":{},"s":{"0":6,"1":6,"2":6,"3":6},"f":{"0":6,"1":6},"b":{},"_coverageSchema":"1a1c01bbd47fc00a2c39e90264f33305004495a9","hash":"91757f7945b729a1d5672e83311b7622ee4d74ba"}
,"D:\\microserviceseminar\\SQA-03-NHOM03\\ecomAPI\\src\\models\\allcode.js": {"path":"D:\\microserviceseminar\\SQA-03-NHOM03\\ecomAPI\\src\\models\\allcode.js","statementMap":{"0":{"start":{"line":4,"column":4},"end":{"line":4,"column":24}},"1":{"start":{"line":5,"column":0},"end":{"line":34,"column":2}},"2":{"start":{"line":13,"column":12},"end":{"line":13,"column":86}},"3":{"start":{"line":14,"column":12},"end":{"line":14,"column":82}},"4":{"start":{"line":15,"column":12},"end":{"line":15,"column":93}},"5":{"start":{"line":16,"column":12},"end":{"line":16,"column":87}},"6":{"start":{"line":17,"column":12},"end":{"line":17,"column":89}},"7":{"start":{"line":18,"column":12},"end":{"line":18,"column":88}},"8":{"start":{"line":19,"column":12},"end":{"line":19,"column":101}},"9":{"start":{"line":20,"column":12},"end":{"line":20,"column":95}},"10":{"start":{"line":21,"column":12},"end":{"line":21,"column":99}},"11":{"start":{"line":25,"column":4},"end":{"line":32,"column":7}},"12":{"start":{"line":33,"column":4},"end":{"line":33,"column":19}}},"fnMap":{"0":{"name":"(anonymous_0)","decl":{"start":{"line":5,"column":17},"end":{"line":5,"column":18}},"loc":{"start":{"line":5,"column":43},"end":{"line":34,"column":1}},"line":5},"1":{"name":"(anonymous_1)","decl":{"start":{"line":12,"column":8},"end":{"line":12,"column":9}},"loc":{"start":{"line":12,"column":33},"end":{"line":23,"column":9}},"line":12}},"branchMap":{},"s":{"0":6,"1":6,"2":6,"3":6,"4":6,"5":6,"6":6,"7":6,"8":6,"9":6,"10":6,"11":6,"12":6},"f":{"0":6,"1":6},"b":{},"_coverageSchema":"1a1c01bbd47fc00a2c39e90264f33305004495a9","hash":"2a8abbf9b7f026495f356661c58dfcf8ce14bf1a"}
,"D:\\microserviceseminar\\SQA-03-NHOM03\\ecomAPI\\src\\models\\banner.js": {"path":"D:\\microserviceseminar\\SQA-03-NHOM03\\ecomAPI\\src\\models\\banner.js","statementMap":{"0":{"start":{"line":4,"column":4},"end":{"line":4,"column":24}},"1":{"start":{"line":5,"column":0},"end":{"line":26,"column":2}},"2":{"start":{"line":16,"column":4},"end":{"line":24,"column":7}},"3":{"start":{"line":25,"column":4},"end":{"line":25,"column":18}}},"fnMap":{"0":{"name":"(anonymous_0)","decl":{"start":{"line":5,"column":17},"end":{"line":5,"column":18}},"loc":{"start":{"line":5,"column":43},"end":{"line":26,"column":1}},"line":5},"1":{"name":"(anonymous_1)","decl":{"start":{"line":12,"column":8},"end":{"line":12,"column":9}},"loc":{"start":{"line":12,"column":33},"end":{"line":14,"column":9}},"line":12}},"branchMap":{},"s":{"0":6,"1":6,"2":6,"3":6},"f":{"0":6,"1":6},"b":{},"_coverageSchema":"1a1c01bbd47fc00a2c39e90264f33305004495a9","hash":"68d8e782be4cdacca179765a5d4f3a63ab4543b0"}
,"D:\\microserviceseminar\\SQA-03-NHOM03\\ecomAPI\\src\\models\\blog.js": {"path":"D:\\microserviceseminar\\SQA-03-NHOM03\\ecomAPI\\src\\models\\blog.js","statementMap":{"0":{"start":{"line":4,"column":4},"end":{"line":4,"column":24}},"1":{"start":{"line":5,"column":0},"end":{"line":31,"column":2}},"2":{"start":{"line":13,"column":12},"end":{"line":13,"column":109}},"3":{"start":{"line":16,"column":4},"end":{"line":29,"column":7}},"4":{"start":{"line":30,"column":4},"end":{"line":30,"column":16}}},"fnMap":{"0":{"name":"(anonymous_0)","decl":{"start":{"line":5,"column":17},"end":{"line":5,"column":18}},"loc":{"start":{"line":5,"column":43},"end":{"line":31,"column":1}},"line":5},"1":{"name":"(anonymous_1)","decl":{"start":{"line":12,"column":8},"end":{"line":12,"column":9}},"loc":{"start":{"line":12,"column":33},"end":{"line":14,"column":9}},"line":12}},"branchMap":{},"s":{"0":6,"1":6,"2":6,"3":6,"4":6},"f":{"0":6,"1":6},"b":{},"_coverageSchema":"1a1c01bbd47fc00a2c39e90264f33305004495a9","hash":"fb220558daba0bc96a51c2f50659ba24a34d5e8d"}
,"D:\\microserviceseminar\\SQA-03-NHOM03\\ecomAPI\\src\\models\\comment.js": {"path":"D:\\microserviceseminar\\SQA-03-NHOM03\\ecomAPI\\src\\models\\comment.js","statementMap":{"0":{"start":{"line":2,"column":18},"end":{"line":2,"column":38}},"1":{"start":{"line":3,"column":0},"end":{"line":22,"column":2}},"2":{"start":{"line":9,"column":4},"end":{"line":20,"column":7}},"3":{"start":{"line":21,"column":4},"end":{"line":21,"column":19}}},"fnMap":{"0":{"name":"(anonymous_0)","decl":{"start":{"line":3,"column":17},"end":{"line":3,"column":18}},"loc":{"start":{"line":3,"column":43},"end":{"line":22,"column":1}},"line":3},"1":{"name":"(anonymous_1)","decl":{"start":{"line":5,"column":8},"end":{"line":5,"column":9}},"loc":{"start":{"line":5,"column":33},"end":{"line":7,"column":9}},"line":5}},"branchMap":{},"s":{"0":6,"1":6,"2":6,"3":6},"f":{"0":6,"1":6},"b":{},"_coverageSchema":"1a1c01bbd47fc00a2c39e90264f33305004495a9","hash":"664f3337f4b48faaae76fdee4c01faba33ea3cb8"}
,"D:\\microserviceseminar\\SQA-03-NHOM03\\ecomAPI\\src\\models\\index.js": {"path":"D:\\microserviceseminar\\SQA-03-NHOM03\\ecomAPI\\src\\models\\index.js","statementMap":{"0":{"start":{"line":2,"column":0},"end":{"line":2,"column":27}},"1":{"start":{"line":3,"column":11},"end":{"line":3,"column":24}},"2":{"start":{"line":4,"column":13},"end":{"line":4,"column":28}},"3":{"start":{"line":5,"column":18},"end":{"line":5,"column":38}},"4":{"start":{"line":6,"column":16},"end":{"line":6,"column":34}},"5":{"start":{"line":7,"column":17},"end":{"line":7,"column":42}},"6":{"start":{"line":8,"column":12},"end":{"line":8,"column":49}},"7":{"start":{"line":9,"column":11},"end":{"line":9,"column":13}},"8":{"start":{"line":12,"column":24},"end":{"line":30,"column":1}},"9":{"start":{"line":31,"column":0},"end":{"line":36,"column":2}},"10":{"start":{"line":44,"column":0},"end":{"line":59,"column":7}},"11":{"start":{"line":46,"column":8},"end":{"line":51,"column":10}},"12":{"start":{"line":54,"column":22},"end":{"line":57,"column":9}},"13":{"start":{"line":58,"column":8},"end":{"line":58,"column":31}},"14":{"start":{"line":61,"column":0},"end":{"line":65,"column":3}},"15":{"start":{"line":62,"column":4},"end":{"line":64,"column":5}},"16":{"start":{"line":63,"column":8},"end":{"line":63,"column":36}},"17":{"start":{"line":67,"column":0},"end":{"line":67,"column":25}},"18":{"start":{"line":68,"column":0},"end":{"line":68,"column":25}},"19":{"start":{"line":70,"column":0},"end":{"line":70,"column":20}}},"fnMap":{"0":{"name":"(anonymous_0)","decl":{"start":{"line":45,"column":12},"end":{"line":45,"column":13}},"loc":{"start":{"line":45,"column":22},"end":{"line":52,"column":5}},"line":45},"1":{"name":"(anonymous_1)","decl":{"start":{"line":53,"column":13},"end":{"line":53,"column":14}},"loc":{"start":{"line":53,"column":23},"end":{"line":59,"column":5}},"line":53},"2":{"name":"(anonymous_2)","decl":{"start":{"line":61,"column":24},"end":{"line":61,"column":25}},"loc":{"start":{"line":61,"column":39},"end":{"line":65,"column":1}},"line":61}},"branchMap":{"0":{"loc":{"start":{"line":8,"column":12},"end":{"line":8,"column":49}},"type":"binary-expr","locations":[{"start":{"line":8,"column":12},"end":{"line":8,"column":32}},{"start":{"line":8,"column":36},"end":{"line":8,"column":49}}],"line":8},"1":{"loc":{"start":{"line":18,"column":8},"end":{"line":25,"column":16}},"type":"cond-expr","locations":[{"start":{"line":19,"column":14},"end":{"line":24,"column":15}},{"start":{"line":25,"column":14},"end":{"line":25,"column":16}}],"line":18},"2":{"loc":{"start":{"line":47,"column":12},"end":{"line":50,"column":43}},"type":"binary-expr","locations":[{"start":{"line":47,"column":12},"end":{"line":47,"column":35}},{"start":{"line":48,"column":12},"end":{"line":48,"column":29}},{"start":{"line":49,"column":12},"end":{"line":49,"column":36}},{"start":{"line":50,"column":12},"end":{"line":50,"column":43}}],"line":47},"3":{"loc":{"start":{"line":62,"column":4},"end":{"line":64,"column":5}},"type":"if","locations":[{"start":{"line":62,"column":4},"end":{"line":64,"column":5}},{"start":{},"end":{}}],"line":62}},"s":{"0":6,"1":6,"2":6,"3":6,"4":6,"5":6,"6":6,"7":6,"8":6,"9":6,"10":6,"11":156,"12":150,"13":150,"14":6,"15":150,"16":150,"17":6,"18":6,"19":6},"f":{"0":156,"1":150,"2":150},"b":{"0":[6,0],"1":[0,6],"2":[156,156,150,150],"3":[150,0]},"_coverageSchema":"1a1c01bbd47fc00a2c39e90264f33305004495a9","hash":"d555c680486cae4701494dc3c8291a11298277ac"}
,"D:\\microserviceseminar\\SQA-03-NHOM03\\ecomAPI\\src\\models\\interaction.js": {"path":"D:\\microserviceseminar\\SQA-03-NHOM03\\ecomAPI\\src\\models\\interaction.js","statementMap":{"0":{"start":{"line":2,"column":18},"end":{"line":2,"column":38}},"1":{"start":{"line":4,"column":0},"end":{"line":53,"column":2}},"2":{"start":{"line":7,"column":12},"end":{"line":7,"column":89}},"3":{"start":{"line":8,"column":12},"end":{"line":8,"column":98}},"4":{"start":{"line":10,"column":12},"end":{"line":10,"column":117}},"5":{"start":{"line":14,"column":4},"end":{"line":50,"column":6}},"6":{"start":{"line":52,"column":4},"end":{"line":52,"column":23}}},"fnMap":{"0":{"name":"(anonymous_0)","decl":{"start":{"line":4,"column":17},"end":{"line":4,"column":18}},"loc":{"start":{"line":4,"column":43},"end":{"line":53,"column":1}},"line":4},"1":{"name":"(anonymous_1)","decl":{"start":{"line":6,"column":8},"end":{"line":6,"column":9}},"loc":{"start":{"line":6,"column":33},"end":{"line":11,"column":9}},"line":6}},"branchMap":{},"s":{"0":6,"1":6,"2":6,"3":6,"4":6,"5":6,"6":6},"f":{"0":6,"1":6},"b":{},"_coverageSchema":"1a1c01bbd47fc00a2c39e90264f33305004495a9","hash":"6a9373e9b3fe758b0aa0c8e872147ddf30e7f374"}
,"D:\\microserviceseminar\\SQA-03-NHOM03\\ecomAPI\\src\\models\\modelrun.js": {"path":"D:\\microserviceseminar\\SQA-03-NHOM03\\ecomAPI\\src\\models\\modelrun.js","statementMap":{"0":{"start":{"line":2,"column":0},"end":{"line":19,"column":2}},"1":{"start":{"line":3,"column":19},"end":{"line":14,"column":4}},"2":{"start":{"line":15,"column":2},"end":{"line":17,"column":4}},"3":{"start":{"line":16,"column":4},"end":{"line":16,"column":74}},"4":{"start":{"line":18,"column":2},"end":{"line":18,"column":18}}},"fnMap":{"0":{"name":"(anonymous_0)","decl":{"start":{"line":2,"column":17},"end":{"line":2,"column":18}},"loc":{"start":{"line":2,"column":43},"end":{"line":19,"column":1}},"line":2},"1":{"name":"(anonymous_1)","decl":{"start":{"line":15,"column":23},"end":{"line":15,"column":24}},"loc":{"start":{"line":15,"column":40},"end":{"line":17,"column":3}},"line":15}},"branchMap":{},"s":{"0":6,"1":6,"2":6,"3":6,"4":6},"f":{"0":6,"1":6},"b":{},"_coverageSchema":"1a1c01bbd47fc00a2c39e90264f33305004495a9","hash":"4ef9634ce0a73ff61cdc416df22284638b5721cf"}
,"D:\\microserviceseminar\\SQA-03-NHOM03\\ecomAPI\\src\\models\\orderdetail.js": {"path":"D:\\microserviceseminar\\SQA-03-NHOM03\\ecomAPI\\src\\models\\orderdetail.js","statementMap":{"0":{"start":{"line":4,"column":4},"end":{"line":4,"column":24}},"1":{"start":{"line":5,"column":0},"end":{"line":26,"column":2}},"2":{"start":{"line":16,"column":4},"end":{"line":24,"column":7}},"3":{"start":{"line":25,"column":4},"end":{"line":25,"column":23}}},"fnMap":{"0":{"name":"(anonymous_0)","decl":{"start":{"line":5,"column":17},"end":{"line":5,"column":18}},"loc":{"start":{"line":5,"column":43},"end":{"line":26,"column":1}},"line":5},"1":{"name":"(anonymous_1)","decl":{"start":{"line":12,"column":8},"end":{"line":12,"column":9}},"loc":{"start":{"line":12,"column":33},"end":{"line":14,"column":9}},"line":12}},"branchMap":{},"s":{"0":6,"1":6,"2":6,"3":6},"f":{"0":6,"1":6},"b":{},"_coverageSchema":"1a1c01bbd47fc00a2c39e90264f33305004495a9","hash":"eaa2c155003af7a83595d23225d0d0a4a5d6c17e"}
,"D:\\microserviceseminar\\SQA-03-NHOM03\\ecomAPI\\src\\models\\orderproduct.js": {"path":"D:\\microserviceseminar\\SQA-03-NHOM03\\ecomAPI\\src\\models\\orderproduct.js","statementMap":{"0":{"start":{"line":4,"column":4},"end":{"line":4,"column":24}},"1":{"start":{"line":5,"column":0},"end":{"line":33,"column":2}},"2":{"start":{"line":13,"column":12},"end":{"line":13,"column":118}},"3":{"start":{"line":14,"column":12},"end":{"line":14,"column":115}},"4":{"start":{"line":15,"column":12},"end":{"line":15,"column":120}},"5":{"start":{"line":18,"column":4},"end":{"line":31,"column":7}},"6":{"start":{"line":32,"column":4},"end":{"line":32,"column":24}}},"fnMap":{"0":{"name":"(anonymous_0)","decl":{"start":{"line":5,"column":17},"end":{"line":5,"column":18}},"loc":{"start":{"line":5,"column":43},"end":{"line":33,"column":1}},"line":5},"1":{"name":"(anonymous_1)","decl":{"start":{"line":12,"column":8},"end":{"line":12,"column":9}},"loc":{"start":{"line":12,"column":33},"end":{"line":16,"column":9}},"line":12}},"branchMap":{},"s":{"0":6,"1":6,"2":6,"3":6,"4":6,"5":6,"6":6},"f":{"0":6,"1":6},"b":{},"_coverageSchema":"1a1c01bbd47fc00a2c39e90264f33305004495a9","hash":"d5ee6a3290c419831ba29e5ad4b687e83622d84e"}
,"D:\\microserviceseminar\\SQA-03-NHOM03\\ecomAPI\\src\\models\\product.js": {"path":"D:\\microserviceseminar\\SQA-03-NHOM03\\ecomAPI\\src\\models\\product.js","statementMap":{"0":{"start":{"line":5,"column":4},"end":{"line":5,"column":24}},"1":{"start":{"line":6,"column":0},"end":{"line":32,"column":2}},"2":{"start":{"line":10,"column":12},"end":{"line":10,"column":114}},"3":{"start":{"line":11,"column":12},"end":{"line":11,"column":108}},"4":{"start":{"line":12,"column":12},"end":{"line":12,"column":110}},"5":{"start":{"line":13,"column":12},"end":{"line":13,"column":103}},"6":{"start":{"line":16,"column":4},"end":{"line":30,"column":7}},"7":{"start":{"line":31,"column":4},"end":{"line":31,"column":19}}},"fnMap":{"0":{"name":"(anonymous_0)","decl":{"start":{"line":6,"column":17},"end":{"line":6,"column":18}},"loc":{"start":{"line":6,"column":43},"end":{"line":32,"column":1}},"line":6},"1":{"name":"(anonymous_1)","decl":{"start":{"line":9,"column":8},"end":{"line":9,"column":9}},"loc":{"start":{"line":9,"column":33},"end":{"line":14,"column":9}},"line":9}},"branchMap":{},"s":{"0":6,"1":6,"2":6,"3":6,"4":6,"5":6,"6":6,"7":6},"f":{"0":6,"1":6},"b":{},"_coverageSchema":"1a1c01bbd47fc00a2c39e90264f33305004495a9","hash":"b62e3679bd7841277a311fb39c6a3a0805973a40"}
,"D:\\microserviceseminar\\SQA-03-NHOM03\\ecomAPI\\src\\models\\productDetailSize.js": {"path":"D:\\microserviceseminar\\SQA-03-NHOM03\\ecomAPI\\src\\models\\productDetailSize.js","statementMap":{"0":{"start":{"line":5,"column":4},"end":{"line":5,"column":24}},"1":{"start":{"line":6,"column":0},"end":{"line":24,"column":2}},"2":{"start":{"line":9,"column":12},"end":{"line":9,"column":116}},"3":{"start":{"line":12,"column":4},"end":{"line":22,"column":7}},"4":{"start":{"line":23,"column":4},"end":{"line":23,"column":29}}},"fnMap":{"0":{"name":"(anonymous_0)","decl":{"start":{"line":6,"column":17},"end":{"line":6,"column":18}},"loc":{"start":{"line":6,"column":43},"end":{"line":24,"column":1}},"line":6},"1":{"name":"(anonymous_1)","decl":{"start":{"line":8,"column":8},"end":{"line":8,"column":9}},"loc":{"start":{"line":8,"column":33},"end":{"line":10,"column":9}},"line":8}},"branchMap":{},"s":{"0":6,"1":6,"2":6,"3":6,"4":6},"f":{"0":6,"1":6},"b":{},"_coverageSchema":"1a1c01bbd47fc00a2c39e90264f33305004495a9","hash":"9cfc354d73838df84a94dce339af4a2adca4c32e"}
,"D:\\microserviceseminar\\SQA-03-NHOM03\\ecomAPI\\src\\models\\recommendation.js": {"path":"D:\\microserviceseminar\\SQA-03-NHOM03\\ecomAPI\\src\\models\\recommendation.js","statementMap":{"0":{"start":{"line":2,"column":0},"end":{"line":21,"column":2}},"1":{"start":{"line":3,"column":25},"end":{"line":15,"column":4}},"2":{"start":{"line":16,"column":2},"end":{"line":19,"column":4}},"3":{"start":{"line":17,"column":4},"end":{"line":17,"column":80}},"4":{"start":{"line":18,"column":4},"end":{"line":18,"column":89}},"5":{"start":{"line":20,"column":2},"end":{"line":20,"column":24}}},"fnMap":{"0":{"name":"(anonymous_0)","decl":{"start":{"line":2,"column":17},"end":{"line":2,"column":18}},"loc":{"start":{"line":2,"column":43},"end":{"line":21,"column":1}},"line":2},"1":{"name":"(anonymous_1)","decl":{"start":{"line":16,"column":29},"end":{"line":16,"column":30}},"loc":{"start":{"line":16,"column":46},"end":{"line":19,"column":3}},"line":16}},"branchMap":{},"s":{"0":6,"1":6,"2":6,"3":6,"4":6,"5":6},"f":{"0":6,"1":6},"b":{},"_coverageSchema":"1a1c01bbd47fc00a2c39e90264f33305004495a9","hash":"1bda61a1e1e01ee00d7169c20adc1dd548dcadaf"}
,"D:\\microserviceseminar\\SQA-03-NHOM03\\ecomAPI\\src\\models\\shopcart.js": {"path":"D:\\microserviceseminar\\SQA-03-NHOM03\\ecomAPI\\src\\models\\shopcart.js","statementMap":{"0":{"start":{"line":4,"column":4},"end":{"line":4,"column":24}},"1":{"start":{"line":5,"column":0},"end":{"line":26,"column":2}},"2":{"start":{"line":16,"column":4},"end":{"line":24,"column":7}},"3":{"start":{"line":25,"column":4},"end":{"line":25,"column":20}}},"fnMap":{"0":{"name":"(anonymous_0)","decl":{"start":{"line":5,"column":17},"end":{"line":5,"column":18}},"loc":{"start":{"line":5,"column":43},"end":{"line":26,"column":1}},"line":5},"1":{"name":"(anonymous_1)","decl":{"start":{"line":12,"column":8},"end":{"line":12,"column":9}},"loc":{"start":{"line":12,"column":33},"end":{"line":14,"column":9}},"line":12}},"branchMap":{},"s":{"0":6,"1":6,"2":6,"3":6},"f":{"0":6,"1":6},"b":{},"_coverageSchema":"1a1c01bbd47fc00a2c39e90264f33305004495a9","hash":"34216a9a0912ce15fadd48d551c595a74f4280e8"}
,"D:\\microserviceseminar\\SQA-03-NHOM03\\ecomAPI\\src\\models\\typeship.js": {"path":"D:\\microserviceseminar\\SQA-03-NHOM03\\ecomAPI\\src\\models\\typeship.js","statementMap":{"0":{"start":{"line":4,"column":4},"end":{"line":4,"column":24}},"1":{"start":{"line":5,"column":0},"end":{"line":20,"column":2}},"2":{"start":{"line":9,"column":12},"end":{"line":9,"column":99}},"3":{"start":{"line":12,"column":4},"end":{"line":18,"column":7}},"4":{"start":{"line":19,"column":4},"end":{"line":19,"column":20}}},"fnMap":{"0":{"name":"(anonymous_0)","decl":{"start":{"line":5,"column":17},"end":{"line":5,"column":18}},"loc":{"start":{"line":5,"column":43},"end":{"line":20,"column":1}},"line":5},"1":{"name":"(anonymous_1)","decl":{"start":{"line":8,"column":8},"end":{"line":8,"column":9}},"loc":{"start":{"line":8,"column":33},"end":{"line":10,"column":9}},"line":8}},"branchMap":{},"s":{"0":6,"1":6,"2":6,"3":6,"4":6},"f":{"0":6,"1":6},"b":{},"_coverageSchema":"1a1c01bbd47fc00a2c39e90264f33305004495a9","hash":"d3766eef6bc2d5f1c79918089dd8a5de7bf45425"}
,"D:\\microserviceseminar\\SQA-03-NHOM03\\ecomAPI\\src\\models\\typevoucher.js": {"path":"D:\\microserviceseminar\\SQA-03-NHOM03\\ecomAPI\\src\\models\\typevoucher.js","statementMap":{"0":{"start":{"line":4,"column":4},"end":{"line":4,"column":24}},"1":{"start":{"line":5,"column":0},"end":{"line":27,"column":2}},"2":{"start":{"line":13,"column":12},"end":{"line":13,"column":122}},"3":{"start":{"line":14,"column":12},"end":{"line":14,"column":112}},"4":{"start":{"line":17,"column":4},"end":{"line":25,"column":7}},"5":{"start":{"line":26,"column":4},"end":{"line":26,"column":23}}},"fnMap":{"0":{"name":"(anonymous_0)","decl":{"start":{"line":5,"column":17},"end":{"line":5,"column":18}},"loc":{"start":{"line":5,"column":43},"end":{"line":27,"column":1}},"line":5},"1":{"name":"(anonymous_1)","decl":{"start":{"line":12,"column":8},"end":{"line":12,"column":9}},"loc":{"start":{"line":12,"column":33},"end":{"line":15,"column":9}},"line":12}},"branchMap":{},"s":{"0":6,"1":6,"2":6,"3":6,"4":6,"5":6},"f":{"0":6,"1":6},"b":{},"_coverageSchema":"1a1c01bbd47fc00a2c39e90264f33305004495a9","hash":"d5c2027d4460f6cc3bd9eeece77fdcf0a4a252cc"}
,"D:\\microserviceseminar\\SQA-03-NHOM03\\ecomAPI\\src\\models\\user.js": {"path":"D:\\microserviceseminar\\SQA-03-NHOM03\\ecomAPI\\src\\models\\user.js","statementMap":{"0":{"start":{"line":2,"column":18},"end":{"line":2,"column":38}},"1":{"start":{"line":3,"column":0},"end":{"line":29,"column":2}},"2":{"start":{"line":6,"column":12},"end":{"line":6,"column":107}},"3":{"start":{"line":7,"column":12},"end":{"line":7,"column":103}},"4":{"start":{"line":10,"column":4},"end":{"line":27,"column":7}},"5":{"start":{"line":28,"column":4},"end":{"line":28,"column":16}}},"fnMap":{"0":{"name":"(anonymous_0)","decl":{"start":{"line":3,"column":17},"end":{"line":3,"column":18}},"loc":{"start":{"line":3,"column":43},"end":{"line":29,"column":1}},"line":3},"1":{"name":"(anonymous_1)","decl":{"start":{"line":5,"column":8},"end":{"line":5,"column":9}},"loc":{"start":{"line":5,"column":33},"end":{"line":8,"column":9}},"line":5}},"branchMap":{},"s":{"0":6,"1":6,"2":6,"3":6,"4":6,"5":6},"f":{"0":6,"1":6},"b":{},"_coverageSchema":"1a1c01bbd47fc00a2c39e90264f33305004495a9","hash":"2c1dc452ded59378910048e1cddc074b99a256fb"}
,"D:\\microserviceseminar\\SQA-03-NHOM03\\ecomAPI\\src\\models\\voucher.js": {"path":"D:\\microserviceseminar\\SQA-03-NHOM03\\ecomAPI\\src\\models\\voucher.js","statementMap":{"0":{"start":{"line":4,"column":4},"end":{"line":4,"column":24}},"1":{"start":{"line":5,"column":0},"end":{"line":28,"column":2}},"2":{"start":{"line":13,"column":12},"end":{"line":13,"column":131}},"3":{"start":{"line":14,"column":12},"end":{"line":14,"column":96}},"4":{"start":{"line":17,"column":4},"end":{"line":26,"column":7}},"5":{"start":{"line":27,"column":4},"end":{"line":27,"column":19}}},"fnMap":{"0":{"name":"(anonymous_0)","decl":{"start":{"line":5,"column":17},"end":{"line":5,"column":18}},"loc":{"start":{"line":5,"column":43},"end":{"line":28,"column":1}},"line":5},"1":{"name":"(anonymous_1)","decl":{"start":{"line":12,"column":8},"end":{"line":12,"column":9}},"loc":{"start":{"line":12,"column":33},"end":{"line":15,"column":9}},"line":12}},"branchMap":{},"s":{"0":6,"1":6,"2":6,"3":6,"4":6,"5":6},"f":{"0":6,"1":6},"b":{},"_coverageSchema":"1a1c01bbd47fc00a2c39e90264f33305004495a9","hash":"7fdd77ec32c2ef6eaf53919e6ce8943fa40e1bc3"}
,"D:\\microserviceseminar\\SQA-03-NHOM03\\ecomAPI\\src\\models\\voucherused.js": {"path":"D:\\microserviceseminar\\SQA-03-NHOM03\\ecomAPI\\src\\models\\voucherused.js","statementMap":{"0":{"start":{"line":4,"column":4},"end":{"line":4,"column":24}},"1":{"start":{"line":5,"column":0},"end":{"line":23,"column":2}},"2":{"start":{"line":14,"column":4},"end":{"line":21,"column":7}},"3":{"start":{"line":22,"column":4},"end":{"line":22,"column":23}}},"fnMap":{"0":{"name":"(anonymous_0)","decl":{"start":{"line":5,"column":17},"end":{"line":5,"column":18}},"loc":{"start":{"line":5,"column":43},"end":{"line":23,"column":1}},"line":5},"1":{"name":"(anonymous_1)","decl":{"start":{"line":8,"column":8},"end":{"line":8,"column":9}},"loc":{"start":{"line":8,"column":33},"end":{"line":10,"column":9}},"line":8}},"branchMap":{},"s":{"0":6,"1":6,"2":6,"3":6},"f":{"0":6,"1":6},"b":{},"_coverageSchema":"1a1c01bbd47fc00a2c39e90264f33305004495a9","hash":"bbee9dded806b809244709e76a615b0ced6e26fd"}
,"D:\\microserviceseminar\\SQA-03-NHOM03\\ecomAPI\\src\\services\\blogService.js": {"path":"D:\\microserviceseminar\\SQA-03-NHOM03\\ecomAPI\\src\\services\\blogService.js","statementMap":{"0":{"start":{"line":2,"column":0},"end":{"line":2,"column":27}},"1":{"start":{"line":3,"column":15},"end":{"line":3,"column":35}},"2":{"start":{"line":4,"column":20},"end":{"line":33,"column":1}},"3":{"start":{"line":5,"column":4},"end":{"line":32,"column":6}},"4":{"start":{"line":6,"column":8},"end":{"line":31,"column":9}},"5":{"start":{"line":7,"column":12},"end":{"line":28,"column":13}},"6":{"start":{"line":8,"column":16},"end":{"line":11,"column":18}},"7":{"start":{"line":13,"column":16},"end":{"line":23,"column":18}},"8":{"start":{"line":24,"column":16},"end":{"line":27,"column":18}},"9":{"start":{"line":30,"column":12},"end":{"line":30,"column":25}},"10":{"start":{"line":34,"column":24},"end":{"line":72,"column":1}},"11":{"start":{"line":35,"column":4},"end":{"line":71,"column":6}},"12":{"start":{"line":36,"column":8},"end":{"line":70,"column":9}},"13":{"start":{"line":37,"column":12},"end":{"line":67,"column":13}},"14":{"start":{"line":38,"column":16},"end":{"line":41,"column":18}},"15":{"start":{"line":43,"column":27},"end":{"line":46,"column":18}},"16":{"start":{"line":47,"column":16},"end":{"line":47,"column":41}},"17":{"start":{"line":48,"column":16},"end":{"line":48,"column":33}},"18":{"start":{"line":49,"column":26},"end":{"line":57,"column":18}},"19":{"start":{"line":58,"column":16},"end":{"line":58,"column":77}},"20":{"start":{"line":60,"column":16},"end":{"line":62,"column":17}},"21":{"start":{"line":61,"column":20},"end":{"line":61,"column":83}},"22":{"start":{"line":63,"column":16},"end":{"line":66,"column":18}},"23":{"start":{"line":69,"column":12},"end":{"line":69,"column":25}},"24":{"start":{"line":73,"column":17},"end":{"line":116,"column":1}},"25":{"start":{"line":74,"column":4},"end":{"line":115,"column":6}},"26":{"start":{"line":75,"column":8},"end":{"line":114,"column":9}},"27":{"start":{"line":76,"column":31},"end":{"line":84,"column":13}},"28":{"start":{"line":85,"column":12},"end":{"line":88,"column":13}},"29":{"start":{"line":86,"column":16},"end":{"line":86,"column":48}},"30":{"start":{"line":87,"column":16},"end":{"line":87,"column":50}},"31":{"start":{"line":89,"column":12},"end":{"line":92,"column":13}},"32":{"start":{"line":91,"column":16},"end":{"line":91,"column":87}},"33":{"start":{"line":93,"column":12},"end":{"line":93,"column":121}},"34":{"start":{"line":93,"column":35},"end":{"line":93,"column":121}},"35":{"start":{"line":94,"column":22},"end":{"line":94,"column":65}},"36":{"start":{"line":95,"column":12},"end":{"line":102,"column":13}},"37":{"start":{"line":96,"column":16},"end":{"line":100,"column":17}},"38":{"start":{"line":96,"column":26},"end":{"line":96,"column":27}},"39":{"start":{"line":97,"column":20},"end":{"line":97,"column":98}},"40":{"start":{"line":98,"column":20},"end":{"line":98,"column":98}},"41":{"start":{"line":99,"column":20},"end":{"line":99,"column":104}},"42":{"start":{"line":104,"column":12},"end":{"line":108,"column":14}},"43":{"start":{"line":113,"column":12},"end":{"line":113,"column":25}},"44":{"start":{"line":117,"column":17},"end":{"line":150,"column":1}},"45":{"start":{"line":118,"column":4},"end":{"line":149,"column":6}},"46":{"start":{"line":119,"column":8},"end":{"line":148,"column":9}},"47":{"start":{"line":120,"column":12},"end":{"line":144,"column":13}},"48":{"start":{"line":121,"column":16},"end":{"line":124,"column":18}},"49":{"start":{"line":126,"column":27},"end":{"line":129,"column":18}},"50":{"start":{"line":130,"column":16},"end":{"line":143,"column":17}},"51":{"start":{"line":131,"column":20},"end":{"line":131,"column":44}},"52":{"start":{"line":132,"column":20},"end":{"line":132,"column":64}},"53":{"start":{"line":133,"column":20},"end":{"line":133,"column":56}},"54":{"start":{"line":134,"column":20},"end":{"line":134,"column":44}},"55":{"start":{"line":135,"column":20},"end":{"line":135,"column":51}},"56":{"start":{"line":136,"column":20},"end":{"line":136,"column":65}},"57":{"start":{"line":138,"column":20},"end":{"line":138,"column":37}},"58":{"start":{"line":139,"column":20},"end":{"line":142,"column":22}},"59":{"start":{"line":147,"column":12},"end":{"line":147,"column":25}},"60":{"start":{"line":151,"column":17},"end":{"line":178,"column":1}},"61":{"start":{"line":152,"column":4},"end":{"line":177,"column":6}},"62":{"start":{"line":153,"column":8},"end":{"line":176,"column":9}},"63":{"start":{"line":154,"column":12},"end":{"line":172,"column":13}},"64":{"start":{"line":155,"column":16},"end":{"line":158,"column":18}},"65":{"start":{"line":160,"column":27},"end":{"line":162,"column":18}},"66":{"start":{"line":163,"column":16},"end":{"line":171,"column":17}},"67":{"start":{"line":164,"column":20},"end":{"line":166,"column":22}},"68":{"start":{"line":167,"column":20},"end":{"line":170,"column":22}},"69":{"start":{"line":175,"column":12},"end":{"line":175,"column":25}},"70":{"start":{"line":179,"column":21},"end":{"line":215,"column":1}},"71":{"start":{"line":180,"column":4},"end":{"line":214,"column":6}},"72":{"start":{"line":181,"column":8},"end":{"line":213,"column":9}},"73":{"start":{"line":183,"column":22},"end":{"line":193,"column":14}},"74":{"start":{"line":194,"column":12},"end":{"line":201,"column":13}},"75":{"start":{"line":195,"column":16},"end":{"line":199,"column":17}},"76":{"start":{"line":195,"column":26},"end":{"line":195,"column":27}},"77":{"start":{"line":196,"column":20},"end":{"line":196,"column":88}},"78":{"start":{"line":197,"column":20},"end":{"line":197,"column":88}},"79":{"start":{"line":198,"column":20},"end":{"line":198,"column":94}},"80":{"start":{"line":203,"column":12},"end":{"line":207,"column":14}},"81":{"start":{"line":212,"column":12},"end":{"line":212,"column":25}},"82":{"start":{"line":216,"column":17},"end":{"line":252,"column":1}},"83":{"start":{"line":217,"column":4},"end":{"line":251,"column":6}},"84":{"start":{"line":218,"column":8},"end":{"line":250,"column":9}},"85":{"start":{"line":220,"column":22},"end":{"line":230,"column":14}},"86":{"start":{"line":231,"column":12},"end":{"line":238,"column":13}},"87":{"start":{"line":232,"column":16},"end":{"line":236,"column":17}},"88":{"start":{"line":232,"column":26},"end":{"line":232,"column":27}},"89":{"start":{"line":233,"column":20},"end":{"line":233,"column":88}},"90":{"start":{"line":234,"column":20},"end":{"line":234,"column":88}},"91":{"start":{"line":235,"column":20},"end":{"line":235,"column":94}},"92":{"start":{"line":240,"column":12},"end":{"line":244,"column":14}},"93":{"start":{"line":249,"column":12},"end":{"line":249,"column":25}},"94":{"start":{"line":253,"column":0},"end":{"line":261,"column":1}}},"fnMap":{"0":{"name":"(anonymous_0)","decl":{"start":{"line":4,"column":20},"end":{"line":4,"column":21}},"loc":{"start":{"line":4,"column":30},"end":{"line":33,"column":1}},"line":4},"1":{"name":"(anonymous_1)","decl":{"start":{"line":5,"column":23},"end":{"line":5,"column":24}},"loc":{"start":{"line":5,"column":50},"end":{"line":32,"column":5}},"line":5},"2":{"name":"(anonymous_2)","decl":{"start":{"line":34,"column":24},"end":{"line":34,"column":25}},"loc":{"start":{"line":34,"column":32},"end":{"line":72,"column":1}},"line":34},"3":{"name":"(anonymous_3)","decl":{"start":{"line":35,"column":23},"end":{"line":35,"column":24}},"loc":{"start":{"line":35,"column":50},"end":{"line":71,"column":5}},"line":35},"4":{"name":"(anonymous_4)","decl":{"start":{"line":73,"column":17},"end":{"line":73,"column":18}},"loc":{"start":{"line":73,"column":27},"end":{"line":116,"column":1}},"line":73},"5":{"name":"(anonymous_5)","decl":{"start":{"line":74,"column":23},"end":{"line":74,"column":24}},"loc":{"start":{"line":74,"column":50},"end":{"line":115,"column":5}},"line":74},"6":{"name":"(anonymous_6)","decl":{"start":{"line":117,"column":17},"end":{"line":117,"column":18}},"loc":{"start":{"line":117,"column":27},"end":{"line":150,"column":1}},"line":117},"7":{"name":"(anonymous_7)","decl":{"start":{"line":118,"column":23},"end":{"line":118,"column":24}},"loc":{"start":{"line":118,"column":50},"end":{"line":149,"column":5}},"line":118},"8":{"name":"(anonymous_8)","decl":{"start":{"line":151,"column":17},"end":{"line":151,"column":18}},"loc":{"start":{"line":151,"column":27},"end":{"line":178,"column":1}},"line":151},"9":{"name":"(anonymous_9)","decl":{"start":{"line":152,"column":23},"end":{"line":152,"column":24}},"loc":{"start":{"line":152,"column":50},"end":{"line":177,"column":5}},"line":152},"10":{"name":"(anonymous_10)","decl":{"start":{"line":179,"column":21},"end":{"line":179,"column":22}},"loc":{"start":{"line":179,"column":31},"end":{"line":215,"column":1}},"line":179},"11":{"name":"(anonymous_11)","decl":{"start":{"line":180,"column":23},"end":{"line":180,"column":24}},"loc":{"start":{"line":180,"column":50},"end":{"line":214,"column":5}},"line":180},"12":{"name":"(anonymous_12)","decl":{"start":{"line":216,"column":17},"end":{"line":216,"column":18}},"loc":{"start":{"line":216,"column":27},"end":{"line":252,"column":1}},"line":216},"13":{"name":"(anonymous_13)","decl":{"start":{"line":217,"column":23},"end":{"line":217,"column":24}},"loc":{"start":{"line":217,"column":50},"end":{"line":251,"column":5}},"line":217}},"branchMap":{"0":{"loc":{"start":{"line":7,"column":12},"end":{"line":28,"column":13}},"type":"if","locations":[{"start":{"line":7,"column":12},"end":{"line":28,"column":13}},{"start":{"line":12,"column":19},"end":{"line":28,"column":13}}],"line":7},"1":{"loc":{"start":{"line":7,"column":16},"end":{"line":7,"column":123}},"type":"binary-expr","locations":[{"start":{"line":7,"column":16},"end":{"line":7,"column":27}},{"start":{"line":7,"column":31},"end":{"line":7,"column":52}},{"start":{"line":7,"column":56},"end":{"line":7,"column":73}},{"start":{"line":7,"column":77},"end":{"line":7,"column":88}},{"start":{"line":7,"column":92},"end":{"line":7,"column":107}},{"start":{"line":7,"column":111},"end":{"line":7,"column":123}}],"line":7},"2":{"loc":{"start":{"line":37,"column":12},"end":{"line":67,"column":13}},"type":"if","locations":[{"start":{"line":37,"column":12},"end":{"line":67,"column":13}},{"start":{"line":42,"column":19},"end":{"line":67,"column":13}}],"line":37},"3":{"loc":{"start":{"line":60,"column":16},"end":{"line":62,"column":17}},"type":"if","locations":[{"start":{"line":60,"column":16},"end":{"line":62,"column":17}},{"start":{},"end":{}}],"line":60},"4":{"loc":{"start":{"line":60,"column":20},"end":{"line":60,"column":36}},"type":"binary-expr","locations":[{"start":{"line":60,"column":20},"end":{"line":60,"column":23}},{"start":{"line":60,"column":27},"end":{"line":60,"column":36}}],"line":60},"5":{"loc":{"start":{"line":85,"column":12},"end":{"line":88,"column":13}},"type":"if","locations":[{"start":{"line":85,"column":12},"end":{"line":88,"column":13}},{"start":{},"end":{}}],"line":85},"6":{"loc":{"start":{"line":85,"column":16},"end":{"line":85,"column":41}},"type":"binary-expr","locations":[{"start":{"line":85,"column":16},"end":{"line":85,"column":26}},{"start":{"line":85,"column":30},"end":{"line":85,"column":41}}],"line":85},"7":{"loc":{"start":{"line":89,"column":12},"end":{"line":92,"column":13}},"type":"if","locations":[{"start":{"line":89,"column":12},"end":{"line":92,"column":13}},{"start":{},"end":{}}],"line":89},"8":{"loc":{"start":{"line":89,"column":15},"end":{"line":89,"column":54}},"type":"binary-expr","locations":[{"start":{"line":89,"column":15},"end":{"line":89,"column":29}},{"start":{"line":89,"column":33},"end":{"line":89,"column":54}}],"line":89},"9":{"loc":{"start":{"line":93,"column":12},"end":{"line":93,"column":121}},"type":"if","locations":[{"start":{"line":93,"column":12},"end":{"line":93,"column":121}},{"start":{},"end":{}}],"line":93},"10":{"loc":{"start":{"line":95,"column":12},"end":{"line":102,"column":13}},"type":"if","locations":[{"start":{"line":95,"column":12},"end":{"line":102,"column":13}},{"start":{},"end":{}}],"line":95},"11":{"loc":{"start":{"line":95,"column":16},"end":{"line":95,"column":47}},"type":"binary-expr","locations":[{"start":{"line":95,"column":16},"end":{"line":95,"column":24}},{"start":{"line":95,"column":28},"end":{"line":95,"column":47}}],"line":95},"12":{"loc":{"start":{"line":120,"column":12},"end":{"line":144,"column":13}},"type":"if","locations":[{"start":{"line":120,"column":12},"end":{"line":144,"column":13}},{"start":{"line":125,"column":19},"end":{"line":144,"column":13}}],"line":120},"13":{"loc":{"start":{"line":120,"column":16},"end":{"line":120,"column":119}},"type":"binary-expr","locations":[{"start":{"line":120,"column":16},"end":{"line":120,"column":24}},{"start":{"line":120,"column":28},"end":{"line":120,"column":39}},{"start":{"line":120,"column":43},"end":{"line":120,"column":64}},{"start":{"line":120,"column":68},"end":{"line":120,"column":85}},{"start":{"line":120,"column":89},"end":{"line":120,"column":100}},{"start":{"line":120,"column":104},"end":{"line":120,"column":119}}],"line":120},"14":{"loc":{"start":{"line":130,"column":16},"end":{"line":143,"column":17}},"type":"if","locations":[{"start":{"line":130,"column":16},"end":{"line":143,"column":17}},{"start":{},"end":{}}],"line":130},"15":{"loc":{"start":{"line":154,"column":12},"end":{"line":172,"column":13}},"type":"if","locations":[{"start":{"line":154,"column":12},"end":{"line":172,"column":13}},{"start":{"line":159,"column":19},"end":{"line":172,"column":13}}],"line":154},"16":{"loc":{"start":{"line":163,"column":16},"end":{"line":171,"column":17}},"type":"if","locations":[{"start":{"line":163,"column":16},"end":{"line":171,"column":17}},{"start":{},"end":{}}],"line":163},"17":{"loc":{"start":{"line":194,"column":12},"end":{"line":201,"column":13}},"type":"if","locations":[{"start":{"line":194,"column":12},"end":{"line":201,"column":13}},{"start":{},"end":{}}],"line":194},"18":{"loc":{"start":{"line":194,"column":16},"end":{"line":194,"column":37}},"type":"binary-expr","locations":[{"start":{"line":194,"column":16},"end":{"line":194,"column":19}},{"start":{"line":194,"column":23},"end":{"line":194,"column":37}}],"line":194},"19":{"loc":{"start":{"line":231,"column":12},"end":{"line":238,"column":13}},"type":"if","locations":[{"start":{"line":231,"column":12},"end":{"line":238,"column":13}},{"start":{},"end":{}}],"line":231},"20":{"loc":{"start":{"line":231,"column":16},"end":{"line":231,"column":37}},"type":"binary-expr","locations":[{"start":{"line":231,"column":16},"end":{"line":231,"column":19}},{"start":{"line":231,"column":23},"end":{"line":231,"column":37}}],"line":231}},"s":{"0":1,"1":1,"2":1,"3":0,"4":0,"5":0,"6":0,"7":0,"8":0,"9":0,"10":1,"11":0,"12":0,"13":0,"14":0,"15":0,"16":0,"17":0,"18":0,"19":0,"20":0,"21":0,"22":0,"23":0,"24":1,"25":0,"26":0,"27":0,"28":0,"29":0,"30":0,"31":0,"32":0,"33":0,"34":0,"35":0,"36":0,"37":0,"38":0,"39":0,"40":0,"41":0,"42":0,"43":0,"44":1,"45":0,"46":0,"47":0,"48":0,"49":0,"50":0,"51":0,"52":0,"53":0,"54":0,"55":0,"56":0,"57":0,"58":0,"59":0,"60":1,"61":0,"62":0,"63":0,"64":0,"65":0,"66":0,"67":0,"68":0,"69":0,"70":1,"71":0,"72":0,"73":0,"74":0,"75":0,"76":0,"77":0,"78":0,"79":0,"80":0,"81":0,"82":1,"83":0,"84":0,"85":0,"86":0,"87":0,"88":0,"89":0,"90":0,"91":0,"92":0,"93":0,"94":1},"f":{"0":0,"1":0,"2":0,"3":0,"4":0,"5":0,"6":0,"7":0,"8":0,"9":0,"10":0,"11":0,"12":0,"13":0},"b":{"0":[0,0],"1":[0,0,0,0,0,0],"2":[0,0],"3":[0,0],"4":[0,0],"5":[0,0],"6":[0,0],"7":[0,0],"8":[0,0],"9":[0,0],"10":[0,0],"11":[0,0],"12":[0,0],"13":[0,0,0,0,0,0],"14":[0,0],"15":[0,0],"16":[0,0],"17":[0,0],"18":[0,0],"19":[0,0],"20":[0,0]},"_coverageSchema":"1a1c01bbd47fc00a2c39e90264f33305004495a9","hash":"89ae9de6cae140fbf072c394501ce64823e54385"}
,"D:\\microserviceseminar\\SQA-03-NHOM03\\ecomAPI\\src\\services\\commentService.js": {"path":"D:\\microserviceseminar\\SQA-03-NHOM03\\ecomAPI\\src\\services\\commentService.js","statementMap":{"0":{"start":{"line":2,"column":0},"end":{"line":2,"column":27}},"1":{"start":{"line":8,"column":22},"end":{"line":35,"column":1}},"2":{"start":{"line":9,"column":4},"end":{"line":34,"column":7}},"3":{"start":{"line":10,"column":8},"end":{"line":33,"column":9}},"4":{"start":{"line":11,"column":12},"end":{"line":16,"column":13}},"5":{"start":{"line":12,"column":16},"end":{"line":15,"column":19}},"6":{"start":{"line":18,"column":12},"end":{"line":24,"column":15}},"7":{"start":{"line":26,"column":12},"end":{"line":29,"column":15}},"8":{"start":{"line":31,"column":12},"end":{"line":31,"column":57}},"9":{"start":{"line":32,"column":12},"end":{"line":32,"column":33}},"10":{"start":{"line":37,"column":30},"end":{"line":94,"column":1}},"11":{"start":{"line":38,"column":4},"end":{"line":93,"column":7}},"12":{"start":{"line":39,"column":8},"end":{"line":92,"column":9}},"13":{"start":{"line":40,"column":12},"end":{"line":45,"column":13}},"14":{"start":{"line":41,"column":16},"end":{"line":44,"column":19}},"15":{"start":{"line":47,"column":22},"end":{"line":50,"column":14}},"16":{"start":{"line":52,"column":12},"end":{"line":83,"column":13}},"17":{"start":{"line":53,"column":16},"end":{"line":82,"column":17}},"18":{"start":{"line":53,"column":29},"end":{"line":53,"column":30}},"19":{"start":{"line":55,"column":20},"end":{"line":57,"column":29}},"20":{"start":{"line":60,"column":20},"end":{"line":63,"column":23}},"21":{"start":{"line":66,"column":31},"end":{"line":72,"column":22}},"22":{"start":{"line":74,"column":20},"end":{"line":81,"column":21}},"23":{"start":{"line":75,"column":24},"end":{"line":77,"column":33}},"24":{"start":{"line":78,"column":24},"end":{"line":78,"column":43}},"25":{"start":{"line":80,"column":24},"end":{"line":80,"column":43}},"26":{"start":{"line":85,"column":12},"end":{"line":88,"column":15}},"27":{"start":{"line":90,"column":12},"end":{"line":90,"column":65}},"28":{"start":{"line":91,"column":12},"end":{"line":91,"column":33}},"29":{"start":{"line":96,"column":18},"end":{"line":122,"column":1}},"30":{"start":{"line":97,"column":4},"end":{"line":121,"column":7}},"31":{"start":{"line":98,"column":8},"end":{"line":120,"column":9}},"32":{"start":{"line":99,"column":12},"end":{"line":104,"column":13}},"33":{"start":{"line":100,"column":16},"end":{"line":103,"column":19}},"34":{"start":{"line":106,"column":12},"end":{"line":111,"column":15}},"35":{"start":{"line":113,"column":12},"end":{"line":116,"column":15}},"36":{"start":{"line":118,"column":12},"end":{"line":118,"column":53}},"37":{"start":{"line":119,"column":12},"end":{"line":119,"column":33}},"38":{"start":{"line":124,"column":19},"end":{"line":155,"column":1}},"39":{"start":{"line":125,"column":4},"end":{"line":154,"column":7}},"40":{"start":{"line":126,"column":8},"end":{"line":153,"column":9}},"41":{"start":{"line":127,"column":12},"end":{"line":132,"column":13}},"42":{"start":{"line":128,"column":16},"end":{"line":131,"column":19}},"43":{"start":{"line":134,"column":25},"end":{"line":136,"column":14}},"44":{"start":{"line":138,"column":12},"end":{"line":149,"column":13}},"45":{"start":{"line":139,"column":16},"end":{"line":139,"column":69}},"46":{"start":{"line":140,"column":16},"end":{"line":143,"column":19}},"47":{"start":{"line":145,"column":16},"end":{"line":148,"column":19}},"48":{"start":{"line":151,"column":12},"end":{"line":151,"column":54}},"49":{"start":{"line":152,"column":12},"end":{"line":152,"column":33}},"50":{"start":{"line":162,"column":23},"end":{"line":188,"column":1}},"51":{"start":{"line":163,"column":4},"end":{"line":187,"column":7}},"52":{"start":{"line":164,"column":8},"end":{"line":186,"column":9}},"53":{"start":{"line":165,"column":12},"end":{"line":170,"column":13}},"54":{"start":{"line":166,"column":16},"end":{"line":169,"column":19}},"55":{"start":{"line":172,"column":12},"end":{"line":177,"column":15}},"56":{"start":{"line":179,"column":12},"end":{"line":182,"column":15}},"57":{"start":{"line":184,"column":12},"end":{"line":184,"column":58}},"58":{"start":{"line":185,"column":12},"end":{"line":185,"column":33}},"59":{"start":{"line":190,"column":28},"end":{"line":243,"column":1}},"60":{"start":{"line":191,"column":4},"end":{"line":242,"column":7}},"61":{"start":{"line":192,"column":8},"end":{"line":241,"column":9}},"62":{"start":{"line":193,"column":12},"end":{"line":198,"column":13}},"63":{"start":{"line":194,"column":16},"end":{"line":197,"column":19}},"64":{"start":{"line":200,"column":22},"end":{"line":204,"column":14}},"65":{"start":{"line":206,"column":12},"end":{"line":232,"column":13}},"66":{"start":{"line":207,"column":16},"end":{"line":231,"column":17}},"67":{"start":{"line":207,"column":29},"end":{"line":207,"column":30}},"68":{"start":{"line":208,"column":20},"end":{"line":210,"column":29}},"69":{"start":{"line":212,"column":20},"end":{"line":215,"column":23}},"70":{"start":{"line":217,"column":31},"end":{"line":221,"column":22}},"71":{"start":{"line":223,"column":20},"end":{"line":230,"column":21}},"72":{"start":{"line":224,"column":24},"end":{"line":226,"column":33}},"73":{"start":{"line":227,"column":24},"end":{"line":227,"column":43}},"74":{"start":{"line":229,"column":24},"end":{"line":229,"column":43}},"75":{"start":{"line":234,"column":12},"end":{"line":237,"column":15}},"76":{"start":{"line":239,"column":12},"end":{"line":239,"column":63}},"77":{"start":{"line":240,"column":12},"end":{"line":240,"column":33}},"78":{"start":{"line":245,"column":19},"end":{"line":271,"column":1}},"79":{"start":{"line":246,"column":4},"end":{"line":270,"column":7}},"80":{"start":{"line":247,"column":8},"end":{"line":269,"column":9}},"81":{"start":{"line":248,"column":12},"end":{"line":253,"column":13}},"82":{"start":{"line":249,"column":16},"end":{"line":252,"column":19}},"83":{"start":{"line":255,"column":12},"end":{"line":260,"column":15}},"84":{"start":{"line":262,"column":12},"end":{"line":265,"column":15}},"85":{"start":{"line":267,"column":12},"end":{"line":267,"column":54}},"86":{"start":{"line":268,"column":12},"end":{"line":268,"column":33}},"87":{"start":{"line":273,"column":20},"end":{"line":304,"column":1}},"88":{"start":{"line":274,"column":4},"end":{"line":303,"column":7}},"89":{"start":{"line":275,"column":8},"end":{"line":302,"column":9}},"90":{"start":{"line":276,"column":12},"end":{"line":281,"column":13}},"91":{"start":{"line":277,"column":16},"end":{"line":280,"column":19}},"92":{"start":{"line":283,"column":26},"end":{"line":285,"column":14}},"93":{"start":{"line":287,"column":12},"end":{"line":298,"column":13}},"94":{"start":{"line":288,"column":16},"end":{"line":288,"column":69}},"95":{"start":{"line":289,"column":16},"end":{"line":292,"column":19}},"96":{"start":{"line":294,"column":16},"end":{"line":297,"column":19}},"97":{"start":{"line":300,"column":12},"end":{"line":300,"column":55}},"98":{"start":{"line":301,"column":12},"end":{"line":301,"column":33}},"99":{"start":{"line":306,"column":0},"end":{"line":315,"column":2}}},"fnMap":{"0":{"name":"(anonymous_0)","decl":{"start":{"line":8,"column":22},"end":{"line":8,"column":23}},"loc":{"start":{"line":8,"column":32},"end":{"line":35,"column":1}},"line":8},"1":{"name":"(anonymous_1)","decl":{"start":{"line":9,"column":23},"end":{"line":9,"column":24}},"loc":{"start":{"line":9,"column":50},"end":{"line":34,"column":5}},"line":9},"2":{"name":"(anonymous_2)","decl":{"start":{"line":37,"column":30},"end":{"line":37,"column":31}},"loc":{"start":{"line":37,"column":38},"end":{"line":94,"column":1}},"line":37},"3":{"name":"(anonymous_3)","decl":{"start":{"line":38,"column":23},"end":{"line":38,"column":24}},"loc":{"start":{"line":38,"column":50},"end":{"line":93,"column":5}},"line":38},"4":{"name":"(anonymous_4)","decl":{"start":{"line":96,"column":18},"end":{"line":96,"column":19}},"loc":{"start":{"line":96,"column":28},"end":{"line":122,"column":1}},"line":96},"5":{"name":"(anonymous_5)","decl":{"start":{"line":97,"column":23},"end":{"line":97,"column":24}},"loc":{"start":{"line":97,"column":50},"end":{"line":121,"column":5}},"line":97},"6":{"name":"(anonymous_6)","decl":{"start":{"line":124,"column":19},"end":{"line":124,"column":20}},"loc":{"start":{"line":124,"column":29},"end":{"line":155,"column":1}},"line":124},"7":{"name":"(anonymous_7)","decl":{"start":{"line":125,"column":23},"end":{"line":125,"column":24}},"loc":{"start":{"line":125,"column":50},"end":{"line":154,"column":5}},"line":125},"8":{"name":"(anonymous_8)","decl":{"start":{"line":162,"column":23},"end":{"line":162,"column":24}},"loc":{"start":{"line":162,"column":33},"end":{"line":188,"column":1}},"line":162},"9":{"name":"(anonymous_9)","decl":{"start":{"line":163,"column":23},"end":{"line":163,"column":24}},"loc":{"start":{"line":163,"column":50},"end":{"line":187,"column":5}},"line":163},"10":{"name":"(anonymous_10)","decl":{"start":{"line":190,"column":28},"end":{"line":190,"column":29}},"loc":{"start":{"line":190,"column":36},"end":{"line":243,"column":1}},"line":190},"11":{"name":"(anonymous_11)","decl":{"start":{"line":191,"column":23},"end":{"line":191,"column":24}},"loc":{"start":{"line":191,"column":50},"end":{"line":242,"column":5}},"line":191},"12":{"name":"(anonymous_12)","decl":{"start":{"line":245,"column":19},"end":{"line":245,"column":20}},"loc":{"start":{"line":245,"column":29},"end":{"line":271,"column":1}},"line":245},"13":{"name":"(anonymous_13)","decl":{"start":{"line":246,"column":23},"end":{"line":246,"column":24}},"loc":{"start":{"line":246,"column":50},"end":{"line":270,"column":5}},"line":246},"14":{"name":"(anonymous_14)","decl":{"start":{"line":273,"column":20},"end":{"line":273,"column":21}},"loc":{"start":{"line":273,"column":30},"end":{"line":304,"column":1}},"line":273},"15":{"name":"(anonymous_15)","decl":{"start":{"line":274,"column":23},"end":{"line":274,"column":24}},"loc":{"start":{"line":274,"column":50},"end":{"line":303,"column":5}},"line":274}},"branchMap":{"0":{"loc":{"start":{"line":11,"column":12},"end":{"line":16,"column":13}},"type":"if","locations":[{"start":{"line":11,"column":12},"end":{"line":16,"column":13}},{"start":{},"end":{}}],"line":11},"1":{"loc":{"start":{"line":11,"column":16},"end":{"line":11,"column":78}},"type":"binary-expr","locations":[{"start":{"line":11,"column":16},"end":{"line":11,"column":29}},{"start":{"line":11,"column":33},"end":{"line":11,"column":48}},{"start":{"line":11,"column":52},"end":{"line":11,"column":64}},{"start":{"line":11,"column":68},"end":{"line":11,"column":78}}],"line":11},"2":{"loc":{"start":{"line":23,"column":23},"end":{"line":23,"column":41}},"type":"binary-expr","locations":[{"start":{"line":23,"column":23},"end":{"line":23,"column":33}},{"start":{"line":23,"column":37},"end":{"line":23,"column":41}}],"line":23},"3":{"loc":{"start":{"line":40,"column":12},"end":{"line":45,"column":13}},"type":"if","locations":[{"start":{"line":40,"column":12},"end":{"line":45,"column":13}},{"start":{},"end":{}}],"line":40},"4":{"loc":{"start":{"line":52,"column":12},"end":{"line":83,"column":13}},"type":"if","locations":[{"start":{"line":52,"column":12},"end":{"line":83,"column":13}},{"start":{},"end":{}}],"line":52},"5":{"loc":{"start":{"line":52,"column":16},"end":{"line":52,"column":37}},"type":"binary-expr","locations":[{"start":{"line":52,"column":16},"end":{"line":52,"column":19}},{"start":{"line":52,"column":23},"end":{"line":52,"column":37}}],"line":52},"6":{"loc":{"start":{"line":55,"column":35},"end":{"line":57,"column":28}},"type":"cond-expr","locations":[{"start":{"line":56,"column":26},"end":{"line":56,"column":80}},{"start":{"line":57,"column":26},"end":{"line":57,"column":28}}],"line":55},"7":{"loc":{"start":{"line":74,"column":20},"end":{"line":81,"column":21}},"type":"if","locations":[{"start":{"line":74,"column":20},"end":{"line":81,"column":21}},{"start":{"line":79,"column":27},"end":{"line":81,"column":21}}],"line":74},"8":{"loc":{"start":{"line":75,"column":37},"end":{"line":77,"column":32}},"type":"cond-expr","locations":[{"start":{"line":76,"column":30},"end":{"line":76,"column":82}},{"start":{"line":77,"column":30},"end":{"line":77,"column":32}}],"line":75},"9":{"loc":{"start":{"line":99,"column":12},"end":{"line":104,"column":13}},"type":"if","locations":[{"start":{"line":99,"column":12},"end":{"line":104,"column":13}},{"start":{},"end":{}}],"line":99},"10":{"loc":{"start":{"line":99,"column":16},"end":{"line":99,"column":82}},"type":"binary-expr","locations":[{"start":{"line":99,"column":16},"end":{"line":99,"column":29}},{"start":{"line":99,"column":33},"end":{"line":99,"column":48}},{"start":{"line":99,"column":52},"end":{"line":99,"column":64}},{"start":{"line":99,"column":68},"end":{"line":99,"column":82}}],"line":99},"11":{"loc":{"start":{"line":127,"column":12},"end":{"line":132,"column":13}},"type":"if","locations":[{"start":{"line":127,"column":12},"end":{"line":132,"column":13}},{"start":{},"end":{}}],"line":127},"12":{"loc":{"start":{"line":138,"column":12},"end":{"line":149,"column":13}},"type":"if","locations":[{"start":{"line":138,"column":12},"end":{"line":149,"column":13}},{"start":{"line":144,"column":19},"end":{"line":149,"column":13}}],"line":138},"13":{"loc":{"start":{"line":165,"column":12},"end":{"line":170,"column":13}},"type":"if","locations":[{"start":{"line":165,"column":12},"end":{"line":170,"column":13}},{"start":{},"end":{}}],"line":165},"14":{"loc":{"start":{"line":165,"column":16},"end":{"line":165,"column":61}},"type":"binary-expr","locations":[{"start":{"line":165,"column":16},"end":{"line":165,"column":29}},{"start":{"line":165,"column":33},"end":{"line":165,"column":45}},{"start":{"line":165,"column":49},"end":{"line":165,"column":61}}],"line":165},"15":{"loc":{"start":{"line":176,"column":23},"end":{"line":176,"column":41}},"type":"binary-expr","locations":[{"start":{"line":176,"column":23},"end":{"line":176,"column":33}},{"start":{"line":176,"column":37},"end":{"line":176,"column":41}}],"line":176},"16":{"loc":{"start":{"line":193,"column":12},"end":{"line":198,"column":13}},"type":"if","locations":[{"start":{"line":193,"column":12},"end":{"line":198,"column":13}},{"start":{},"end":{}}],"line":193},"17":{"loc":{"start":{"line":206,"column":12},"end":{"line":232,"column":13}},"type":"if","locations":[{"start":{"line":206,"column":12},"end":{"line":232,"column":13}},{"start":{},"end":{}}],"line":206},"18":{"loc":{"start":{"line":206,"column":16},"end":{"line":206,"column":37}},"type":"binary-expr","locations":[{"start":{"line":206,"column":16},"end":{"line":206,"column":19}},{"start":{"line":206,"column":23},"end":{"line":206,"column":37}}],"line":206},"19":{"loc":{"start":{"line":208,"column":35},"end":{"line":210,"column":28}},"type":"cond-expr","locations":[{"start":{"line":209,"column":26},"end":{"line":209,"column":80}},{"start":{"line":210,"column":26},"end":{"line":210,"column":28}}],"line":208},"20":{"loc":{"start":{"line":223,"column":20},"end":{"line":230,"column":21}},"type":"if","locations":[{"start":{"line":223,"column":20},"end":{"line":230,"column":21}},{"start":{"line":228,"column":27},"end":{"line":230,"column":21}}],"line":223},"21":{"loc":{"start":{"line":224,"column":37},"end":{"line":226,"column":32}},"type":"cond-expr","locations":[{"start":{"line":225,"column":30},"end":{"line":225,"column":82}},{"start":{"line":226,"column":30},"end":{"line":226,"column":32}}],"line":224},"22":{"loc":{"start":{"line":248,"column":12},"end":{"line":253,"column":13}},"type":"if","locations":[{"start":{"line":248,"column":12},"end":{"line":253,"column":13}},{"start":{},"end":{}}],"line":248},"23":{"loc":{"start":{"line":248,"column":16},"end":{"line":248,"column":79}},"type":"binary-expr","locations":[{"start":{"line":248,"column":16},"end":{"line":248,"column":29}},{"start":{"line":248,"column":33},"end":{"line":248,"column":45}},{"start":{"line":248,"column":49},"end":{"line":248,"column":61}},{"start":{"line":248,"column":65},"end":{"line":248,"column":79}}],"line":248},"24":{"loc":{"start":{"line":276,"column":12},"end":{"line":281,"column":13}},"type":"if","locations"
[...]
column":25}},"175":{"start":{"line":480,"column":27},"end":{"line":516,"column":1}},"176":{"start":{"line":481,"column":4},"end":{"line":515,"column":6}},"177":{"start":{"line":482,"column":8},"end":{"line":514,"column":9}},"178":{"start":{"line":483,"column":12},"end":{"line":511,"column":13}},"179":{"start":{"line":484,"column":16},"end":{"line":487,"column":18}},"180":{"start":{"line":489,"column":27},"end":{"line":498,"column":18}},"181":{"start":{"line":500,"column":16},"end":{"line":506,"column":17}},"182":{"start":{"line":501,"column":20},"end":{"line":501,"column":84}},"183":{"start":{"line":502,"column":20},"end":{"line":502,"column":40}},"184":{"start":{"line":504,"column":20},"end":{"line":504,"column":38}},"185":{"start":{"line":507,"column":16},"end":{"line":510,"column":18}},"186":{"start":{"line":513,"column":12},"end":{"line":513,"column":25}},"187":{"start":{"line":517,"column":28},"end":{"line":548,"column":1}},"188":{"start":{"line":518,"column":4},"end":{"line":547,"column":6}},"189":{"start":{"line":519,"column":8},"end":{"line":546,"column":9}},"190":{"start":{"line":520,"column":24},"end":{"line":522,"column":14}},"191":{"start":{"line":523,"column":24},"end":{"line":525,"column":14}},"192":{"start":{"line":526,"column":12},"end":{"line":531,"column":13}},"193":{"start":{"line":527,"column":16},"end":{"line":530,"column":18}},"194":{"start":{"line":532,"column":12},"end":{"line":537,"column":13}},"195":{"start":{"line":533,"column":16},"end":{"line":536,"column":18}},"196":{"start":{"line":539,"column":12},"end":{"line":542,"column":14}},"197":{"start":{"line":545,"column":12},"end":{"line":545,"column":25}},"198":{"start":{"line":549,"column":0},"end":{"line":563,"column":1}}},"fnMap":{"0":{"name":"(anonymous_0)","decl":{"start":{"line":11,"column":20},"end":{"line":11,"column":21}},"loc":{"start":{"line":11,"column":39},"end":{"line":15,"column":1}},"line":11},"1":{"name":"(anonymous_1)","decl":{"start":{"line":17,"column":33},"end":{"line":17,"column":34}},"loc":{"start":{"line":17,"column":47},"end":{"line":26,"column":1}},"line":17},"2":{"name":"(anonymous_2)","decl":{"start":{"line":18,"column":23},"end":{"line":18,"column":24}},"loc":{"start":{"line":18,"column":50},"end":{"line":25,"column":5}},"line":18},"3":{"name":"(anonymous_3)","decl":{"start":{"line":27,"column":21},"end":{"line":27,"column":22}},"loc":{"start":{"line":27,"column":36},"end":{"line":42,"column":1}},"line":27},"4":{"name":"(anonymous_4)","decl":{"start":{"line":28,"column":23},"end":{"line":28,"column":24}},"loc":{"start":{"line":28,"column":50},"end":{"line":41,"column":5}},"line":28},"5":{"name":"(anonymous_5)","decl":{"start":{"line":43,"column":26},"end":{"line":43,"column":27}},"loc":{"start":{"line":43,"column":36},"end":{"line":87,"column":1}},"line":43},"6":{"name":"(anonymous_6)","decl":{"start":{"line":44,"column":23},"end":{"line":44,"column":24}},"loc":{"start":{"line":44,"column":50},"end":{"line":86,"column":5}},"line":44},"7":{"name":"(anonymous_7)","decl":{"start":{"line":89,"column":17},"end":{"line":89,"column":18}},"loc":{"start":{"line":89,"column":29},"end":{"line":121,"column":1}},"line":89},"8":{"name":"(anonymous_8)","decl":{"start":{"line":90,"column":23},"end":{"line":90,"column":24}},"loc":{"start":{"line":90,"column":50},"end":{"line":120,"column":5}},"line":90},"9":{"name":"(anonymous_9)","decl":{"start":{"line":122,"column":21},"end":{"line":122,"column":22}},"loc":{"start":{"line":122,"column":31},"end":{"line":163,"column":1}},"line":122},"10":{"name":"(anonymous_10)","decl":{"start":{"line":123,"column":23},"end":{"line":123,"column":24}},"loc":{"start":{"line":123,"column":50},"end":{"line":162,"column":5}},"line":123},"11":{"name":"(anonymous_11)","decl":{"start":{"line":164,"column":18},"end":{"line":164,"column":19}},"loc":{"start":{"line":164,"column":28},"end":{"line":217,"column":1}},"line":164},"12":{"name":"(anonymous_12)","decl":{"start":{"line":165,"column":23},"end":{"line":165,"column":24}},"loc":{"start":{"line":165,"column":50},"end":{"line":216,"column":5}},"line":165},"13":{"name":"(anonymous_13)","decl":{"start":{"line":218,"column":27},"end":{"line":218,"column":28}},"loc":{"start":{"line":218,"column":37},"end":{"line":253,"column":1}},"line":218},"14":{"name":"(anonymous_14)","decl":{"start":{"line":219,"column":23},"end":{"line":219,"column":24}},"loc":{"start":{"line":219,"column":50},"end":{"line":252,"column":5}},"line":219},"15":{"name":"(anonymous_15)","decl":{"start":{"line":254,"column":17},"end":{"line":254,"column":18}},"loc":{"start":{"line":254,"column":27},"end":{"line":286,"column":1}},"line":254},"16":{"name":"(anonymous_16)","decl":{"start":{"line":255,"column":23},"end":{"line":255,"column":24}},"loc":{"start":{"line":255,"column":50},"end":{"line":285,"column":5}},"line":255},"17":{"name":"(anonymous_17)","decl":{"start":{"line":287,"column":24},"end":{"line":287,"column":25}},"loc":{"start":{"line":287,"column":36},"end":{"line":320,"column":1}},"line":287},"18":{"name":"(anonymous_18)","decl":{"start":{"line":288,"column":23},"end":{"line":288,"column":24}},"loc":{"start":{"line":288,"column":50},"end":{"line":319,"column":5}},"line":288},"19":{"name":"(anonymous_19)","decl":{"start":{"line":321,"column":27},"end":{"line":321,"column":28}},"loc":{"start":{"line":321,"column":38},"end":{"line":344,"column":1}},"line":321},"20":{"name":"(anonymous_20)","decl":{"start":{"line":322,"column":23},"end":{"line":322,"column":24}},"loc":{"start":{"line":322,"column":50},"end":{"line":343,"column":5}},"line":322},"21":{"name":"(anonymous_21)","decl":{"start":{"line":345,"column":32},"end":{"line":345,"column":33}},"loc":{"start":{"line":345,"column":42},"end":{"line":385,"column":1}},"line":345},"22":{"name":"(anonymous_22)","decl":{"start":{"line":346,"column":23},"end":{"line":346,"column":24}},"loc":{"start":{"line":346,"column":50},"end":{"line":384,"column":5}},"line":346},"23":{"name":"(anonymous_23)","decl":{"start":{"line":386,"column":28},"end":{"line":386,"column":29}},"loc":{"start":{"line":386,"column":38},"end":{"line":428,"column":1}},"line":386},"24":{"name":"(anonymous_24)","decl":{"start":{"line":387,"column":23},"end":{"line":387,"column":24}},"loc":{"start":{"line":387,"column":50},"end":{"line":427,"column":5}},"line":387},"25":{"name":"(anonymous_25)","decl":{"start":{"line":429,"column":36},"end":{"line":429,"column":37}},"loc":{"start":{"line":429,"column":47},"end":{"line":479,"column":1}},"line":429},"26":{"name":"(anonymous_26)","decl":{"start":{"line":430,"column":23},"end":{"line":430,"column":24}},"loc":{"start":{"line":430,"column":50},"end":{"line":478,"column":5}},"line":430},"27":{"name":"(anonymous_27)","decl":{"start":{"line":480,"column":27},"end":{"line":480,"column":28}},"loc":{"start":{"line":480,"column":37},"end":{"line":516,"column":1}},"line":480},"28":{"name":"(anonymous_28)","decl":{"start":{"line":481,"column":23},"end":{"line":481,"column":24}},"loc":{"start":{"line":481,"column":50},"end":{"line":515,"column":5}},"line":481},"29":{"name":"(anonymous_29)","decl":{"start":{"line":517,"column":28},"end":{"line":517,"column":29}},"loc":{"start":{"line":517,"column":38},"end":{"line":548,"column":1}},"line":517},"30":{"name":"(anonymous_30)","decl":{"start":{"line":518,"column":23},"end":{"line":518,"column":24}},"loc":{"start":{"line":518,"column":50},"end":{"line":547,"column":5}},"line":518}},"branchMap":{"0":{"loc":{"start":{"line":33,"column":12},"end":{"line":37,"column":13}},"type":"if","locations":[{"start":{"line":33,"column":12},"end":{"line":37,"column":13}},{"start":{"line":35,"column":19},"end":{"line":37,"column":13}}],"line":33},"1":{"loc":{"start":{"line":46,"column":12},"end":{"line":81,"column":13}},"type":"if","locations":[{"start":{"line":46,"column":12},"end":{"line":81,"column":13}},{"start":{"line":51,"column":19},"end":{"line":81,"column":13}}],"line":46},"2":{"loc":{"start":{"line":46,"column":16},"end":{"line":46,"column":45}},"type":"binary-expr","locations":[{"start":{"line":46,"column":16},"end":{"line":46,"column":27}},{"start":{"line":46,"column":31},"end":{"line":46,"column":45}}],"line":46},"3":{"loc":{"start":{"line":53,"column":16},"end":{"line":79,"column":17}},"type":"if","locations":[{"start":{"line":53,"column":16},"end":{"line":79,"column":17}},{"start":{"line":58,"column":23},"end":{"line":79,"column":17}}],"line":53},"4":{"loc":{"start":{"line":93,"column":12},"end":{"line":115,"column":13}},"type":"if","locations":[{"start":{"line":93,"column":12},"end":{"line":115,"column":13}},{"start":{"line":98,"column":19},"end":{"line":115,"column":13}}],"line":93},"5":{"loc":{"start":{"line":102,"column":16},"end":{"line":107,"column":17}},"type":"if","locations":[{"start":{"line":102,"column":16},"end":{"line":107,"column":17}},{"start":{},"end":{}}],"line":102},"6":{"loc":{"start":{"line":125,"column":12},"end":{"line":157,"column":13}},"type":"if","locations":[{"start":{"line":125,"column":12},"end":{"line":157,"column":13}},{"start":{"line":130,"column":19},"end":{"line":157,"column":13}}],"line":125},"7":{"loc":{"start":{"line":125,"column":16},"end":{"line":125,"column":42}},"type":"binary-expr","locations":[{"start":{"line":125,"column":16},"end":{"line":125,"column":24}},{"start":{"line":125,"column":28},"end":{"line":125,"column":42}}],"line":125},"8":{"loc":{"start":{"line":135,"column":16},"end":{"line":156,"column":17}},"type":"if","locations":[{"start":{"line":135,"column":16},"end":{"line":156,"column":17}},{"start":{"line":151,"column":23},"end":{"line":156,"column":17}}],"line":135},"9":{"loc":{"start":{"line":143,"column":20},"end":{"line":145,"column":21}},"type":"if","locations":[{"start":{"line":143,"column":20},"end":{"line":145,"column":21}},{"start":{},"end":{}}],"line":143},"10":{"loc":{"start":{"line":168,"column":12},"end":{"line":210,"column":13}},"type":"if","locations":[{"start":{"line":168,"column":12},"end":{"line":210,"column":13}},{"start":{"line":174,"column":17},"end":{"line":210,"column":13}}],"line":168},"11":{"loc":{"start":{"line":168,"column":16},"end":{"line":168,"column":45}},"type":"binary-expr","locations":[{"start":{"line":168,"column":16},"end":{"line":168,"column":27}},{"start":{"line":168,"column":31},"end":{"line":168,"column":45}}],"line":168},"12":{"loc":{"start":{"line":179,"column":16},"end":{"line":208,"column":17}},"type":"if","locations":[{"start":{"line":179,"column":16},"end":{"line":208,"column":17}},{"start":{"line":205,"column":23},"end":{"line":208,"column":17}}],"line":179},"13":{"loc":{"start":{"line":185,"column":20},"end":{"line":204,"column":21}},"type":"if","locations":[{"start":{"line":185,"column":20},"end":{"line":204,"column":21}},{"start":{"line":201,"column":27},"end":{"line":204,"column":21}}],"line":185},"14":{"loc":{"start":{"line":187,"column":24},"end":{"line":200,"column":25}},"type":"if","locations":[{"start":{"line":187,"column":24},"end":{"line":200,"column":25}},{"start":{"line":196,"column":31},"end":{"line":200,"column":25}}],"line":187},"15":{"loc":{"start":{"line":221,"column":12},"end":{"line":248,"column":13}},"type":"if","locations":[{"start":{"line":221,"column":12},"end":{"line":248,"column":13}},{"start":{"line":226,"column":19},"end":{"line":248,"column":13}}],"line":221},"16":{"loc":{"start":{"line":221,"column":16},"end":{"line":221,"column":63}},"type":"binary-expr","locations":[{"start":{"line":221,"column":16},"end":{"line":221,"column":24}},{"start":{"line":221,"column":28},"end":{"line":221,"column":42}},{"start":{"line":221,"column":46},"end":{"line":221,"column":63}}],"line":221},"17":{"loc":{"start":{"line":231,"column":16},"end":{"line":246,"column":17}},"type":"if","locations":[{"start":{"line":231,"column":16},"end":{"line":246,"column":17}},{"start":{"line":241,"column":21},"end":{"line":246,"column":17}}],"line":231},"18":{"loc":{"start":{"line":232,"column":20},"end":{"line":235,"column":21}},"type":"if","locations":[{"start":{"line":232,"column":20},"end":{"line":235,"column":21}},{"start":{},"end":{}}],"line":232},"19":{"loc":{"start":{"line":269,"column":12},"end":{"line":272,"column":13}},"type":"if","locations":[{"start":{"line":269,"column":12},"end":{"line":272,"column":13}},{"start":{},"end":{}}],"line":269},"20":{"loc":{"start":{"line":269,"column":16},"end":{"line":269,"column":41}},"type":"binary-expr","locations":[{"start":{"line":269,"column":16},"end":{"line":269,"column":26}},{"start":{"line":269,"column":30},"end":{"line":269,"column":41}}],"line":269},"21":{"loc":{"start":{"line":273,"column":12},"end":{"line":273,"column":130}},"type":"if","locations":[{"start":{"line":273,"column":12},"end":{"line":273,"column":130}},{"start":{},"end":{}}],"line":273},"22":{"loc":{"start":{"line":290,"column":12},"end":{"line":315,"column":13}},"type":"if","locations":[{"start":{"line":290,"column":12},"end":{"line":315,"column":13}},{"start":{"line":295,"column":19},"end":{"line":315,"column":13}}],"line":290},"23":{"loc":{"start":{"line":308,"column":16},"end":{"line":310,"column":17}},"type":"if","locations":[{"start":{"line":308,"column":16},"end":{"line":310,"column":17}},{"start":{},"end":{}}],"line":308},"24":{"loc":{"start":{"line":324,"column":12},"end":{"line":339,"column":13}},"type":"if","locations":[{"start":{"line":324,"column":12},"end":{"line":339,"column":13}},{"start":{"line":329,"column":19},"end":{"line":339,"column":13}}],"line":324},"25":{"loc":{"start":{"line":349,"column":12},"end":{"line":380,"column":13}},"type":"if","locations":[{"start":{"line":349,"column":12},"end":{"line":380,"column":13}},{"start":{"line":354,"column":19},"end":{"line":380,"column":13}}],"line":349},"26":{"loc":{"start":{"line":363,"column":16},"end":{"line":375,"column":17}},"type":"if","locations":[{"start":{"line":363,"column":16},"end":{"line":375,"column":17}},{"start":{},"end":{}}],"line":363},"27":{"loc":{"start":{"line":389,"column":12},"end":{"line":423,"column":13}},"type":"if","locations":[{"start":{"line":389,"column":12},"end":{"line":423,"column":13}},{"start":{"line":394,"column":19},"end":{"line":423,"column":13}}],"line":389},"28":{"loc":{"start":{"line":389,"column":16},"end":{"line":389,"column":39}},"type":"binary-expr","locations":[{"start":{"line":389,"column":16},"end":{"line":389,"column":24}},{"start":{"line":389,"column":28},"end":{"line":389,"column":39}}],"line":389},"29":{"loc":{"start":{"line":406,"column":16},"end":{"line":421,"column":17}},"type":"if","locations":[{"start":{"line":406,"column":16},"end":{"line":421,"column":17}},{"start":{"line":416,"column":23},"end":{"line":421,"column":17}}],"line":406},"30":{"loc":{"start":{"line":432,"column":12},"end":{"line":474,"column":13}},"type":"if","locations":[{"start":{"line":432,"column":12},"end":{"line":474,"column":13}},{"start":{"line":437,"column":19},"end":{"line":474,"column":13}}],"line":432},"31":{"loc":{"start":{"line":439,"column":16},"end":{"line":470,"column":17}},"type":"if","locations":[{"start":{"line":439,"column":16},"end":{"line":470,"column":17}},{"start":{"line":465,"column":23},"end":{"line":470,"column":17}}],"line":439},"32":{"loc":{"start":{"line":448,"column":20},"end":{"line":460,"column":21}},"type":"if","locations":[{"start":{"line":448,"column":20},"end":{"line":460,"column":21}},{"start":{},"end":{}}],"line":448},"33":{"loc":{"start":{"line":483,"column":12},"end":{"line":511,"column":13}},"type":"if","locations":[{"start":{"line":483,"column":12},"end":{"line":511,"column":13}},{"start":{"line":488,"column":19},"end":{"line":511,"column":13}}],"line":483},"34":{"loc":{"start":{"line":483,"column":16},"end":{"line":483,"column":57}},"type":"binary-expr","locations":[{"start":{"line":483,"column":16},"end":{"line":483,"column":24}},{"start":{"line":483,"column":28},"end":{"line":483,"column":39}},{"start":{"line":483,"column":43},"end":{"line":483,"column":57}}],"line":483},"35":{"loc":{"start":{"line":500,"column":16},"end":{"line":506,"column":17}},"type":"if","locations":[{"start":{"line":500,"column":16},"end":{"line":506,"column":17}},{"start":{},"end":{}}],"line":500},"36":{"loc":{"start":{"line":526,"column":12},"end":{"line":531,"column":13}},"type":"if","locations":[{"start":{"line":526,"column":12},"end":{"line":531,"column":13}},{"start":{},"end":{}}],"line":526},"37":{"loc":{"start":{"line":532,"column":12},"end":{"line":537,"column":13}},"type":"if","locations":[{"start":{"line":532,"column":12},"end":{"line":537,"column":13}},{"start":{},"end":{}}],"line":532}},"s":{"0":1,"1":1,"2":1,"3":1,"4":0,"5":0,"6":1,"7":0,"8":0,"9":0,"10":0,"11":0,"12":1,"13":0,"14":0,"15":0,"16":0,"17":0,"18":0,"19":0,"20":1,"21":0,"22":0,"23":0,"24":0,"25":0,"26":0,"27":0,"28":0,"29":0,"30":0,"31":0,"32":1,"33":0,"34":0,"35":0,"36":0,"37":0,"38":0,"39":0,"40":0,"41":0,"42":0,"43":1,"44":0,"45":0,"46":0,"47":0,"48":0,"49":0,"50":0,"51":0,"52":0,"53":0,"54":0,"55":0,"56":0,"57":0,"58":0,"59":0,"60":0,"61":0,"62":0,"63":1,"64":0,"65":0,"66":0,"67":0,"68":0,"69":0,"70":0,"71":0,"72":0,"73":0,"74":0,"75":0,"76":0,"77":0,"78":0,"79":0,"80":0,"81":0,"82":0,"83":0,"84":0,"85":0,"86":0,"87":0,"88":0,"89":0,"90":1,"91":0,"92":0,"93":0,"94":0,"95":0,"96":0,"97":0,"98":0,"99":0,"100":0,"101":0,"102":0,"103":1,"104":0,"105":0,"106":0,"107":0,"108":0,"109":0,"110":0,"111":0,"112":0,"113":0,"114":0,"115":1,"116":0,"117":0,"118":0,"119":0,"120":0,"121":0,"122":0,"123":0,"124":0,"125":1,"126":0,"127":0,"128":0,"129":0,"130":0,"131":0,"132":0,"133":1,"134":0,"135":0,"136":0,"137":0,"138":0,"139":0,"140":0,"141":0,"142":0,"143":0,"144":0,"145":0,"146":1,"147":0,"148":0,"149":0,"150":0,"151":0,"152":0,"153":0,"154":0,"155":0,"156":0,"157":0,"158":0,"159":1,"160":0,"161":0,"162":0,"163":0,"164":0,"165":0,"166":0,"167":0,"168":0,"169":0,"170":0,"171":0,"172":0,"173":0,"174":0,"175":1,"176":0,"177":0,"178":0,"179":0,"180":0,"181":0,"182":0,"183":0,"184":0,"185":0,"186":0,"187":1,"188":0,"189":0,"190":0,"191":0,"192":0,"193":0,"194":0,"195":0,"196":0,"197":0,"198":1},"f":{"0":0,"1":0,"2":0,"3":0,"4":0,"5":0,"6":0,"7":0,"8":0,"9":0,"10":0,"11":0,"12":0,"13":0,"14":0,"15":0,"16":0,"17":0,"18":0,"19":0,"20":0,"21":0,"22":0,"23":0,"24":0,"25":0,"26":0,"27":0,"28":0,"29":0,"30":0},"b":{"0":[0,0],"1":[0,0],"2":[0,0],"3":[0,0],"4":[0,0],"5":[0,0],"6":[0,0],"7":[0,0],"8":[0,0],"9":[0,0],"10":[0,0],"11":[0,0],"12":[0,0],"13":[0,0],"14":[0,0],"15":[0,0],"16":[0,0,0],"17":[0,0],"18":[0,0],"19":[0,0],"20":[0,0],"21":[0,0],"22":[0,0],"23":[0,0],"24":[0,0],"25":[0,0],"26":[0,0],"27":[0,0],"28":[0,0],"29":[0,0],"30":[0,0],"31":[0,0],"32":[0,0],"33":[0,0],"34":[0,0,0],"35":[0,0],"36":[0,0],"37":[0,0]},"_coverageSchema":"1a1c01bbd47fc00a2c39e90264f33305004495a9","hash":"5b64d62de107b77afd2646c19288c3da15730ab8"}
,"D:\\microserviceseminar\\SQA-03-NHOM03\\ecomAPI\\src\\utils\\CommonUtils.js": {"path":"D:\\microserviceseminar\\SQA-03-NHOM03\\ecomAPI\\src\\utils\\CommonUtils.js","statementMap":{"0":{"start":{"line":2,"column":0},"end":{"line":2,"column":27}},"1":{"start":{"line":4,"column":18},"end":{"line":11,"column":1}},"2":{"start":{"line":5,"column":4},"end":{"line":10,"column":29}},"3":{"start":{"line":12,"column":0},"end":{"line":14,"column":1}}},"fnMap":{"0":{"name":"(anonymous_0)","decl":{"start":{"line":4,"column":18},"end":{"line":4,"column":19}},"loc":{"start":{"line":4,"column":29},"end":{"line":11,"column":1}},"line":4}},"branchMap":{},"s":{"0":1,"1":1,"2":0,"3":1},"f":{"0":0},"b":{},"_coverageSchema":"1a1c01bbd47fc00a2c39e90264f33305004495a9","hash":"f6f261ef314aa8f267e4c705a4b66c42ab549758"}
,"D:\\microserviceseminar\\SQA-03-NHOM03\\ecomAPI\\src\\utils\\constants.js": {"path":"D:\\microserviceseminar\\SQA-03-NHOM03\\ecomAPI\\src\\utils\\constants.js","statementMap":{"0":{"start":{"line":1,"column":30},"end":{"line":3,"column":1}}},"fnMap":{},"branchMap":{},"s":{"0":1},"f":{},"b":{},"_coverageSchema":"1a1c01bbd47fc00a2c39e90264f33305004495a9","hash":"fc625ccf8bc0589b6f0c6e068d651f5adfb84710"}
}
