TN:
SF:src\controllers\blogController.js
FN:3,(anonymous_0)
FN:15,(anonymous_1)
FN:27,(anonymous_2)
FN:39,(anonymous_3)
FN:51,(anonymous_4)
FN:63,(anonymous_5)
FN:75,(anonymous_6)
FNF:7
FNH:7
FNDA:2,(anonymous_0)
FNDA:2,(anonymous_1)
FNDA:2,(anonymous_2)
FNDA:2,(anonymous_3)
FNDA:2,(anonymous_4)
FNDA:2,(anonymous_5)
FNDA:2,(anonymous_6)
DA:3,1
DA:4,2
DA:5,2
DA:6,1
DA:8,1
DA:9,1
DA:15,1
DA:16,2
DA:17,2
DA:18,1
DA:20,1
DA:21,1
DA:27,1
DA:28,2
DA:29,2
DA:30,1
DA:32,1
DA:33,1
DA:39,1
DA:40,2
DA:41,2
DA:42,1
DA:44,1
DA:45,1
DA:51,1
DA:52,2
DA:53,2
DA:54,1
DA:56,1
DA:57,1
DA:63,1
DA:64,2
DA:65,2
DA:66,1
DA:68,1
DA:69,1
DA:75,1
DA:76,2
DA:77,2
DA:78,1
DA:80,1
DA:81,1
DA:87,1
LF:43
LH:43
BRF:0
BRH:0
end_of_record
TN:
SF:src\controllers\typeshipController.js
FN:3,(anonymous_0)
FN:15,(anonymous_1)
FN:27,(anonymous_2)
FN:39,(anonymous_3)
FN:51,(anonymous_4)
FNF:5
FNH:5
FNDA:2,(anonymous_0)
FNDA:2,(anonymous_1)
FNDA:2,(anonymous_2)
FNDA:2,(anonymous_3)
FNDA:2,(anonymous_4)
DA:3,1
DA:4,2
DA:5,2
DA:6,1
DA:8,1
DA:9,1
DA:15,1
DA:16,2
DA:17,2
DA:18,1
DA:20,1
DA:21,1
DA:27,1
DA:28,2
DA:29,2
DA:30,1
DA:32,1
DA:33,1
DA:39,1
DA:40,2
DA:41,2
DA:42,1
DA:44,1
DA:45,1
DA:51,1
DA:52,2
DA:53,2
DA:54,1
DA:56,1
DA:57,1
DA:63,1
LF:31
LH:31
BRF:0
BRH:0
end_of_record
TN:
SF:src\controllers\userController.js
FN:4,(anonymous_0)
FN:16,(anonymous_1)
FN:28,(anonymous_2)
FN:40,(anonymous_3)
FN:52,(anonymous_4)
FN:64,(anonymous_5)
FN:76,(anonymous_6)
FN:88,(anonymous_7)
FN:100,(anonymous_8)
FN:112,(anonymous_9)
FN:124,(anonymous_10)
FN:136,(anonymous_11)
FN:148,(anonymous_12)
FNF:13
FNH:13
FNDA:2,(anonymous_0)
FNDA:2,(anonymous_1)
FNDA:2,(anonymous_2)
FNDA:2,(anonymous_3)
FNDA:2,(anonymous_4)
FNDA:2,(anonymous_5)
FNDA:2,(anonymous_6)
FNDA:2,(anonymous_7)
FNDA:2,(anonymous_8)
FNDA:2,(anonymous_9)
FNDA:2,(anonymous_10)
FNDA:2,(anonymous_11)
FNDA:2,(anonymous_12)
DA:1,1
DA:4,1
DA:5,2
DA:6,2
DA:7,1
DA:9,1
DA:10,1
DA:16,1
DA:17,2
DA:18,2
DA:19,1
DA:21,1
DA:22,1
DA:28,1
DA:29,2
DA:30,2
DA:31,1
DA:33,1
DA:34,1
DA:40,1
DA:41,2
DA:42,2
DA:43,1
DA:45,1
DA:46,1
DA:52,1
DA:53,2
DA:54,2
DA:55,1
DA:57,1
DA:58,1
DA:64,1
DA:65,2
DA:66,2
DA:67,1
DA:69,1
DA:70,1
DA:76,1
DA:77,2
DA:78,2
DA:79,1
DA:81,1
DA:82,1
DA:88,1
DA:89,2
DA:90,2
DA:91,1
DA:93,1
DA:94,1
DA:100,1
DA:101,2
DA:102,2
DA:103,1
DA:105,1
DA:106,1
DA:112,1
DA:113,2
DA:114,2
DA:115,1
DA:117,1
DA:118,1
DA:124,1
DA:125,2
DA:126,2
DA:127,1
DA:129,1
DA:130,1
DA:136,1
DA:137,2
DA:138,2
DA:139,1
DA:141,1
DA:142,1
DA:148,1
DA:149,2
DA:150,2
DA:151,1
DA:153,1
DA:154,1
DA:160,1
LF:80
LH:80
BRF:0
BRH:0
end_of_record
TN:
SF:src\models\AddressUser.js
FN:5,(anonymous_0)
FN:12,(anonymous_1)
FNF:2
FNH:2
FNDA:6,(anonymous_0)
FNDA:6,(anonymous_1)
DA:4,6
DA:5,6
DA:16,6
DA:26,6
LF:4
LH:4
BRF:0
BRH:0
end_of_record
TN:
SF:src\models\Message.js
FN:5,(anonymous_0)
FN:12,(anonymous_1)
FNF:2
FNH:2
FNDA:6,(anonymous_0)
FNDA:6,(anonymous_1)
DA:4,6
DA:5,6
DA:17,6
DA:27,6
LF:4
LH:4
BRF:0
BRH:0
end_of_record
TN:
SF:src\models\ProductDetail.js
FN:6,(anonymous_0)
FN:13,(anonymous_1)
FNF:2
FNH:2
FNDA:6,(anonymous_0)
FNDA:6,(anonymous_1)
DA:5,6
DA:6,6
DA:14,6
DA:15,6
DA:18,6
DA:28,6
LF:6
LH:6
BRF:0
BRH:0
end_of_record
TN:
SF:src\models\ProductImage.js
FN:6,(anonymous_0)
FN:13,(anonymous_1)
FNF:2
FNH:2
FNDA:6,(anonymous_0)
FNDA:6,(anonymous_1)
DA:5,6
DA:6,6
DA:14,6
DA:17,6
DA:25,6
LF:5
LH:5
BRF:0
BRH:0
end_of_record
TN:
SF:src\models\Receipt.js
FN:5,(anonymous_0)
FN:12,(anonymous_1)
FNF:2
FNH:2
FNDA:6,(anonymous_0)
FNDA:6,(anonymous_1)
DA:4,6
DA:5,6
DA:17,6
DA:25,6
LF:4
LH:4
BRF:0
BRH:0
end_of_record
TN:
SF:src\models\ReceiptDetail.js
FN:5,(anonymous_0)
FN:12,(anonymous_1)
FNF:2
FNH:2
FNDA:6,(anonymous_0)
FNDA:6,(anonymous_1)
DA:4,6
DA:5,6
DA:17,6
DA:26,6
LF:4
LH:4
BRF:0
BRH:0
end_of_record
TN:
SF:src\models\RoomMessage.js
FN:5,(anonymous_0)
FN:12,(anonymous_1)
FNF:2
FNH:2
FNDA:6,(anonymous_0)
FNDA:6,(anonymous_1)
DA:4,6
DA:5,6
DA:17,6
DA:24,6
LF:4
LH:4
BRF:0
BRH:0
end_of_record
TN:
SF:src\models\Supplier.js
FN:5,(anonymous_0)
FN:12,(anonymous_1)
FNF:2
FNH:2
FNDA:6,(anonymous_0)
FNDA:6,(anonymous_1)
DA:4,6
DA:5,6
DA:17,6
DA:26,6
LF:4
LH:4
BRF:0
BRH:0
end_of_record
TN:
SF:src\models\allcode.js
FN:5,(anonymous_0)
FN:12,(anonymous_1)
FNF:2
FNH:2
FNDA:6,(anonymous_0)
FNDA:6,(anonymous_1)
DA:4,6
DA:5,6
DA:13,6
DA:14,6
DA:15,6
DA:16,6
DA:17,6
DA:18,6
DA:19,6
DA:20,6
DA:21,6
DA:25,6
DA:33,6
LF:13
LH:13
BRF:0
BRH:0
end_of_record
TN:
SF:src\models\banner.js
FN:5,(anonymous_0)
FN:12,(anonymous_1)
FNF:2
FNH:2
FNDA:6,(anonymous_0)
FNDA:6,(anonymous_1)
DA:4,6
DA:5,6
DA:16,6
DA:25,6
LF:4
LH:4
BRF:0
BRH:0
end_of_record
TN:
SF:src\models\blog.js
FN:5,(anonymous_0)
FN:12,(anonymous_1)
FNF:2
FNH:2
FNDA:6,(anonymous_0)
FNDA:6,(anonymous_1)
DA:4,6
DA:5,6
DA:13,6
DA:16,6
DA:30,6
LF:5
LH:5
BRF:0
BRH:0
end_of_record
TN:
SF:src\models\comment.js
FN:3,(anonymous_0)
FN:5,(anonymous_1)
FNF:2
FNH:2
FNDA:6,(anonymous_0)
FNDA:6,(anonymous_1)
DA:2,6
DA:3,6
DA:9,6
DA:21,6
LF:4
LH:4
BRF:0
BRH:0
end_of_record
TN:
SF:src\models\index.js
FN:45,(anonymous_0)
FN:53,(anonymous_1)
FN:61,(anonymous_2)
FNF:3
FNH:3
FNDA:156,(anonymous_0)
FNDA:150,(anonymous_1)
FNDA:150,(anonymous_2)
DA:2,6
DA:3,6
DA:4,6
DA:5,6
DA:6,6
DA:7,6
DA:8,6
DA:9,6
DA:12,6
DA:31,6
DA:44,6
DA:46,156
DA:54,150
DA:58,150
DA:61,6
DA:62,150
DA:63,150
DA:67,6
DA:68,6
DA:70,6
LF:20
LH:20
BRDA:8,0,0,6
BRDA:8,0,1,0
BRDA:18,1,0,0
BRDA:18,1,1,6
BRDA:47,2,0,156
BRDA:47,2,1,156
BRDA:47,2,2,150
BRDA:47,2,3,150
BRDA:62,3,0,150
BRDA:62,3,1,0
BRF:10
BRH:7
end_of_record
TN:
SF:src\models\interaction.js
FN:4,(anonymous_0)
FN:6,(anonymous_1)
FNF:2
FNH:2
FNDA:6,(anonymous_0)
FNDA:6,(anonymous_1)
DA:2,6
DA:4,6
DA:7,6
DA:8,6
DA:10,6
DA:14,6
DA:52,6
LF:7
LH:7
BRF:0
BRH:0
end_of_record
TN:
SF:src\models\modelrun.js
FN:2,(anonymous_0)
FN:15,(anonymous_1)
FNF:2
FNH:2
FNDA:6,(anonymous_0)
FNDA:6,(anonymous_1)
DA:2,6
DA:3,6
DA:15,6
DA:16,6
DA:18,6
LF:5
LH:5
BRF:0
BRH:0
end_of_record
TN:
SF:src\models\orderdetail.js
FN:5,(anonymous_0)
FN:12,(anonymous_1)
FNF:2
FNH:2
FNDA:6,(anonymous_0)
FNDA:6,(anonymous_1)
DA:4,6
DA:5,6
DA:16,6
DA:25,6
LF:4
LH:4
BRF:0
BRH:0
end_of_record
TN:
SF:src\models\orderproduct.js
FN:5,(anonymous_0)
FN:12,(anonymous_1)
FNF:2
FNH:2
FNDA:6,(anonymous_0)
FNDA:6,(anonymous_1)
DA:4,6
DA:5,6
DA:13,6
DA:14,6
DA:15,6
DA:18,6
DA:32,6
LF:7
LH:7
BRF:0
BRH:0
end_of_record
TN:
SF:src\models\product.js
FN:6,(anonymous_0)
FN:9,(anonymous_1)
FNF:2
FNH:2
FNDA:6,(anonymous_0)
FNDA:6,(anonymous_1)
DA:5,6
DA:6,6
DA:10,6
DA:11,6
DA:12,6
DA:13,6
DA:16,6
DA:31,6
LF:8
LH:8
BRF:0
BRH:0
end_of_record
TN:
SF:src\models\productDetailSize.js
FN:6,(anonymous_0)
FN:8,(anonymous_1)
FNF:2
FNH:2
FNDA:6,(anonymous_0)
FNDA:6,(anonymous_1)
DA:5,6
DA:6,6
DA:9,6
DA:12,6
DA:23,6
LF:5
LH:5
BRF:0
BRH:0
end_of_record
TN:
SF:src\models\recommendation.js
FN:2,(anonymous_0)
FN:16,(anonymous_1)
FNF:2
FNH:2
FNDA:6,(anonymous_0)
FNDA:6,(anonymous_1)
DA:2,6
DA:3,6
DA:16,6
DA:17,6
DA:18,6
DA:20,6
LF:6
LH:6
BRF:0
BRH:0
end_of_record
TN:
SF:src\models\shopcart.js
FN:5,(anonymous_0)
FN:12,(anonymous_1)
FNF:2
FNH:2
FNDA:6,(anonymous_0)
FNDA:6,(anonymous_1)
DA:4,6
DA:5,6
DA:16,6
DA:25,6
LF:4
LH:4
BRF:0
BRH:0
end_of_record
TN:
SF:src\models\typeship.js
FN:5,(anonymous_0)
FN:8,(anonymous_1)
FNF:2
FNH:2
FNDA:6,(anonymous_0)
FNDA:6,(anonymous_1)
DA:4,6
DA:5,6
DA:9,6
DA:12,6
DA:19,6
LF:5
LH:5
BRF:0
BRH:0
end_of_record
TN:
SF:src\models\typevoucher.js
FN:5,(anonymous_0)
FN:12,(anonymous_1)
FNF:2
FNH:2
FNDA:6,(anonymous_0)
FNDA:6,(anonymous_1)
DA:4,6
DA:5,6
DA:13,6
DA:14,6
DA:17,6
DA:26,6
LF:6
LH:6
BRF:0
BRH:0
end_of_record
TN:
SF:src\models\user.js
FN:3,(anonymous_0)
FN:5,(anonymous_1)
FNF:2
FNH:2
FNDA:6,(anonymous_0)
FNDA:6,(anonymous_1)
DA:2,6
DA:3,6
DA:6,6
DA:7,6
DA:10,6
DA:28,6
LF:6
LH:6
BRF:0
BRH:0
end_of_record
TN:
SF:src\models\voucher.js
FN:5,(anonymous_0)
FN:12,(anonymous_1)
FNF:2
FNH:2
FNDA:6,(anonymous_0)
FNDA:6,(anonymous_1)
DA:4,6
DA:5,6
DA:13,6
DA:14,6
DA:17,6
DA:27,6
LF:6
LH:6
BRF:0
BRH:0
end_of_record
TN:
SF:src\models\voucherused.js
FN:5,(anonymous_0)
FN:8,(anonymous_1)
FNF:2
FNH:2
FNDA:6,(anonymous_0)
FNDA:6,(anonymous_1)
DA:4,6
DA:5,6
DA:14,6
DA:22,6
LF:4
LH:4
BRF:0
BRH:0
end_of_record
TN:
SF:src\services\blogService.js
FN:4,(anonymous_0)
FN:5,(anonymous_1)
FN:34,(anonymous_2)
FN:35,(anonymous_3)
FN:73,(anonymous_4)
FN:74,(anonymous_5)
FN:117,(anonymous_6)
FN:118,(anonymous_7)
FN:151,(anonymous_8)
FN:152,(anonymous_9)
FN:179,(anonymous_10)
FN:180,(anonymous_11)
FN:216,(anonymous_12)
FN:217,(anonymous_13)
FNF:14
FNH:0
FNDA:0,(anonymous_0)
FNDA:0,(anonymous_1)
FNDA:0,(anonymous_2)
FNDA:0,(anonymous_3)
FNDA:0,(anonymous_4)
FNDA:0,(anonymous_5)
FNDA:0,(anonymous_6)
FNDA:0,(anonymous_7)
FNDA:0,(anonymous_8)
FNDA:0,(anonymous_9)
FNDA:0,(anonymous_10)
FNDA:0,(anonymous_11)
FNDA:0,(anonymous_12)
FNDA:0,(anonymous_13)
DA:2,1
DA:3,1
DA:4,1
DA:5,0
DA:6,0
DA:7,0
DA:8,0
DA:13,0
DA:24,0
DA:30,0
DA:34,1
DA:35,0
DA:36,0
DA:37,0
DA:38,0
DA:43,0
DA:47,0
DA:48,0
DA:49,0
DA:58,0
DA:60,0
DA:61,0
DA:63,0
DA:69,0
DA:73,1
DA:74,0
DA:75,0
DA:76,0
DA:85,0
DA:86,0
DA:87,0
DA:89,0
DA:91,0
DA:93,0
DA:94,0
DA:95,0
DA:96,0
DA:97,0
DA:98,0
DA:99,0
DA:104,0
DA:113,0
DA:117,1
DA:118,0
DA:119,0
DA:120,0
DA:121,0
DA:126,0
DA:130,0
DA:131,0
DA:132,0
DA:133,0
DA:134,0
DA:135,0
DA:136,0
DA:138,0
DA:139,0
DA:147,0
DA:151,1
DA:152,0
DA:153,0
DA:154,0
DA:155,0
DA:160,0
DA:163,0
DA:164,0
DA:167,0
DA:175,0
DA:179,1
DA:180,0
DA:181,0
DA:183,0
DA:194,0
DA:195,0
DA:196,0
DA:197,0
DA:198,0
DA:203,0
DA:212,0
DA:216,1
DA:217,0
DA:218,0
DA:220,0
DA:231,0
DA:232,0
DA:233,0
DA:234,0
DA:235,0
DA:240,0
DA:249,0
DA:253,1
LF:91
LH:10
BRDA:7,0,0,0
BRDA:7,0,1,0
BRDA:7,1,0,0
BRDA:7,1,1,0
BRDA:7,1,2,0
BRDA:7,1,3,0
BRDA:7,1,4,0
BRDA:7,1,5,0
BRDA:37,2,0,0
BRDA:37,2,1,0
BRDA:60,3,0,0
BRDA:60,3,1,0
BRDA:60,4,0,0
BRDA:60,4,1,0
BRDA:85,5,0,0
BRDA:85,5,1,0
BRDA:85,6,0,0
BRDA:85,6,1,0
BRDA:89,7,0,0
BRDA:89,7,1,0
BRDA:89,8,0,0
BRDA:89,8,1,0
BRDA:93,9,0,0
BRDA:93,9,1,0
BRDA:95,10,0,0
BRDA:95,10,1,0
BRDA:95,11,0,0
BRDA:95,11,1,0
BRDA:120,12,0,0
BRDA:120,12,1,0
BRDA:120,13,0,0
BRDA:120,13,1,0
BRDA:120,13,2,0
BRDA:120,13,3,0
BRDA:120,13,4,0
BRDA:120,13,5,0
BRDA:130,14,0,0
BRDA:130,14,1,0
BRDA:154,15,0,0
BRDA:154,15,1,0
BRDA:163,16,0,0
BRDA:163,16,1,0
BRDA:194,17,0,0
BRDA:194,17,1,0
BRDA:194,18,0,0
BRDA:194,18,1,0
BRDA:231,19,0,0
BRDA:231,19,1,0
BRDA:231,20,0,0
BRDA:231,20,1,0
BRF:50
BRH:0
end_of_record
TN:
SF:src\services\commentService.js
FN:8,(anonymous_0)
FN:9,(anonymous_1)
FN:37,(anonymous_2)
FN:38,(anonymous_3)
FN:96,(anonymous_4)
FN:97,(anonymous_5)
FN:124,(anonymous_6)
FN:125,(anonymous_7)
FN:162,(anonymous_8)
FN:163,(anonymous_9)
FN:190,(anonymous_10)
FN:191,(anonymous_11)
FN:245,(anonymous_12)
FN:246,(anonymous_13)
FN:273,(anonymous_14)
FN:274,(anonymous_15)
FNF:16
FNH:16
FNDA:2,(anonymous_0)
FNDA:2,(anonymous_1)
FNDA:2,(anonymous_2)
FNDA:2,(anonymous_3)
FNDA:2,(anonymous_4)
FNDA:2,(anonymous_5)
FNDA:2,(anonymous_6)
FNDA:2,(anonymous_7)
FNDA:2,(anonymous_8)
FNDA:2,(anonymous_9)
FNDA:2,(anonymous_10)
FNDA:2,(anonymous_11)
FNDA:2,(anonymous_12)
FNDA:2,(anonymous_13)
FNDA:2,(anonymous_14)
FNDA:2,(anonymous_15)
DA:2,1
DA:8,1
DA:9,2
DA:10,2
DA:11,2
DA:12,1
DA:18,1
DA:26,1
DA:31,0
DA:32,0
DA:37,1
DA:38,2
DA:39,2
DA:40,2
DA:41,1
DA:47,1
DA:52,1
DA:53,1
DA:55,1
DA:60,1
DA:66,1
DA:74,1
DA:75,1
DA:78,1
DA:80,0
DA:85,1
DA:90,0
DA:91,0
DA:96,1
DA:97,2
DA:98,2
DA:99,2
DA:100,1
DA:106,1
DA:113,1
DA:118,0
DA:119,0
DA:124,1
DA:125,2
DA:126,2
DA:127,2
DA:128,0
DA:134,2
DA:138,2
DA:139,1
DA:140,1
DA:145,1
DA:151,0
DA:152,0
DA:162,1
DA:163,2
DA:164,2
DA:165,2
DA:166,1
DA:172,1
DA:179,1
DA:184,0
DA:185,0
DA:190,1
DA:191,2
DA:192,2
DA:193,2
DA:194,1
DA:200,1
DA:206,1
DA:207,1
DA:208,1
DA:212,1
DA:217,1
DA:223,1
DA:224,1
DA:227,1
DA:229,0
DA:234,1
DA:239,0
DA:240,0
DA:245,1
DA:246,2
DA:247,2
DA:248,2
DA:249,1
DA:255,1
DA:262,1
DA:267,0
DA:268,0
DA:273,1
DA:274,2
DA:275,2
DA:276,2
DA:277,0
DA:283,2
DA:287,2
DA:288,1
DA:289,1
DA:294,1
DA:300,0
DA:301,0
DA:306,1
LF:98
LH:78
BRDA:11,0,0,1
BRDA:11,0,1,1
BRDA:11,1,0,2
BRDA:11,1,1,1
BRDA:11,1,2,1
BRDA:11,1,3,1
BRDA:23,2,0,1
BRDA:23,2,1,1
BRDA:40,3,0,1
BRDA:40,3,1,1
BRDA:52,4,0,1
BRDA:52,4,1,0
BRDA:52,5,0,1
BRDA:52,5,1,1
BRDA:55,6,0,0
BRDA:55,6,1,1
BRDA:74,7,0,1
BRDA:74,7,1,0
BRDA:75,8,0,0
BRDA:75,8,1,1
BRDA:99,9,0,1
BRDA:99,9,1,1
BRDA:99,10,0,2
BRDA:99,10,1,2
BRDA:99,10,2,2
BRDA:99,10,3,1
BRDA:127,11,0,0
BRDA:127,11,1,2
BRDA:138,12,0,1
BRDA:138,12,1,1
BRDA:165,13,0,1
BRDA:165,13,1,1
BRDA:165,14,0,2
BRDA:165,14,1,1
BRDA:165,14,2,1
BRDA:176,15,0,1
BRDA:176,15,1,1
BRDA:193,16,0,1
BRDA:193,16,1,1
BRDA:206,17,0,1
BRDA:206,17,1,0
BRDA:206,18,0,1
BRDA:206,18,1,1
BRDA:208,19,0,0
BRDA:208,19,1,1
BRDA:223,20,0,1
BRDA:223,20,1,0
BRDA:224,21,0,0
BRDA:224,21,1,1
BRDA:248,22,0,1
BRDA:248,22,1,1
BRDA:248,23,0,2
BRDA:248,23,1,2
BRDA:248,23,2,2
BRDA:248,23,3,1
BRDA:276,24,0,0
BRDA:276,24,1,2
BRDA:287,25,0,1
BRDA:287,25,1,1
BRF:59
BRH:49
end_of_record
TN:
SF:src\services\emailService.js
FN:4,(anonymous_0)
FN:31,(anonymous_1)
FN:44,(anonymous_2)
FNF:3
FNH:3
FNDA:4,(anonymous_0)
FNDA:3,(anonymous_1)
FNDA:1,(anonymous_2)
DA:1,2
DA:2,2
DA:4,2
DA:5,4
DA:14,4
DA:15,3
DA:22,3
DA:23,1
DA:31,2
DA:32,3
DA:33,3
DA:42,3
DA:44,2
DA:45,1
DA:46,1
DA:55,1
DA:89,2
LF:17
LH:17
BRDA:14,0,0,3
BRDA:14,0,1,1
BRDA:22,1,0,1
BRDA:22,1,1,2
BRF:4
BRH:4
end_of_record
TN:
SF:src\services\messageService.js
FN:6,_msgKey
FN:10,_isRecent
FN:17,_markRecent
FN:21,(anonymous_3)
FN:22,(anonymous_4)
FN:70,(anonymous_5)
FN:71,(anonymous_6)
FN:125,(anonymous_7)
FN:126,(anonymous_8)
FN:162,(anonymous_9)
FN:163,(anonymous_10)
FN:198,(anonymous_11)
FN:199,(anonymous_12)
FNF:13
FNH:13
FNDA:3,_msgKey
FNDA:3,_isRecent
FNDA:2,_markRecent
FNDA:3,(anonymous_3)
FNDA:3,(anonymous_4)
FNDA:4,(anonymous_5)
FNDA:4,(anonymous_6)
FNDA:2,(anonymous_7)
FNDA:2,(anonymous_8)
FNDA:2,(anonymous_9)
FNDA:2,(anonymous_10)
FNDA:1,(anonymous_11)
FNDA:1,(anonymous_12)
DA:5,1
DA:7,3
DA:8,3
DA:11,3
DA:12,3
DA:13,3
DA:14,2
DA:15,2
DA:18,2
DA:21,1
DA:22,3
DA:23,3
DA:24,3
DA:25,1
DA:30,2
DA:33,2
DA:34,2
DA:35,1
DA:40,1
DA:41,1
DA:45,1
DA:46,1
DA:51,0
DA:57,0
DA:65,0
DA:70,1
DA:71,4
DA:72,4
DA:73,4
DA:74,4
DA:75,4
DA:76,4
DA:77,4
DA:78,1
DA:83,3
DA:84,3
DA:85,1
DA:89,2
DA:90,2
DA:99,2
DA:100,0
DA:101,0
DA:104,2
DA:110,2
DA:111,2
DA:112,2
DA:117,0
DA:120,0
DA:125,1
DA:126,2
DA:127,2
DA:128,2
DA:129,1
DA:134,1
DA:140,1
DA:145,1
DA:146,1
DA:147,1
DA:148,0
DA:151,1
DA:157,0
DA:162,1
DA:163,2
DA:164,2
DA:165,2
DA:166,1
DA:171,1
DA:175,1
DA:176,1
DA:178,1
DA:179,1
DA:180,0
DA:182,1
DA:183,1
DA:184,0
DA:187,1
DA:193,0
DA:198,1
DA:199,1
DA:200,1
DA:201,1
DA:202,1
DA:203,1
DA:206,1
DA:207,1
DA:208,1
DA:209,1
DA:210,0
DA:212,1
DA:213,1
DA:214,0
DA:217,1
DA:225,0
DA:229,1
LF:94
LH:79
BRDA:7,0,0,3
BRDA:7,0,1,0
BRDA:13,1,0,1
BRDA:13,1,1,2
BRDA:13,2,0,3
BRDA:13,2,1,1
BRDA:14,3,0,0
BRDA:14,3,1,2
BRDA:17,4,0,2
BRDA:24,5,0,1
BRDA:24,5,1,2
BRDA:34,6,0,1
BRDA:34,6,1,1
BRDA:40,7,0,1
BRDA:40,7,1,0
BRDA:45,8,0,1
BRDA:45,8,1,0
BRDA:75,9,0,4
BRDA:75,9,1,1
BRDA:77,10,0,1
BRDA:77,10,1,3
BRDA:77,11,0,4
BRDA:77,11,1,4
BRDA:77,11,2,3
BRDA:84,12,0,1
BRDA:84,12,1,2
BRDA:99,13,0,0
BRDA:99,13,1,2
BRDA:111,14,0,2
BRDA:111,14,1,0
BRDA:128,15,0,1
BRDA:128,15,1,1
BRDA:147,16,0,0
BRDA:147,16,1,1
BRDA:165,17,0,1
BRDA:165,17,1,1
BRDA:179,18,0,0
BRDA:179,18,1,1
BRDA:183,19,0,0
BRDA:183,19,1,1
BRDA:202,20,0,1
BRDA:202,20,1,0
BRDA:209,21,0,0
BRDA:209,21,1,1
BRDA:213,22,0,0
BRDA:213,22,1,1
BRF:46
BRH:34
end_of_record
TN:
SF:src\services\orderService.js
FN:21,(anonymous_0)
FN:22,(anonymous_1)
FN:39,(anonymous_2)
FN:84,(anonymous_3)
FN:85,(anonymous_4)
FN:118,(anonymous_5)
FN:119,(anonymous_6)
FN:168,(anonymous_7)
FN:169,(anonymous_8)
FN:253,(anonymous_9)
FN:254,(anonymous_10)
FN:301,(anonymous_11)
FN:302,(anonymous_12)
FN:379,(anonymous_13)
FN:380,(anonymous_14)
FN:451,(anonymous_15)
FN:452,(anonymous_16)
FN:523,(anonymous_17)
FN:542,(anonymous_18)
FN:543,(anonymous_19)
FN:568,(anonymous_20)
FN:584,(anonymous_21)
FN:633,(anonymous_22)
FN:634,(anonymous_23)
FN:645,(anonymous_24)
FN:688,(anonymous_25)
FN:689,(anonymous_26)
FN:715,(anonymous_27)
FN:716,(anonymous_28)
FN:781,(anonymous_29)
FN:782,(anonymous_30)
FN:817,sortObject
FN:833,(anonymous_32)
FN:834,(anonymous_33)
FNF:34
FNH:19
FNDA:2,(anonymous_0)
FNDA:2,(anonymous_1)
FNDA:1,(anonymous_2)
FNDA:3,(anonymous_3)
FNDA:3,(anonymous_4)
FNDA:2,(anonymous_5)
FNDA:2,(anonymous_6)
FNDA:2,(anonymous_7)
FNDA:2,(anonymous_8)
FNDA:1,(anonymous_9)
FNDA:1,(anonymous_10)
FNDA:2,(anonymous_11)
FNDA:2,(anonymous_12)
FNDA:4,(anonymous_13)
FNDA:4,(anonymous_14)
FNDA:0,(anonymous_15)
FNDA:0,(anonymous_16)
FNDA:0,(anonymous_17)
FNDA:0,(anonymous_18)
FNDA:0,(anonymous_19)
FNDA:0,(anonymous_20)
FNDA:0,(anonymous_21)
FNDA:0,(anonymous_22)
FNDA:0,(anonymous_23)
FNDA:0,(anonymous_24)
FNDA:2,(anonymous_25)
FNDA:2,(anonymous_26)
FNDA:0,(anonymous_27)
FNDA:0,(anonymous_28)
FNDA:0,(anonymous_29)
FNDA:0,(anonymous_30)
FNDA:0,sortObject
FNDA:2,(anonymous_32)
FNDA:2,(anonymous_33)
DA:4,1
DA:5,1
DA:6,1
DA:8,1
DA:12,1
DA:13,1
DA:21,1
DA:22,2
DA:23,2
DA:24,2
DA:25,1
DA:30,1
DA:39,1
DA:40,1
DA:41,1
DA:44,1
DA:45,1
DA:48,1
DA:49,1
DA:52,1
DA:53,1
DA:60,1
DA:63,1
DA:64,0
DA:71,0
DA:72,0
DA:74,1
DA:80,0
DA:84,1
DA:85,3
DA:86,3
DA:87,3
DA:88,1
DA:89,1
DA:92,2
DA:93,1
DA:94,1
DA:96,1
DA:97,1
DA:98,0
DA:99,0
DA:102,1
DA:103,0
DA:104,0
DA:106,0
DA:109,1
DA:111,1
DA:112,1
DA:114,0
DA:118,1
DA:119,2
DA:120,2
DA:121,2
DA:131,2
DA:132,0
DA:133,0
DA:135,2
DA:136,0
DA:137,2
DA:138,1
DA:139,2
DA:142,2
DA:146,2
DA:147,0
DA:153,0
DA:154,0
DA:155,0
DA:158,1
DA:164,1
DA:168,1
DA:169,2
DA:170,2
DA:171,2
DA:172,1
DA:177,1
DA:187,1
DA:188,0
DA:191,1
DA:195,1
DA:198,1
DA:201,1
DA:202,1
DA:210,1
DA:211,1
DA:212,0
DA:220,0
DA:225,0
DA:228,0
DA:233,0
DA:234,0
DA:241,1
DA:243,1
DA:249,0
DA:253,1
DA:254,1
DA:255,1
DA:256,1
DA:257,0
DA:262,1
DA:266,1
DA:268,1
DA:269,0
DA:271,1
DA:273,1
DA:278,0
DA:279,0
DA:285,0
DA:287,0
DA:291,1
DA:297,0
DA:301,1
DA:302,2
DA:303,2
DA:304,2
DA:305,1
DA:310,1
DA:313,1
DA:314,0
DA:324,0
DA:325,0
DA:331,0
DA:334,0
DA:335,0
DA:342,0
DA:347,0
DA:352,0
DA:357,0
DA:358,0
DA:365,0
DA:369,1
DA:375,0
DA:379,1
DA:380,4
DA:381,4
DA:382,4
DA:385,4
DA:386,1
DA:390,3
DA:392,1
DA:396,2
DA:398,1
DA:404,1
DA:415,4
DA:427,4
DA:429,4
DA:430,0
DA:433,0
DA:434,0
DA:437,0
DA:438,0
DA:442,4
DA:447,0
DA:451,1
DA:452,0
DA:453,0
DA:454,0
DA:455,0
DA:456,0
DA:457,0
DA:463,0
DA:468,0
DA:471,0
DA:475,0
DA:476,0
DA:477,0
DA:489,0
DA:490,0
DA:492,0
DA:500,0
DA:523,0
DA:524,0
DA:525,0
DA:530,0
DA:538,0
DA:542,1
DA:543,0
DA:544,0
DA:545,0
DA:546,0
DA:551,0
DA:563,0
DA:565,0
DA:569,0
DA:570,0
DA:575,0
DA:584,0
DA:585,0
DA:586,0
DA:589,0
DA:590,0
DA:593,0
DA:594,0
DA:597,0
DA:598,0
DA:604,0
DA:606,0
DA:609,0
DA:610,0
DA:617,0
DA:618,0
DA:620,0
DA:629,0
DA:633,1
DA:634,0
DA:635,0
DA:636,0
DA:645,0
DA:646,0
DA:647,0
DA:650,0
DA:651,0
DA:654,0
DA:655,0
DA:658,0
DA:659,0
DA:663,0
DA:665,0
DA:668,0
DA:669,0
DA:676,0
DA:677,0
DA:679,0
DA:684,0
DA:688,1
DA:689,2
DA:690,2
DA:691,2
DA:692,1
DA:697,1
DA:701,1
DA:702,1
DA:703,1
DA:705,1
DA:711,0
DA:715,1
DA:716,0
DA:717,0
DA:719,0
DA:724,0
DA:725,0
DA:726,0
DA:727,0
DA:729,0
DA:730,0
DA:732,0
DA:733,0
DA:734,0
DA:735,0
DA:737,0
DA:738,0
DA:739,0
DA:740,0
DA:741,0
DA:743,0
DA:744,0
DA:745,0
DA:746,0
DA:747,0
DA:749,0
DA:750,0
DA:751,0
DA:752,0
DA:753,0
DA:754,0
DA:755,0
DA:756,0
DA:757,0
DA:758,0
DA:759,0
DA:762,0
DA:764,0
DA:766,0
DA:767,0
DA:768,0
DA:770,0
DA:771,0
DA:772,0
DA:777,0
DA:781,1
DA:782,0
DA:783,0
DA:784,0
DA:786,0
DA:788,0
DA:789,0
DA:791,0
DA:793,0
DA:794,0
DA:796,0
DA:798,0
DA:799,0
DA:801,0
DA:802,0
DA:807,0
DA:813,0
DA:818,0
DA:819,0
DA:821,0
DA:822,0
DA:823,0
DA:826,0
DA:827,0
DA:828,0
DA:830,0
DA:833,1
DA:834,2
DA:835,2
DA:836,2
DA:837,1
DA:842,1
DA:848,1
DA:850,1
DA:851,1
DA:853,1
DA:859,0
DA:864,1
LF:316
LH:127
BRDA:24,0,0,1
BRDA:24,0,1,1
BRDA:24,1,0,2
BRDA:24,1,1,1
BRDA:48,2,0,1
BRDA:48,2,1,0
BRDA:63,3,0,0
BRDA:63,3,1,1
BRDA:63,4,0,1
BRDA:63,4,1,0
BRDA:87,5,0,1
BRDA:87,5,1,2
BRDA:87,6,0,3
BRDA:87,6,1,2
BRDA:92,7,0,1
BRDA:92,7,1,1
BRDA:97,8,0,0
BRDA:97,8,1,1
BRDA:102,9,0,0
BRDA:102,9,1,1
BRDA:103,10,0,0
BRDA:103,10,1,0
BRDA:103,11,0,0
BRDA:103,11,1,0
BRDA:131,12,0,0
BRDA:131,12,1,2
BRDA:131,13,0,2
BRDA:131,13,1,1
BRDA:135,14,0,0
BRDA:135,14,1,2
BRDA:135,15,0,2
BRDA:135,15,1,0
BRDA:146,16,0,0
BRDA:146,16,1,2
BRDA:171,17,0,1
BRDA:171,17,1,1
BRDA:187,18,0,0
BRDA:187,18,1,1
BRDA:256,19,0,0
BRDA:256,19,1,1
BRDA:256,20,0,1
BRDA:256,20,1,1
BRDA:268,21,0,0
BRDA:268,21,1,1
BRDA:268,22,0,1
BRDA:268,22,1,1
BRDA:268,22,2,0
BRDA:273,23,0,0
BRDA:273,23,1,1
BRDA:274,24,0,1
BRDA:274,24,1,0
BRDA:274,24,2,0
BRDA:304,25,0,1
BRDA:304,25,1,1
BRDA:385,26,0,1
BRDA:385,26,1,3
BRDA:390,27,0,1
BRDA:390,27,1,2
BRDA:396,28,0,1
BRDA:396,28,1,1
BRDA:433,29,0,0
BRDA:433,29,1,0
BRDA:524,30,0,0
BRDA:524,30,1,0
BRDA:545,31,0,0
BRDA:545,31,1,0
BRDA:545,32,0,0
BRDA:545,32,1,0
BRDA:545,32,2,0
BRDA:569,33,0,0
BRDA:569,33,1,0
BRDA:593,34,0,0
BRDA:593,34,1,0
BRDA:609,35,0,0
BRDA:609,35,1,0
BRDA:609,36,0,0
BRDA:609,36,1,0
BRDA:654,37,0,0
BRDA:654,37,1,0
BRDA:668,38,0,0
BRDA:668,38,1,0
BRDA:668,39,0,0
BRDA:668,39,1,0
BRDA:691,40,0,1
BRDA:691,40,1,1
BRDA:691,41,0,2
BRDA:691,41,1,1
BRDA:691,41,2,1
BRDA:719,42,0,0
BRDA:719,42,1,0
BRDA:719,42,2,0
BRDA:719,42,3,0
BRDA:740,43,0,0
BRDA:740,43,1,0
BRDA:740,44,0,0
BRDA:740,44,1,0
BRDA:758,45,0,0
BRDA:758,45,1,0
BRDA:758,46,0,0
BRDA:758,46,1,0
BRDA:801,47,0,0
BRDA:801,47,1,0
BRDA:822,48,0,0
BRDA:822,48,1,0
BRDA:836,49,0,1
BRDA:836,49,1,1
BRDA:836,50,0,2
BRDA:836,50,1,1
BRF:108
BRH:49
end_of_record
TN:
SF:src\services\pythonInvoker.js
FN:16,runPythonInference
FN:17,(anonymous_1)
FN:47,(anonymous_2)
FN:59,(anonymous_3)
FN:60,(anonymous_4)
FN:62,(anonymous_5)
FNF:6
FNH:0
FNDA:0,runPythonInference
FNDA:0,(anonymous_1)
FNDA:0,(anonymous_2)
FNDA:0,(anonymous_3)
FNDA:0,(anonymous_4)
FNDA:0,(anonymous_5)
DA:5,1
DA:9,1
DA:13,1
DA:14,1
DA:17,0
DA:18,0
DA:20,0
DA:30,0
DA:38,0
DA:44,0
DA:45,0
DA:47,0
DA:48,0
DA:49,0
DA:50,0
DA:51,0
DA:53,0
DA:56,0
DA:59,0
DA:60,0
DA:62,0
DA:63,0
DA:64,0
DA:65,0
DA:66,0
DA:68,0
DA:69,0
DA:70,0
DA:73,0
DA:74,0
DA:75,0
DA:78,0
DA:79,0
DA:80,0
DA:82,0
DA:87,0
DA:88,0
DA:89,0
DA:90,0
DA:92,0
LF:40
LH:4
BRDA:9,0,0,1
BRDA:9,0,1,0
BRDA:13,1,0,1
BRDA:13,1,1,1
BRDA:16,2,0,0
BRDA:16,3,0,0
BRDA:23,4,0,0
BRDA:23,4,1,0
BRDA:24,5,0,0
BRDA:24,5,1,0
BRDA:25,6,0,0
BRDA:25,6,1,0
BRDA:26,7,0,0
BRDA:26,7,1,0
BRDA:27,8,0,0
BRDA:27,8,1,0
BRDA:50,9,0,0
BRDA:50,9,1,0
BRDA:68,10,0,0
BRDA:68,10,1,0
BRDA:73,11,0,0
BRDA:73,11,1,0
BRDA:73,12,0,0
BRDA:73,12,1,0
BRDA:87,13,0,0
BRDA:87,13,1,0
BRDA:92,14,0,0
BRDA:92,14,1,0
BRF:28
BRH:3
end_of_record
TN:
SF:src\services\recommendationService.js
FN:17,pickBestModel
FN:34,ensureTables
FN:67,deriveContext
FN:78,priceRange
FN:86,intentFromInteractions
FN:92,scoreSample
FN:102,buildUserProductFeatures
FN:108,(anonymous_7)
FN:145,(anonymous_8)
FN:179,(anonymous_9)
FN:184,computeRecommendationsForUser
FN:205,(anonymous_11)
FN:268,(anonymous_12)
FN:273,(anonymous_13)
FN:285,(anonymous_14)
FN:310,(anonymous_15)
FN:328,rescore
FN:329,(anonymous_17)
FN:337,(anonymous_18)
FN:340,backfillTop
FN:341,(anonymous_20)
FN:343,(anonymous_21)
FN:369,(anonymous_22)
FN:370,(anonymous_23)
FN:382,(anonymous_24)
FN:391,initForUser
FN:419,(anonymous_26)
FN:423,(anonymous_27)
FN:436,getCachedForUser
FN:442,clearForUser
FNF:30
FNH:0
FNDA:0,pickBestModel
FNDA:0,ensureTables
FNDA:0,deriveContext
FNDA:0,priceRange
FNDA:0,intentFromInteractions
FNDA:0,scoreSample
FNDA:0,buildUserProductFeatures
FNDA:0,(anonymous_7)
FNDA:0,(anonymous_8)
FNDA:0,(anonymous_9)
FNDA:0,computeRecommendationsForUser
FNDA:0,(anonymous_11)
FNDA:0,(anonymous_12)
FNDA:0,(anonymous_13)
FNDA:0,(anonymous_14)
FNDA:0,(anonymous_15)
FNDA:0,rescore
FNDA:0,(anonymous_17)
FNDA:0,(anonymous_18)
FNDA:0,backfillTop
FNDA:0,(anonymous_20)
FNDA:0,(anonymous_21)
FNDA:0,(anonymous_22)
FNDA:0,(anonymous_23)
FNDA:0,(anonymous_24)
FNDA:0,initForUser
FNDA:0,(anonymous_26)
FNDA:0,(anonymous_27)
FNDA:0,getCachedForUser
FNDA:0,clearForUser
DA:5,1
DA:8,1
DA:9,1
DA:10,1
DA:12,0
DA:14,1
DA:15,1
DA:18,0
DA:19,0
DA:20,0
DA:21,0
DA:22,0
DA:23,0
DA:24,0
DA:25,0
DA:27,0
DA:30,0
DA:35,0
DA:37,0
DA:38,0
DA:40,0
DA:52,0
DA:53,0
DA:55,0
DA:68,0
DA:69,0
DA:70,0
DA:71,0
DA:72,0
DA:73,0
DA:74,0
DA:75,0
DA:79,0
DA:80,0
DA:81,0
DA:82,0
DA:83,0
DA:88,0
DA:89,0
DA:94,0
DA:95,0
DA:96,0
DA:97,0
DA:98,0
DA:99,0
DA:104,0
DA:108,0
DA:110,0
DA:111,0
DA:112,0
DA:113,0
DA:114,0
DA:116,0
DA:117,0
DA:118,0
DA:119,0
DA:120,0
DA:122,0
DA:123,0
DA:124,0
DA:125,0
DA:126,0
DA:127,0
DA:130,0
DA:131,0
DA:132,0
DA:134,0
DA:136,0
DA:137,0
DA:138,0
DA:139,0
DA:140,0
DA:141,0
DA:142,0
DA:143,0
DA:144,0
DA:145,0
DA:146,0
DA:147,0
DA:148,0
DA:149,0
DA:151,0
DA:152,0
DA:179,0
DA:180,0
DA:186,0
DA:187,0
DA:188,0
DA:190,0
DA:191,0
DA:195,0
DA:197,0
DA:205,0
DA:206,0
DA:207,0
DA:210,0
DA:211,0
DA:214,0
DA:221,0
DA:222,0
DA:223,0
DA:224,0
DA:225,0
DA:228,0
DA:239,0
DA:240,0
DA:243,0
DA:244,0
DA:245,0
DA:248,0
DA:249,0
DA:250,0
DA:251,0
DA:253,0
DA:254,0
DA:255,0
DA:261,0
DA:263,0
DA:264,0
DA:268,0
DA:269,0
DA:270,0
DA:271,0
DA:272,0
DA:273,0
DA:275,0
DA:276,0
DA:277,0
DA:278,0
DA:279,0
DA:281,0
DA:282,0
DA:283,0
DA:285,0
DA:286,0
DA:287,0
DA:288,0
DA:292,0
DA:295,0
DA:298,0
DA:299,0
DA:302,0
DA:310,0
DA:312,0
DA:317,0
DA:318,0
DA:320,0
DA:329,0
DA:330,0
DA:331,0
DA:332,0
DA:333,0
DA:334,0
DA:335,0
DA:336,0
DA:337,0
DA:341,0
DA:342,0
DA:343,0
DA:344,0
DA:345,0
DA:354,0
DA:356,0
DA:357,0
DA:358,0
DA:359,0
DA:361,0
DA:364,0
DA:365,0
DA:366,0
DA:367,0
DA:369,0
DA:370,0
DA:371,0
DA:372,0
DA:373,0
DA:374,0
DA:375,0
DA:376,0
DA:378,0
DA:382,0
DA:383,0
DA:384,0
DA:389,1
DA:393,0
DA:394,0
DA:395,0
DA:397,0
DA:398,0
DA:401,0
DA:402,0
DA:404,0
DA:405,0
DA:406,0
DA:407,0
DA:409,0
DA:410,0
DA:411,0
DA:412,0
DA:413,0
DA:414,0
DA:415,0
DA:418,0
DA:419,0
DA:420,0
DA:422,0
DA:423,0
DA:424,0
DA:426,0
DA:427,0
DA:429,0
DA:430,0
DA:432,0
DA:437,0
DA:438,0
DA:439,0
DA:443,0
DA:444,0
DA:445,0
DA:446,0
DA:449,1
LF:221
LH:8
BRDA:25,0,0,0
BRDA:25,0,1,0
BRDA:25,1,0,0
BRDA:25,1,1,0
BRDA:27,2,0,0
BRDA:27,2,1,0
BRDA:72,3,0,0
BRDA:72,3,1,0
BRDA:73,4,0,0
BRDA:73,4,1,0
BRDA:73,5,0,0
BRDA:73,5,1,0
BRDA:73,6,0,0
BRDA:73,6,1,0
BRDA:73,7,0,0
BRDA:73,7,1,0
BRDA:74,8,0,0
BRDA:74,8,1,0
BRDA:74,9,0,0
BRDA:74,9,1,0
BRDA:74,10,0,0
BRDA:74,10,1,0
BRDA:79,11,0,0
BRDA:79,11,1,0
BRDA:80,12,0,0
BRDA:80,12,1,0
BRDA:81,13,0,0
BRDA:81,13,1,0
BRDA:82,14,0,0
BRDA:82,14,1,0
BRDA:89,15,0,0
BRDA:89,15,1,0
BRDA:89,16,0,0
BRDA:89,16,1,0
BRDA:94,17,0,0
BRDA:94,17,1,0
BRDA:95,18,0,0
BRDA:95,18,1,0
BRDA:96,19,0,0
BRDA:96,19,1,0
BRDA:97,20,0,0
BRDA:97,20,1,0
BRDA:113,21,0,0
BRDA:113,21,1,0
BRDA:119,22,0,0
BRDA:119,22,1,0
BRDA:126,23,0,0
BRDA:126,23,1,0
BRDA:132,24,0,0
BRDA:132,24,1,0
BRDA:134,25,0,0
BRDA:134,25,1,0
BRDA:138,26,0,0
BRDA:138,26,1,0
BRDA:138,27,0,0
BRDA:138,27,1,0
BRDA:139,28,0,0
BRDA:139,28,1,0
BRDA:140,29,0,0
BRDA:140,29,1,0
BRDA:141,30,0,0
BRDA:141,30,1,0
BRDA:141,31,0,0
BRDA:141,31,1,0
BRDA:142,32,0,0
BRDA:142,32,1,0
BRDA:143,33,0,0
BRDA:143,33,1,0
BRDA:145,34,0,0
BRDA:145,34,1,0
BRDA:145,35,0,0
BRDA:145,35,1,0
BRDA:146,36,0,0
BRDA:146,36,1,0
BRDA:148,37,0,0
BRDA:148,37,1,0
BRDA:148,38,0,0
BRDA:148,38,1,0
BRDA:157,39,0,0
BRDA:157,39,1,0
BRDA:160,40,0,0
BRDA:160,40,1,0
BRDA:161,41,0,0
BRDA:161,41,1,0
BRDA:163,42,0,0
BRDA:163,42,1,0
BRDA:184,43,0,0
BRDA:187,44,0,0
BRDA:187,44,1,0
BRDA:190,45,0,0
BRDA:190,45,1,0
BRDA:190,46,0,0
BRDA:190,46,1,0
BRDA:195,47,0,0
BRDA:195,47,1,0
BRDA:211,48,0,0
BRDA:211,48,1,0
BRDA:224,49,0,0
BRDA:224,49,1,0
BRDA:225,50,0,0
BRDA:225,50,1,0
BRDA:231,51,0,0
BRDA:231,51,1,0
BRDA:248,52,0,0
BRDA:248,52,1,0
BRDA:257,53,0,0
BRDA:257,53,1,0
BRDA:258,54,0,0
BRDA:258,54,1,0
BRDA:264,55,0,0
BRDA:264,55,1,0
BRDA:272,56,0,0
BRDA:272,56,1,0
BRDA:272,57,0,0
BRDA:272,57,1,0
BRDA:272,57,2,0
BRDA:273,58,0,0
BRDA:273,58,1,0
BRDA:276,59,0,0
BRDA:276,59,1,0
BRDA:278,60,0,0
BRDA:278,60,1,0
BRDA:279,61,0,0
BRDA:279,61,1,0
BRDA:281,62,0,0
BRDA:281,62,1,0
BRDA:282,63,0,0
BRDA:282,63,1,0
BRDA:285,64,0,0
BRDA:285,64,1,0
BRDA:286,65,0,0
BRDA:286,65,1,0
BRDA:318,66,0,0
BRDA:318,66,1,0
BRDA:318,67,0,0
BRDA:318,67,1,0
BRDA:331,68,0,0
BRDA:331,68,1,0
BRDA:332,69,0,0
BRDA:332,69,1,0
BRDA:333,70,0,0
BRDA:333,70,1,0
BRDA:334,71,0,0
BRDA:334,71,1,0
BRDA:334,72,0,0
BRDA:334,72,1,0
BRDA:342,73,0,0
BRDA:342,73,1,0
BRDA:344,74,0,0
BRDA:344,74,1,0
BRDA:344,75,0,0
BRDA:344,75,1,0
BRDA:349,76,0,0
BRDA:349,76,1,0
BRDA:350,77,0,0
BRDA:350,77,1,0
BRDA:354,78,0,0
BRDA:354,78,1,0
BRDA:354,79,0,0
BRDA:354,79,1,0
BRDA:356,80,0,0
BRDA:356,80,1,0
BRDA:359,81,0,0
BRDA:359,81,1,0
BRDA:359,82,0,0
BRDA:359,82,1,0
BRDA:370,83,0,0
BRDA:370,83,1,0
BRDA:374,84,0,0
BRDA:374,84,1,0
BRDA:375,85,0,0
BRDA:375,85,1,0
BRDA:375,86,0,0
BRDA:375,86,1,0
BRDA:376,87,0,0
BRDA:376,87,1,0
BRDA:382,88,0,0
BRDA:382,88,1,0
BRDA:382,88,2,0
BRDA:391,89,0,0
BRDA:394,90,0,0
BRDA:394,90,1,0
BRDA:397,91,0,0
BRDA:397,91,1,0
BRDA:397,92,0,0
BRDA:397,92,1,0
BRDA:401,93,0,0
BRDA:401,93,1,0
BRDA:412,94,0,0
BRDA:412,94,1,0
BRDA:418,95,0,0
BRDA:418,95,1,0
BRDA:418,96,0,0
BRDA:418,96,1,0
BRDA:419,97,0,0
BRDA:419,97,1,0
BRDA:422,98,0,0
BRDA:422,98,1,0
BRDA:422,99,0,0
BRDA:422,99,1,0
BRDA:423,100,0,0
BRDA:423,100,1,0
BRDA:423,101,0,0
BRDA:423,101,1,0
BRDA:430,102,0,0
BRDA:430,102,1,0
BRDA:436,103,0,0
BRF:207
BRH:0
end_of_record
TN:
SF:src\services\typeshipService.js
FN:5,(anonymous_0)
FN:6,(anonymous_1)
FN:28,(anonymous_2)
FN:29,(anonymous_3)
FN:50,(anonymous_4)
FN:51,(anonymous_5)
FN:74,(anonymous_6)
FN:75,(anonymous_7)
FN:103,(anonymous_8)
FN:104,(anonymous_9)
FNF:10
FNH:0
FNDA:0,(anonymous_0)
FNDA:0,(anonymous_1)
FNDA:0,(anonymous_2)
FNDA:0,(anonymous_3)
FNDA:0,(anonymous_4)
FNDA:0,(anonymous_5)
FNDA:0,(anonymous_6)
FNDA:0,(anonymous_7)
FNDA:0,(anonymous_8)
FNDA:0,(anonymous_9)
DA:2,1
DA:3,1
DA:5,1
DA:6,0
DA:7,0
DA:8,0
DA:9,0
DA:14,0
DA:18,0
DA:24,0
DA:28,1
DA:29,0
DA:30,0
DA:31,0
DA:32,0
DA:37,0
DA:40,0
DA:46,0
DA:50,1
DA:51,0
DA:52,0
DA:53,0
DA:54,0
DA:55,0
DA:56,0
DA:58,0
DA:59,0
DA:61,0
DA:70,0
DA:74,1
DA:75,0
DA:76,0
DA:77,0
DA:78,0
DA:83,0
DA:87,0
DA:88,0
DA:89,0
DA:90,0
DA:91,0
DA:99,0
DA:103,1
DA:104,0
DA:105,0
DA:106,0
DA:107,0
DA:112,0
DA:115,0
DA:116,0
DA:119,0
DA:127,0
DA:131,1
LF:52
LH:8
BRDA:8,0,0,0
BRDA:8,0,1,0
BRDA:8,1,0,0
BRDA:8,1,1,0
BRDA:31,2,0,0
BRDA:31,2,1,0
BRDA:54,3,0,0
BRDA:54,3,1,0
BRDA:54,4,0,0
BRDA:54,4,1,0
BRDA:58,5,0,0
BRDA:58,5,1,0
BRDA:77,6,0,0
BRDA:77,6,1,0
BRDA:77,7,0,0
BRDA:77,7,1,0
BRDA:77,7,2,0
BRDA:87,8,0,0
BRDA:87,8,1,0
BRDA:106,9,0,0
BRDA:106,9,1,0
BRDA:115,10,0,0
BRDA:115,10,1,0
BRF:23
BRH:0
end_of_record
TN:
SF:src\services\userService.js
FN:11,(anonymous_0)
FN:17,(anonymous_1)
FN:18,(anonymous_2)
FN:27,(anonymous_3)
FN:28,(anonymous_4)
FN:43,(anonymous_5)
FN:44,(anonymous_6)
FN:89,(anonymous_7)
FN:90,(anonymous_8)
FN:122,(anonymous_9)
FN:123,(anonymous_10)
FN:164,(anonymous_11)
FN:165,(anonymous_12)
FN:218,(anonymous_13)
FN:219,(anonymous_14)
FN:254,(anonymous_15)
FN:255,(anonymous_16)
FN:287,(anonymous_17)
FN:288,(anonymous_18)
FN:321,(anonymous_19)
FN:322,(anonymous_20)
FN:345,(anonymous_21)
FN:346,(anonymous_22)
FN:386,(anonymous_23)
FN:387,(anonymous_24)
FN:429,(anonymous_25)
FN:430,(anonymous_26)
FN:480,(anonymous_27)
FN:481,(anonymous_28)
FN:517,(anonymous_29)
FN:518,(anonymous_30)
FNF:31
FNH:0
FNDA:0,(anonymous_0)
FNDA:0,(anonymous_1)
FNDA:0,(anonymous_2)
FNDA:0,(anonymous_3)
FNDA:0,(anonymous_4)
FNDA:0,(anonymous_5)
FNDA:0,(anonymous_6)
FNDA:0,(anonymous_7)
FNDA:0,(anonymous_8)
FNDA:0,(anonymous_9)
FNDA:0,(anonymous_10)
FNDA:0,(anonymous_11)
FNDA:0,(anonymous_12)
FNDA:0,(anonymous_13)
FNDA:0,(anonymous_14)
FNDA:0,(anonymous_15)
FNDA:0,(anonymous_16)
FNDA:0,(anonymous_17)
FNDA:0,(anonymous_18)
FNDA:0,(anonymous_19)
FNDA:0,(anonymous_20)
FNDA:0,(anonymous_21)
FNDA:0,(anonymous_22)
FNDA:0,(anonymous_23)
FNDA:0,(anonymous_24)
FNDA:0,(anonymous_25)
FNDA:0,(anonymous_26)
FNDA:0,(anonymous_27)
FNDA:0,(anonymous_28)
FNDA:0,(anonymous_29)
FNDA:0,(anonymous_30)
DA:7,1
DA:8,1
DA:9,1
DA:11,1
DA:13,0
DA:14,0
DA:17,1
DA:18,0
DA:19,0
DA:20,0
DA:21,0
DA:23,0
DA:27,1
DA:28,0
DA:29,0
DA:30,0
DA:33,0
DA:34,0
DA:36,0
DA:39,0
DA:43,1
DA:44,0
DA:45,0
DA:46,0
DA:47,0
DA:52,0
DA:53,0
DA:54,0
DA:59,0
DA:60,0
DA:75,0
DA:84,0
DA:89,1
DA:90,0
DA:91,0
DA:93,0
DA:94,0
DA:99,0
DA:102,0
DA:103,0
DA:108,0
DA:111,0
DA:118,0
DA:122,1
DA:123,0
DA:124,0
DA:125,0
DA:126,0
DA:131,0
DA:135,0
DA:136,0
DA:137,0
DA:138,0
DA:139,0
DA:140,0
DA:141,0
DA:142,0
DA:143,0
DA:144,0
DA:146,0
DA:147,0
DA:152,0
DA:160,0
DA:164,1
DA:165,0
DA:166,0
DA:168,0
DA:169,0
DA:175,0
DA:177,0
DA:179,0
DA:180,0
DA:185,0
DA:186,0
DA:187,0
DA:188,0
DA:189,0
DA:191,0
DA:193,0
DA:194,0
DA:195,0
DA:197,0
DA:199,0
DA:202,0
DA:203,0
DA:206,0
DA:207,0
DA:209,0
DA:214,0
DA:218,1
DA:219,0
DA:220,0
DA:221,0
DA:222,0
DA:227,0
DA:231,0
DA:232,0
DA:233,0
DA:234,0
DA:236,0
DA:242,0
DA:250,0
DA:254,1
DA:255,0
DA:256,0
DA:257,0
DA:269,0
DA:270,0
DA:271,0
DA:273,0
DA:274,0
DA:275,0
DA:283,0
DA:287,1
DA:288,0
DA:289,0
DA:290,0
DA:291,0
DA:296,0
DA:308,0
DA:309,0
DA:311,0
DA:317,0
DA:321,1
DA:322,0
DA:323,0
DA:324,0
DA:325,0
DA:330,0
DA:335,0
DA:341,0
DA:345,1
DA:346,0
DA:347,0
DA:349,0
DA:350,0
DA:355,0
DA:363,0
DA:364,0
DA:365,0
DA:366,0
DA:373,0
DA:376,0
DA:382,0
DA:386,1
DA:387,0
DA:388,0
DA:389,0
DA:390,0
DA:395,0
DA:406,0
DA:407,0
DA:408,0
DA:410,0
DA:411,0
DA:417,0
DA:425,0
DA:429,1
DA:430,0
DA:431,0
DA:432,0
DA:433,0
DA:438,0
DA:439,0
DA:440,0
DA:448,0
DA:449,0
DA:450,0
DA:451,0
DA:458,0
DA:461,0
DA:466,0
DA:476,0
DA:480,1
DA:481,0
DA:482,0
DA:483,0
DA:484,0
DA:489,0
DA:500,0
DA:501,0
DA:502,0
DA:504,0
DA:507,0
DA:513,0
DA:517,1
DA:518,0
DA:519,0
DA:520,0
DA:523,0
DA:526,0
DA:527,0
DA:532,0
DA:533,0
DA:539,0
DA:545,0
DA:549,1
LF:197
LH:20
BRDA:33,0,0,0
BRDA:33,0,1,0
BRDA:46,1,0,0
BRDA:46,1,1,0
BRDA:46,2,0,0
BRDA:46,2,1,0
BRDA:53,3,0,0
BRDA:53,3,1,0
BRDA:93,4,0,0
BRDA:93,4,1,0
BRDA:102,5,0,0
BRDA:102,5,1,0
BRDA:125,6,0,0
BRDA:125,6,1,0
BRDA:125,7,0,0
BRDA:125,7,1,0
BRDA:135,8,0,0
BRDA:135,8,1,0
BRDA:143,9,0,0
BRDA:143,9,1,0
BRDA:168,10,0,0
BRDA:168,10,1,0
BRDA:168,11,0,0
BRDA:168,11,1,0
BRDA:179,12,0,0
BRDA:179,12,1,0
BRDA:185,13,0,0
BRDA:185,13,1,0
BRDA:187,14,0,0
BRDA:187,14,1,0
BRDA:221,15,0,0
BRDA:221,15,1,0
BRDA:221,16,0,0
BRDA:221,16,1,0
BRDA:221,16,2,0
BRDA:231,17,0,0
BRDA:231,17,1,0
BRDA:232,18,0,0
BRDA:232,18,1,0
BRDA:269,19,0,0
BRDA:269,19,1,0
BRDA:269,20,0,0
BRDA:269,20,1,0
BRDA:273,21,0,0
BRDA:273,21,1,0
BRDA:290,22,0,0
BRDA:290,22,1,0
BRDA:308,23,0,0
BRDA:308,23,1,0
BRDA:324,24,0,0
BRDA:324,24,1,0
BRDA:349,25,0,0
BRDA:349,25,1,0
BRDA:363,26,0,0
BRDA:363,26,1,0
BRDA:389,27,0,0
BRDA:389,27,1,0
BRDA:389,28,0,0
BRDA:389,28,1,0
BRDA:406,29,0,0
BRDA:406,29,1,0
BRDA:432,30,0,0
BRDA:432,30,1,0
BRDA:439,31,0,0
BRDA:439,31,1,0
BRDA:448,32,0,0
BRDA:448,32,1,0
BRDA:483,33,0,0
BRDA:483,33,1,0
BRDA:483,34,0,0
BRDA:483,34,1,0
BRDA:483,34,2,0
BRDA:500,35,0,0
BRDA:500,35,1,0
BRDA:526,36,0,0
BRDA:526,36,1,0
BRDA:532,37,0,0
BRDA:532,37,1,0
BRF:78
BRH:0
end_of_record
TN:
SF:src\utils\CommonUtils.js
FN:4,(anonymous_0)
FNF:1
FNH:0
FNDA:0,(anonymous_0)
DA:2,1
DA:4,1
DA:5,0
DA:12,1
LF:4
LH:3
BRF:0
BRH:0
end_of_record
TN:
SF:src\utils\constants.js
FNF:0
FNH:0
DA:1,1
LF:1
LH:1
BRF:0
BRH:0
end_of_record
