TN:
SF:src\controllers\addressUserController.js
FN:3,(anonymous_0)
FN:15,(anonymous_1)
FN:27,(anonymous_2)
FN:39,(anonymous_3)
FN:51,(anonymous_4)
FNF:5
FNH:5
FNDA:3,(anonymous_0)
FNDA:2,(anonymous_1)
FNDA:2,(anonymous_2)
FNDA:2,(anonymous_3)
FNDA:2,(anonymous_4)
DA:3,1
DA:4,3
DA:5,3
DA:6,2
DA:8,1
DA:9,1
DA:15,1
DA:16,2
DA:17,2
DA:18,2
DA:20,0
DA:21,0
DA:27,1
DA:28,2
DA:29,2
DA:30,2
DA:32,0
DA:33,0
DA:39,1
DA:40,2
DA:41,2
DA:42,2
DA:44,0
DA:45,0
DA:51,1
DA:52,2
DA:53,2
DA:54,2
DA:56,0
DA:57,0
DA:63,1
LF:31
LH:23
BRF:0
BRH:0
end_of_record
TN:
SF:src\controllers\allcodeController.js
FN:21,(anonymous_0)
FN:35,(anonymous_1)
FN:49,(anonymous_2)
FN:63,(anonymous_3)
FN:77,(anonymous_4)
FN:91,(anonymous_5)
FN:105,(anonymous_6)
FNF:7
FNH:7
FNDA:3,(anonymous_0)
FNDA:2,(anonymous_1)
FNDA:2,(anonymous_2)
FNDA:2,(anonymous_3)
FNDA:2,(anonymous_4)
FNDA:2,(anonymous_5)
FNDA:1,(anonymous_6)
DA:21,1
DA:22,3
DA:23,3
DA:24,2
DA:26,1
DA:27,1
DA:35,1
DA:36,2
DA:37,2
DA:38,2
DA:40,0
DA:41,0
DA:49,1
DA:50,2
DA:51,2
DA:52,2
DA:54,0
DA:55,0
DA:63,1
DA:64,2
DA:65,2
DA:66,2
DA:68,0
DA:69,0
DA:77,1
DA:78,2
DA:79,2
DA:80,2
DA:82,0
DA:83,0
DA:91,1
DA:92,2
DA:93,2
DA:94,2
DA:96,0
DA:97,0
DA:105,1
DA:106,1
DA:107,1
DA:108,1
DA:110,0
DA:111,0
DA:117,1
LF:43
LH:31
BRF:0
BRH:0
end_of_record
TN:
SF:src\controllers\bannerController.js
FN:3,(anonymous_0)
FN:15,(anonymous_1)
FN:27,(anonymous_2)
FN:39,(anonymous_3)
FN:51,(anonymous_4)
FNF:5
FNH:5
FNDA:6,(anonymous_0)
FNDA:5,(anonymous_1)
FNDA:5,(anonymous_2)
FNDA:4,(anonymous_3)
FNDA:6,(anonymous_4)
DA:3,1
DA:4,6
DA:5,6
DA:6,5
DA:8,1
DA:9,1
DA:15,1
DA:16,5
DA:17,5
DA:18,4
DA:20,1
DA:21,1
DA:27,1
DA:28,5
DA:29,5
DA:30,4
DA:32,1
DA:33,1
DA:39,1
DA:40,4
DA:41,4
DA:42,3
DA:44,1
DA:45,1
DA:51,1
DA:52,6
DA:53,6
DA:54,5
DA:56,1
DA:57,1
DA:63,1
LF:31
LH:31
BRF:0
BRH:0
end_of_record
TN:
SF:src\controllers\blogController.js
FN:3,(anonymous_0)
FN:15,(anonymous_1)
FN:27,(anonymous_2)
FN:39,(anonymous_3)
FN:51,(anonymous_4)
FN:63,(anonymous_5)
FN:75,(anonymous_6)
FNF:7
FNH:0
FNDA:0,(anonymous_0)
FNDA:0,(anonymous_1)
FNDA:0,(anonymous_2)
FNDA:0,(anonymous_3)
FNDA:0,(anonymous_4)
FNDA:0,(anonymous_5)
FNDA:0,(anonymous_6)
DA:3,0
DA:4,0
DA:5,0
DA:6,0
DA:8,0
DA:9,0
DA:15,0
DA:16,0
DA:17,0
DA:18,0
DA:20,0
DA:21,0
DA:27,0
DA:28,0
DA:29,0
DA:30,0
DA:32,0
DA:33,0
DA:39,0
DA:40,0
DA:41,0
DA:42,0
DA:44,0
DA:45,0
DA:51,0
DA:52,0
DA:53,0
DA:54,0
DA:56,0
DA:57,0
DA:63,0
DA:64,0
DA:65,0
DA:66,0
DA:68,0
DA:69,0
DA:75,0
DA:76,0
DA:77,0
DA:78,0
DA:80,0
DA:81,0
DA:87,0
LF:43
LH:0
BRF:0
BRH:0
end_of_record
TN:
SF:src\controllers\commentController.js
FN:3,(anonymous_0)
FN:15,(anonymous_1)
FN:28,(anonymous_2)
FN:41,(anonymous_3)
FN:54,(anonymous_4)
FN:66,(anonymous_5)
FN:79,(anonymous_6)
FN:92,(anonymous_7)
FNF:8
FNH:8
FNDA:3,(anonymous_0)
FNDA:2,(anonymous_1)
FNDA:2,(anonymous_2)
FNDA:2,(anonymous_3)
FNDA:2,(anonymous_4)
FNDA:2,(anonymous_5)
FNDA:2,(anonymous_6)
FNDA:2,(anonymous_7)
DA:3,1
DA:4,3
DA:5,3
DA:6,2
DA:8,1
DA:9,1
DA:15,1
DA:16,2
DA:18,2
DA:19,2
DA:21,0
DA:22,0
DA:28,1
DA:29,2
DA:31,2
DA:32,2
DA:34,0
DA:35,0
DA:41,1
DA:42,2
DA:44,2
DA:45,2
DA:47,0
DA:48,0
DA:54,1
DA:55,2
DA:56,2
DA:57,2
DA:59,0
DA:60,0
DA:66,1
DA:67,2
DA:69,2
DA:70,2
DA:72,0
DA:73,0
DA:79,1
DA:80,2
DA:82,2
DA:83,2
DA:85,0
DA:86,0
DA:92,1
DA:93,2
DA:95,2
DA:96,2
DA:98,0
DA:99,0
DA:105,1
LF:49
LH:35
BRF:0
BRH:0
end_of_record
TN:
SF:src\controllers\interactionController.js
FN:18,logInteractionController
FN:36,getUserInteractionsController
FN:50,getAllInteractionsController
FN:63,deleteInteractionController
FNF:4
FNH:4
FNDA:3,logInteractionController
FNDA:3,getUserInteractionsController
FNDA:3,getAllInteractionsController
FNDA:2,deleteInteractionController
DA:19,3
DA:20,3
DA:21,3
DA:23,2
DA:24,2
DA:29,2
DA:31,1
DA:37,3
DA:38,3
DA:39,3
DA:41,3
DA:43,2
DA:45,1
DA:51,3
DA:52,3
DA:54,3
DA:56,2
DA:58,1
DA:64,2
DA:65,2
DA:66,2
DA:68,1
DA:70,1
LF:23
LH:23
BRDA:39,0,0,3
BRDA:39,0,1,1
BRDA:52,1,0,3
BRDA:52,1,1,1
BRF:4
BRH:4
end_of_record
TN:
SF:src\controllers\messageController.js
FN:17,(anonymous_0)
FN:31,(anonymous_1)
FN:45,(anonymous_2)
FN:59,(anonymous_3)
FN:73,(anonymous_4)
FNF:5
FNH:5
FNDA:2,(anonymous_0)
FNDA:3,(anonymous_1)
FNDA:2,(anonymous_2)
FNDA:2,(anonymous_3)
FNDA:1,(anonymous_4)
DA:17,1
DA:18,2
DA:19,2
DA:20,2
DA:22,0
DA:23,0
DA:31,1
DA:32,3
DA:33,3
DA:34,2
DA:36,1
DA:37,1
DA:45,1
DA:46,2
DA:47,2
DA:48,2
DA:50,0
DA:51,0
DA:59,1
DA:60,2
DA:61,2
DA:62,2
DA:64,0
DA:65,0
DA:73,1
DA:74,1
DA:75,1
DA:76,1
DA:78,0
DA:79,0
DA:85,1
LF:31
LH:23
BRF:0
BRH:0
end_of_record
TN:
SF:src\controllers\orderController.js
FN:3,(anonymous_0)
FN:15,(anonymous_1)
FN:27,(anonymous_2)
FN:39,(anonymous_3)
FN:51,(anonymous_4)
FN:63,(anonymous_5)
FN:75,(anonymous_6)
FN:87,(anonymous_7)
FN:99,(anonymous_8)
FN:111,(anonymous_9)
FN:123,(anonymous_10)
FN:135,(anonymous_11)
FN:147,(anonymous_12)
FN:159,(anonymous_13)
FNF:14
FNH:14
FNDA:4,(anonymous_0)
FNDA:3,(anonymous_1)
FNDA:3,(anonymous_2)
FNDA:2,(anonymous_3)
FNDA:1,(anonymous_4)
FNDA:2,(anonymous_5)
FNDA:1,(anonymous_6)
FNDA:1,(anonymous_7)
FNDA:1,(anonymous_8)
FNDA:2,(anonymous_9)
FNDA:1,(anonymous_10)
FNDA:1,(anonymous_11)
FNDA:1,(anonymous_12)
FNDA:3,(anonymous_13)
DA:3,1
DA:4,4
DA:5,4
DA:6,3
DA:8,1
DA:9,1
DA:15,1
DA:16,3
DA:17,3
DA:18,2
DA:20,1
DA:21,1
DA:27,1
DA:28,3
DA:29,3
DA:30,3
DA:32,0
DA:33,0
DA:39,1
DA:40,2
DA:41,2
DA:42,2
DA:44,0
DA:45,0
DA:51,1
DA:52,1
DA:53,1
DA:54,1
DA:56,0
DA:57,0
DA:63,1
DA:64,2
DA:65,2
DA:66,2
DA:68,0
DA:69,0
DA:75,1
DA:76,1
DA:77,1
DA:78,1
DA:80,0
DA:81,0
DA:87,1
DA:88,1
DA:89,1
DA:90,1
DA:92,0
DA:93,0
DA:99,1
DA:100,1
DA:101,1
DA:102,1
DA:104,0
DA:105,0
DA:111,1
DA:112,2
DA:113,2
DA:114,2
DA:116,0
DA:117,0
DA:123,1
DA:124,1
DA:125,1
DA:126,1
DA:128,0
DA:129,0
DA:135,1
DA:136,1
DA:137,1
DA:138,1
DA:140,0
DA:141,0
DA:147,1
DA:148,1
DA:149,1
DA:150,1
DA:152,0
DA:153,0
DA:159,1
DA:160,3
DA:161,3
DA:162,2
DA:164,1
DA:165,1
DA:171,1
LF:85
LH:63
BRF:0
BRH:0
end_of_record
TN:
SF:src\controllers\productController.js
FN:21,(anonymous_0)
FN:35,(anonymous_1)
FN:49,(anonymous_2)
FN:63,(anonymous_3)
FN:77,(anonymous_4)
FN:91,(anonymous_5)
FN:105,(anonymous_6)
FN:119,(anonymous_7)
FN:133,(anonymous_8)
FN:147,(anonymous_9)
FN:161,(anonymous_10)
FN:175,(anonymous_11)
FN:189,(anonymous_12)
FN:203,(anonymous_13)
FN:217,(anonymous_14)
FN:231,(anonymous_15)
FN:245,(anonymous_16)
FN:259,(anonymous_17)
FN:273,(anonymous_18)
FN:287,(anonymous_19)
FN:301,(anonymous_20)
FN:315,(anonymous_21)
FN:329,(anonymous_22)
FN:343,(anonymous_23)
FN:357,(anonymous_24)
FN:371,(anonymous_25)
FNF:26
FNH:26
FNDA:2,(anonymous_0)
FNDA:2,(anonymous_1)
FNDA:2,(anonymous_2)
FNDA:2,(anonymous_3)
FNDA:2,(anonymous_4)
FNDA:2,(anonymous_5)
FNDA:2,(anonymous_6)
FNDA:2,(anonymous_7)
FNDA:2,(anonymous_8)
FNDA:2,(anonymous_9)
FNDA:2,(anonymous_10)
FNDA:2,(anonymous_11)
FNDA:2,(anonymous_12)
FNDA:2,(anonymous_13)
FNDA:2,(anonymous_14)
FNDA:2,(anonymous_15)
FNDA:2,(anonymous_16)
FNDA:2,(anonymous_17)
FNDA:2,(anonymous_18)
FNDA:2,(anonymous_19)
FNDA:2,(anonymous_20)
FNDA:2,(anonymous_21)
FNDA:2,(anonymous_22)
FNDA:2,(anonymous_23)
FNDA:2,(anonymous_24)
FNDA:2,(anonymous_25)
DA:21,1
DA:22,2
DA:23,2
DA:24,1
DA:26,1
DA:27,1
DA:35,1
DA:36,2
DA:37,2
DA:38,1
DA:40,1
DA:41,1
DA:49,1
DA:50,2
DA:51,2
DA:52,1
DA:54,1
DA:55,1
DA:63,1
DA:64,2
DA:65,2
DA:66,1
DA:68,1
DA:69,1
DA:77,1
DA:78,2
DA:79,2
DA:80,1
DA:82,1
DA:83,1
DA:91,1
DA:92,2
DA:93,2
DA:94,1
DA:96,1
DA:97,1
DA:105,1
DA:106,2
DA:107,2
DA:108,1
DA:110,1
DA:111,1
DA:119,1
DA:120,2
DA:121,2
DA:122,1
DA:124,1
DA:125,1
DA:133,1
DA:134,2
DA:135,2
DA:136,1
DA:138,1
DA:139,1
DA:147,1
DA:148,2
DA:149,2
DA:150,1
DA:152,1
DA:153,1
DA:161,1
DA:162,2
DA:163,2
DA:164,1
DA:166,1
DA:167,1
DA:175,1
DA:176,2
DA:177,2
DA:178,1
DA:180,1
DA:181,1
DA:189,1
DA:190,2
DA:191,2
DA:192,1
DA:194,1
DA:195,1
DA:203,1
DA:204,2
DA:205,2
DA:206,1
DA:208,1
DA:209,1
DA:217,1
DA:218,2
DA:219,2
DA:220,1
DA:222,1
DA:223,1
DA:231,1
DA:232,2
DA:233,2
DA:234,1
DA:236,1
DA:237,1
DA:245,1
DA:246,2
DA:247,2
DA:248,1
DA:250,1
DA:251,1
DA:259,1
DA:260,2
DA:261,2
DA:262,1
DA:264,1
DA:265,1
DA:273,1
DA:274,2
DA:275,2
DA:276,1
DA:278,1
DA:279,1
DA:287,1
DA:288,2
DA:289,2
DA:290,1
DA:292,1
DA:293,1
DA:301,1
DA:302,2
DA:303,2
DA:304,1
DA:306,1
DA:307,1
DA:315,1
DA:316,2
DA:317,2
DA:318,1
DA:320,1
DA:321,1
DA:329,1
DA:330,2
DA:331,2
DA:332,1
DA:334,1
DA:335,1
DA:343,1
DA:344,2
DA:345,2
DA:346,1
DA:348,1
DA:349,1
DA:357,1
DA:358,2
DA:359,2
DA:360,1
DA:362,1
DA:363,1
DA:371,1
DA:372,2
DA:373,2
DA:374,1
DA:376,1
DA:377,1
DA:383,1
LF:157
LH:157
BRF:0
BRH:0
end_of_record
TN:
SF:src\controllers\receiptController.js
FN:3,(anonymous_0)
FN:15,(anonymous_1)
FN:27,(anonymous_2)
FN:39,(anonymous_3)
FN:51,(anonymous_4)
FN:63,(anonymous_5)
FNF:6
FNH:6
FNDA:3,(anonymous_0)
FNDA:2,(anonymous_1)
FNDA:2,(anonymous_2)
FNDA:2,(anonymous_3)
FNDA:2,(anonymous_4)
FNDA:2,(anonymous_5)
DA:3,1
DA:4,3
DA:5,3
DA:6,2
DA:8,1
DA:9,1
DA:15,1
DA:16,2
DA:17,2
DA:18,2
DA:20,0
DA:21,0
DA:27,1
DA:28,2
DA:29,2
DA:30,2
DA:32,0
DA:33,0
DA:39,1
DA:40,2
DA:41,2
DA:42,2
DA:44,0
DA:45,0
DA:51,1
DA:52,2
DA:53,2
DA:54,2
DA:56,0
DA:57,0
DA:63,1
DA:64,2
DA:65,2
DA:66,2
DA:68,0
DA:69,0
DA:75,1
LF:37
LH:27
BRF:0
BRH:0
end_of_record
TN:
SF:src\controllers\recommendationController.js
FN:5,(anonymous_0)
FN:16,(anonymous_1)
FN:33,(anonymous_2)
FN:48,(anonymous_3)
FN:144,(anonymous_4)
FNF:5
FNH:5
FNDA:2,(anonymous_0)
FNDA:3,(anonymous_1)
FNDA:3,(anonymous_2)
FNDA:1,(anonymous_3)
FNDA:2,(anonymous_4)
DA:3,1
DA:5,1
DA:6,2
DA:7,2
DA:8,2
DA:9,2
DA:10,1
DA:12,1
DA:16,1
DA:17,3
DA:18,3
DA:19,3
DA:20,3
DA:22,2
DA:23,2
DA:24,3
DA:25,3
DA:27,2
DA:29,1
DA:33,1
DA:34,3
DA:36,3
DA:37,3
DA:38,3
DA:39,3
DA:40,3
DA:41,2
DA:44,2
DA:45,2
DA:46,2
DA:47,2
DA:48,1
DA:49,1
DA:50,1
DA:56,1
DA:62,1
DA:67,2
DA:68,2
DA:69,1
DA:70,1
DA:78,2
DA:79,2
DA:82,2
DA:89,2
DA:90,2
DA:91,2
DA:92,0
DA:93,0
DA:97,2
DA:98,2
DA:101,2
DA:102,2
DA:103,2
DA:106,2
DA:107,2
DA:110,2
DA:111,2
DA:113,2
DA:124,2
DA:125,2
DA:126,2
DA:136,1
DA:137,1
DA:138,1
DA:142,1
DA:144,1
DA:145,2
DA:146,2
DA:147,2
DA:148,1
DA:150,1
DA:154,1
LF:72
LH:70
BRDA:8,0,0,2
BRDA:8,0,1,1
BRDA:19,1,0,3
BRDA:19,1,1,2
BRDA:25,2,0,2
BRDA:25,2,1,1
BRDA:47,3,0,2
BRDA:47,3,1,0
BRDA:52,4,0,1
BRDA:52,4,1,0
BRDA:53,5,0,1
BRDA:53,5,1,0
BRDA:72,6,0,1
BRDA:72,6,1,0
BRDA:73,7,0,1
BRDA:73,7,1,0
BRDA:79,8,0,2
BRDA:79,8,1,0
BRDA:92,9,0,0
BRDA:92,9,1,0
BRDA:93,10,0,0
BRDA:93,10,1,0
BRDA:98,11,0,2
BRDA:98,11,1,1
BRDA:106,12,0,0
BRDA:106,12,1,2
BRDA:106,13,0,2
BRDA:106,13,1,0
BRDA:106,14,0,0
BRDA:106,14,1,0
BRDA:107,15,0,0
BRDA:107,15,1,2
BRDA:107,16,0,2
BRDA:107,16,1,2
BRDA:107,17,0,2
BRDA:107,17,1,0
BRDA:107,18,0,0
BRDA:107,18,1,0
BRDA:111,19,0,2
BRDA:111,19,1,0
BRDA:125,20,0,1
BRDA:125,20,1,1
BRDA:125,21,0,2
BRDA:125,21,1,2
BRDA:125,22,0,1
BRDA:125,22,1,0
BRDA:138,23,0,1
BRDA:138,23,1,0
BRF:48
BRH:27
end_of_record
TN:
SF:src\controllers\shopCartController.js
FN:3,(anonymous_0)
FN:15,(anonymous_1)
FN:27,(anonymous_2)
FNF:3
FNH:3
FNDA:4,(anonymous_0)
FNDA:5,(anonymous_1)
FNDA:4,(anonymous_2)
DA:3,1
DA:4,4
DA:5,4
DA:6,3
DA:8,1
DA:9,1
DA:15,1
DA:16,5
DA:17,5
DA:18,4
DA:20,1
DA:21,1
DA:27,1
DA:28,4
DA:29,4
DA:30,3
DA:32,1
DA:33,1
DA:39,1
LF:19
LH:19
BRF:0
BRH:0
end_of_record
TN:
SF:src\controllers\statisticController.js
FN:3,(anonymous_0)
FN:15,(anonymous_1)
FN:27,(anonymous_2)
FN:39,(anonymous_3)
FN:51,(anonymous_4)
FN:63,(anonymous_5)
FN:75,(anonymous_6)
FNF:7
FNH:7
FNDA:2,(anonymous_0)
FNDA:2,(anonymous_1)
FNDA:2,(anonymous_2)
FNDA:2,(anonymous_3)
FNDA:2,(anonymous_4)
FNDA:2,(anonymous_5)
FNDA:2,(anonymous_6)
DA:3,1
DA:4,2
DA:5,2
DA:6,1
DA:8,1
DA:9,1
DA:15,1
DA:16,2
DA:17,2
DA:18,1
DA:20,1
DA:21,1
DA:27,1
DA:28,2
DA:29,2
DA:30,1
DA:32,1
DA:33,1
DA:39,1
DA:40,2
DA:41,2
DA:42,1
DA:44,1
DA:45,1
DA:51,1
DA:52,2
DA:53,2
DA:54,1
DA:56,1
DA:57,1
DA:63,1
DA:64,2
DA:65,2
DA:66,1
DA:68,1
DA:69,1
DA:75,1
DA:76,2
DA:77,2
DA:78,1
DA:80,1
DA:81,1
DA:87,1
LF:43
LH:43
BRF:0
BRH:0
end_of_record
TN:
SF:src\controllers\supplierController.js
FN:3,(anonymous_0)
FN:15,(anonymous_1)
FN:27,(anonymous_2)
FN:39,(anonymous_3)
FN:51,(anonymous_4)
FNF:5
FNH:5
FNDA:4,(anonymous_0)
FNDA:4,(anonymous_1)
FNDA:4,(anonymous_2)
FNDA:4,(anonymous_3)
FNDA:4,(anonymous_4)
DA:3,1
DA:4,4
DA:5,4
DA:6,3
DA:8,1
DA:9,1
DA:15,1
DA:16,4
DA:17,4
DA:18,3
DA:20,1
DA:21,1
DA:27,1
DA:28,4
DA:29,4
DA:30,3
DA:32,1
DA:33,1
DA:39,1
DA:40,4
DA:41,4
DA:42,3
DA:44,1
DA:45,1
DA:51,1
DA:52,4
DA:53,4
DA:54,3
DA:56,1
DA:57,1
DA:63,1
LF:31
LH:31
BRF:0
BRH:0
end_of_record
TN:
SF:src\controllers\typeshipController.js
FN:3,(anonymous_0)
FN:15,(anonymous_1)
FN:27,(anonymous_2)
FN:39,(anonymous_3)
FN:51,(anonymous_4)
FNF:5
FNH:0
FNDA:0,(anonymous_0)
FNDA:0,(anonymous_1)
FNDA:0,(anonymous_2)
FNDA:0,(anonymous_3)
FNDA:0,(anonymous_4)
DA:3,0
DA:4,0
DA:5,0
DA:6,0
DA:8,0
DA:9,0
DA:15,0
DA:16,0
DA:17,0
DA:18,0
DA:20,0
DA:21,0
DA:27,0
DA:28,0
DA:29,0
DA:30,0
DA:32,0
DA:33,0
DA:39,0
DA:40,0
DA:41,0
DA:42,0
DA:44,0
DA:45,0
DA:51,0
DA:52,0
DA:53,0
DA:54,0
DA:56,0
DA:57,0
DA:63,0
LF:31
LH:0
BRF:0
BRH:0
end_of_record
TN:
SF:src\controllers\userController.js
FN:4,(anonymous_0)
FN:16,(anonymous_1)
FN:28,(anonymous_2)
FN:40,(anonymous_3)
FN:52,(anonymous_4)
FN:64,(anonymous_5)
FN:76,(anonymous_6)
FN:88,(anonymous_7)
FN:100,(anonymous_8)
FN:112,(anonymous_9)
FN:124,(anonymous_10)
FN:136,(anonymous_11)
FN:148,(anonymous_12)
FNF:13
FNH:0
FNDA:0,(anonymous_0)
FNDA:0,(anonymous_1)
FNDA:0,(anonymous_2)
FNDA:0,(anonymous_3)
FNDA:0,(anonymous_4)
FNDA:0,(anonymous_5)
FNDA:0,(anonymous_6)
FNDA:0,(anonymous_7)
FNDA:0,(anonymous_8)
FNDA:0,(anonymous_9)
FNDA:0,(anonymous_10)
FNDA:0,(anonymous_11)
FNDA:0,(anonymous_12)
DA:1,0
DA:4,0
DA:5,0
DA:6,0
DA:7,0
DA:9,0
DA:10,0
DA:16,0
DA:17,0
DA:18,0
DA:19,0
DA:21,0
DA:22,0
DA:28,0
DA:29,0
DA:30,0
DA:31,0
DA:33,0
DA:34,0
DA:40,0
DA:41,0
DA:42,0
DA:43,0
DA:45,0
DA:46,0
DA:52,0
DA:53,0
DA:54,0
DA:55,0
DA:57,0
DA:58,0
DA:64,0
DA:65,0
DA:66,0
DA:67,0
DA:69,0
DA:70,0
DA:76,0
DA:77,0
DA:78,0
DA:79,0
DA:81,0
DA:82,0
DA:88,0
DA:89,0
DA:90,0
DA:91,0
DA:93,0
DA:94,0
DA:100,0
DA:101,0
DA:102,0
DA:103,0
DA:105,0
DA:106,0
DA:112,0
DA:113,0
DA:114,0
DA:115,0
DA:117,0
DA:118,0
DA:124,0
DA:125,0
DA:126,0
DA:127,0
DA:129,0
DA:130,0
DA:136,0
DA:137,0
DA:138,0
DA:139,0
DA:141,0
DA:142,0
DA:148,0
DA:149,0
DA:150,0
DA:151,0
DA:153,0
DA:154,0
DA:160,0
LF:80
LH:0
BRF:0
BRH:0
end_of_record
TN:
SF:src\controllers\voucherController.js
FN:4,(anonymous_0)
FN:16,(anonymous_1)
FN:28,(anonymous_2)
FN:40,(anonymous_3)
FN:52,(anonymous_4)
FN:64,(anonymous_5)
FN:77,(anonymous_6)
FN:89,(anonymous_7)
FN:101,(anonymous_8)
FN:114,(anonymous_9)
FN:126,(anonymous_10)
FN:138,(anonymous_11)
FN:150,(anonymous_12)
FNF:13
FNH:13
FNDA:2,(anonymous_0)
FNDA:1,(anonymous_1)
FNDA:1,(anonymous_2)
FNDA:1,(anonymous_3)
FNDA:1,(anonymous_4)
FNDA:1,(anonymous_5)
FNDA:1,(anonymous_6)
FNDA:1,(anonymous_7)
FNDA:1,(anonymous_8)
FNDA:1,(anonymous_9)
FNDA:1,(anonymous_10)
FNDA:1,(anonymous_11)
FNDA:1,(anonymous_12)
DA:4,1
DA:5,2
DA:6,2
DA:7,1
DA:9,1
DA:10,1
DA:16,1
DA:17,1
DA:18,1
DA:19,1
DA:21,0
DA:22,0
DA:28,1
DA:29,1
DA:30,1
DA:31,1
DA:33,0
DA:34,0
DA:40,1
DA:41,1
DA:42,1
DA:43,1
DA:45,0
DA:46,0
DA:52,1
DA:53,1
DA:54,1
DA:55,1
DA:57,0
DA:58,0
DA:64,1
DA:65,1
DA:66,1
DA:67,1
DA:69,0
DA:70,0
DA:77,1
DA:78,1
DA:79,1
DA:80,1
DA:82,0
DA:83,0
DA:89,1
DA:90,1
DA:91,1
DA:92,1
DA:94,0
DA:95,0
DA:101,1
DA:102,1
DA:103,1
DA:104,1
DA:106,0
DA:107,0
DA:114,1
DA:115,1
DA:116,1
DA:117,1
DA:119,0
DA:120,0
DA:126,1
DA:127,1
DA:128,1
DA:129,1
DA:131,0
DA:132,0
DA:138,1
DA:139,1
DA:140,1
DA:141,1
DA:143,0
DA:144,0
DA:150,1
DA:151,1
DA:152,1
DA:153,1
DA:155,0
DA:156,0
DA:162,1
LF:79
LH:55
BRF:0
BRH:0
end_of_record
TN:
SF:src\middlewares\jwtVerify.js
FN:7,(anonymous_0)
FN:13,(anonymous_1)
FN:41,(anonymous_2)
FN:47,(anonymous_3)
FN:84,(anonymous_4)
FN:90,(anonymous_5)
FNF:6
FNH:6
FNDA:4,(anonymous_0)
FNDA:3,(anonymous_1)
FNDA:3,(anonymous_2)
FNDA:2,(anonymous_3)
FNDA:3,(anonymous_4)
FNDA:2,(anonymous_5)
DA:1,1
DA:3,1
DA:4,1
DA:6,1
DA:8,4
DA:10,4
DA:11,3
DA:13,3
DA:14,3
DA:15,1
DA:21,2
DA:22,2
DA:23,1
DA:30,1
DA:31,1
DA:34,1
DA:42,3
DA:44,3
DA:45,2
DA:47,2
DA:48,2
DA:49,0
DA:55,2
DA:56,2
DA:57,0
DA:63,2
DA:64,1
DA:65,1
DA:68,1
DA:77,1
DA:85,3
DA:87,3
DA:88,2
DA:90,2
DA:91,2
DA:92,0
DA:98,2
DA:99,2
DA:100,0
DA:106,2
DA:107,1
DA:108,1
DA:111,1
DA:120,1
DA:129,1
LF:45
LH:41
BRDA:10,0,0,3
BRDA:10,0,1,1
BRDA:14,1,0,1
BRDA:14,1,1,2
BRDA:22,2,0,1
BRDA:22,2,1,1
BRDA:44,3,0,2
BRDA:44,3,1,1
BRDA:48,4,0,0
BRDA:48,4,1,2
BRDA:56,5,0,0
BRDA:56,5,1,2
BRDA:63,6,0,1
BRDA:63,6,1,1
BRDA:63,7,0,2
BRDA:63,7,1,2
BRDA:63,7,2,1
BRDA:87,8,0,2
BRDA:87,8,1,1
BRDA:91,9,0,0
BRDA:91,9,1,2
BRDA:99,10,0,0
BRDA:99,10,1,2
BRDA:106,11,0,1
BRDA:106,11,1,1
BRDA:106,12,0,2
BRDA:106,12,1,2
BRF:27
BRH:23
end_of_record
TN:
SF:src\middlewares\validateInteraction.js
FN:2,(anonymous_0)
FNF:1
FNH:1
FNDA:4,(anonymous_0)
DA:2,1
DA:3,4
DA:4,4
DA:6,4
DA:7,1
DA:10,3
DA:11,1
DA:14,2
LF:8
LH:8
BRDA:6,0,0,1
BRDA:6,0,1,3
BRDA:6,1,0,4
BRDA:6,1,1,4
BRDA:6,1,2,3
BRDA:10,2,0,1
BRDA:10,2,1,2
BRF:7
BRH:7
end_of_record
TN:
SF:src\services\addressUserService.js
FN:4,(anonymous_0)
FN:5,(anonymous_1)
FN:30,(anonymous_2)
FN:31,(anonymous_3)
FN:53,(anonymous_4)
FN:54,(anonymous_5)
FN:90,(anonymous_6)
FN:91,(anonymous_7)
FN:129,(anonymous_8)
FN:130,(anonymous_9)
FNF:10
FNH:10
FNDA:2,(anonymous_0)
FNDA:2,(anonymous_1)
FNDA:2,(anonymous_2)
FNDA:2,(anonymous_3)
FNDA:3,(anonymous_4)
FNDA:3,(anonymous_5)
FNDA:2,(anonymous_6)
FNDA:2,(anonymous_7)
FNDA:1,(anonymous_8)
FNDA:1,(anonymous_9)
DA:4,1
DA:5,2
DA:6,2
DA:7,2
DA:8,1
DA:13,1
DA:20,1
DA:26,0
DA:30,1
DA:31,2
DA:32,2
DA:33,2
DA:34,1
DA:39,1
DA:43,1
DA:49,0
DA:53,1
DA:54,3
DA:55,3
DA:56,3
DA:57,1
DA:62,2
DA:67,2
DA:68,1
DA:73,1
DA:78,1
DA:86,0
DA:90,1
DA:91,2
DA:92,2
DA:93,2
DA:94,1
DA:99,1
DA:105,1
DA:106,1
DA:107,1
DA:108,1
DA:109,1
DA:111,1
DA:112,1
DA:117,0
DA:125,0
DA:129,1
DA:130,1
DA:131,1
DA:132,1
DA:133,0
DA:138,1
DA:142,1
DA:148,0
DA:152,1
LF:51
LH:44
BRDA:7,0,0,1
BRDA:7,0,1,1
BRDA:33,1,0,1
BRDA:33,1,1,1
BRDA:56,2,0,1
BRDA:56,2,1,2
BRDA:67,3,0,1
BRDA:67,3,1,1
BRDA:93,4,0,1
BRDA:93,4,1,1
BRDA:93,5,0,2
BRDA:93,5,1,2
BRDA:93,5,2,1
BRDA:93,5,3,1
BRDA:93,5,4,1
BRDA:105,6,0,1
BRDA:105,6,1,0
BRDA:132,7,0,0
BRDA:132,7,1,1
BRF:19
BRH:17
end_of_record
TN:
SF:src\services\allcodeService.js
FN:3,(anonymous_0)
FN:4,(anonymous_1)
FN:40,(anonymous_2)
FN:41,(anonymous_3)
FN:63,(anonymous_4)
FN:64,(anonymous_5)
FN:93,(anonymous_6)
FN:94,(anonymous_7)
FN:115,(anonymous_8)
FN:116,(anonymous_9)
FN:148,(anonymous_10)
FN:149,(anonymous_11)
FN:172,(anonymous_12)
FN:173,(anonymous_13)
FNF:14
FNH:12
FNDA:2,(anonymous_0)
FNDA:2,(anonymous_1)
FNDA:1,(anonymous_2)
FNDA:1,(anonymous_3)
FNDA:1,(anonymous_4)
FNDA:1,(anonymous_5)
FNDA:0,(anonymous_6)
FNDA:0,(anonymous_7)
FNDA:1,(anonymous_8)
FNDA:1,(anonymous_9)
FNDA:1,(anonymous_10)
FNDA:1,(anonymous_11)
FNDA:1,(anonymous_12)
FNDA:1,(anonymous_13)
DA:2,1
DA:3,1
DA:4,2
DA:5,2
DA:6,2
DA:7,0
DA:13,2
DA:17,2
DA:18,1
DA:23,1
DA:30,2
DA:36,0
DA:40,1
DA:41,1
DA:42,1
DA:43,1
DA:44,0
DA:50,1
DA:53,1
DA:59,0
DA:63,1
DA:64,1
DA:65,1
DA:66,1
DA:67,0
DA:72,1
DA:78,1
DA:79,1
DA:80,1
DA:81,1
DA:83,1
DA:89,0
DA:93,1
DA:94,0
DA:95,0
DA:96,0
DA:97,0
DA:102,0
DA:105,0
DA:111,0
DA:115,1
DA:116,1
DA:117,1
DA:119,1
DA:120,0
DA:125,1
DA:128,1
DA:129,0
DA:134,1
DA:137,1
DA:144,0
DA:148,1
DA:149,1
DA:150,1
DA:151,1
DA:155,1
DA:156,0
DA:157,0
DA:159,1
DA:160,1
DA:161,1
DA:168,0
DA:172,1
DA:173,1
DA:174,1
DA:175,1
DA:176,0
DA:182,1
DA:185,1
DA:186,2
DA:187,2
DA:188,2
DA:192,1
DA:198,0
DA:202,1
LF:75
LH:54
BRDA:6,0,0,0
BRDA:6,0,1,2
BRDA:6,1,0,2
BRDA:6,1,1,2
BRDA:6,1,2,2
BRDA:17,2,0,1
BRDA:17,2,1,1
BRDA:43,3,0,0
BRDA:43,3,1,1
BRDA:66,4,0,0
BRDA:66,4,1,1
BRDA:66,5,0,1
BRDA:66,5,1,1
BRDA:66,5,2,1
BRDA:78,6,0,1
BRDA:78,6,1,0
BRDA:96,7,0,0
BRDA:96,7,1,0
BRDA:119,8,0,0
BRDA:119,8,1,1
BRDA:128,9,0,0
BRDA:128,9,1,1
BRDA:155,10,0,0
BRDA:155,10,1,1
BRDA:155,11,0,1
BRDA:155,11,1,1
BRDA:159,12,0,0
BRDA:159,12,1,1
BRDA:175,13,0,0
BRDA:175,13,1,1
BRDA:187,14,0,2
BRDA:187,14,1,0
BRF:32
BRH:20
end_of_record
TN:
SF:src\services\bannerService.js
FN:4,(anonymous_0)
FN:5,(anonymous_1)
FN:29,(anonymous_2)
FN:30,(anonymous_3)
FN:54,(anonymous_4)
FN:55,(anonymous_5)
FN:68,(anonymous_6)
FN:83,(anonymous_7)
FN:84,(anonymous_8)
FN:114,(anonymous_9)
FN:115,(anonymous_10)
FNF:11
FNH:11
FNDA:2,(anonymous_0)
FNDA:2,(anonymous_1)
FNDA:2,(anonymous_2)
FNDA:2,(anonymous_3)
FNDA:1,(anonymous_4)
FNDA:1,(anonymous_5)
FNDA:1,(anonymous_6)
FNDA:1,(anonymous_7)
FNDA:1,(anonymous_8)
FNDA:1,(anonymous_9)
FNDA:1,(anonymous_10)
DA:2,2
DA:3,2
DA:4,2
DA:5,2
DA:6,2
DA:7,2
DA:8,1
DA:13,1
DA:19,1
DA:25,0
DA:29,2
DA:30,2
DA:31,2
DA:32,2
DA:33,1
DA:38,1
DA:41,1
DA:42,1
DA:44,1
DA:50,0
DA:54,2
DA:55,1
DA:56,1
DA:57,1
DA:61,1
DA:62,0
DA:63,0
DA:65,1
DA:66,1
DA:67,1
DA:68,1
DA:70,1
DA:79,0
DA:83,2
DA:84,1
DA:85,1
DA:86,1
DA:87,0
DA:92,1
DA:96,1
DA:97,1
DA:98,1
DA:99,1
DA:101,1
DA:102,1
DA:110,0
DA:114,2
DA:115,1
DA:116,1
DA:117,1
DA:118,0
DA:123,1
DA:126,1
DA:127,1
DA:130,1
DA:138,0
DA:142,2
LF:57
LH:48
BRDA:7,0,0,1
BRDA:7,0,1,1
BRDA:7,1,0,2
BRDA:7,1,1,1
BRDA:7,1,2,1
BRDA:32,2,0,1
BRDA:32,2,1,1
BRDA:41,3,0,1
BRDA:41,3,1,0
BRDA:41,4,0,1
BRDA:41,4,1,1
BRDA:61,5,0,0
BRDA:61,5,1,1
BRDA:61,6,0,1
BRDA:61,6,1,1
BRDA:65,7,0,0
BRDA:65,7,1,1
BRDA:67,8,0,1
BRDA:67,8,1,0
BRDA:67,9,0,1
BRDA:67,9,1,1
BRDA:86,10,0,0
BRDA:86,10,1,1
BRDA:86,11,0,1
BRDA:86,11,1,1
BRDA:86,11,2,1
BRDA:86,11,3,1
BRDA:96,12,0,1
BRDA:96,12,1,0
BRDA:117,13,0,0
BRDA:117,13,1,1
BRDA:126,14,0,1
BRDA:126,14,1,0
BRF:33
BRH:25
end_of_record
TN:
SF:src\services\blogService.js
FN:4,(anonymous_0)
FN:5,(anonymous_1)
FN:34,(anonymous_2)
FN:35,(anonymous_3)
FN:73,(anonymous_4)
FN:74,(anonymous_5)
FN:117,(anonymous_6)
FN:118,(anonymous_7)
FN:151,(anonymous_8)
FN:152,(anonymous_9)
FN:179,(anonymous_10)
FN:180,(anonymous_11)
FN:216,(anonymous_12)
FN:217,(anonymous_13)
FNF:14
FNH:14
FNDA:3,(anonymous_0)
FNDA:3,(anonymous_1)
FNDA:2,(anonymous_2)
FNDA:2,(anonymous_3)
FNDA:1,(anonymous_4)
FNDA:1,(anonymous_5)
FNDA:2,(anonymous_6)
FNDA:2,(anonymous_7)
FNDA:2,(anonymous_8)
FNDA:2,(anonymous_9)
FNDA:1,(anonymous_10)
FNDA:1,(anonymous_11)
FNDA:1,(anonymous_12)
FNDA:1,(anonymous_13)
DA:2,1
DA:3,1
DA:4,1
DA:5,3
DA:6,3
DA:7,3
DA:8,1
DA:13,2
DA:24,1
DA:30,1
DA:34,1
DA:35,2
DA:36,2
DA:37,2
DA:38,1
DA:43,1
DA:47,1
DA:48,1
DA:49,1
DA:58,1
DA:60,1
DA:61,1
DA:63,1
DA:69,0
DA:73,1
DA:74,1
DA:75,1
DA:76,1
DA:85,1
DA:86,0
DA:87,0
DA:89,1
DA:91,0
DA:93,1
DA:94,1
DA:95,1
DA:96,1
DA:97,1
DA:98,1
DA:99,1
DA:104,1
DA:113,0
DA:117,1
DA:118,2
DA:119,2
DA:120,2
DA:121,1
DA:126,1
DA:130,1
DA:131,1
DA:132,1
DA:133,1
DA:134,1
DA:135,1
DA:136,1
DA:138,1
DA:139,1
DA:147,0
DA:151,1
DA:152,2
DA:153,2
DA:154,2
DA:155,1
DA:160,1
DA:163,1
DA:164,1
DA:167,1
DA:175,0
DA:179,1
DA:180,1
DA:181,1
DA:183,1
DA:194,1
DA:195,1
DA:196,1
DA:197,1
DA:198,1
DA:203,1
DA:212,0
DA:216,1
DA:217,1
DA:218,1
DA:220,1
DA:231,1
DA:232,1
DA:233,1
DA:234,1
DA:235,1
DA:240,1
DA:249,0
DA:253,1
LF:91
LH:82
BRDA:7,0,0,1
BRDA:7,0,1,2
BRDA:7,1,0,3
BRDA:7,1,1,3
BRDA:7,1,2,2
BRDA:7,1,3,2
BRDA:7,1,4,2
BRDA:7,1,5,2
BRDA:37,2,0,1
BRDA:37,2,1,1
BRDA:60,3,0,1
BRDA:60,3,1,0
BRDA:60,4,0,1
BRDA:60,4,1,1
BRDA:85,5,0,0
BRDA:85,5,1,1
BRDA:85,6,0,1
BRDA:85,6,1,1
BRDA:89,7,0,0
BRDA:89,7,1,1
BRDA:89,8,0,1
BRDA:89,8,1,0
BRDA:93,9,0,0
BRDA:93,9,1,1
BRDA:95,10,0,1
BRDA:95,10,1,0
BRDA:95,11,0,1
BRDA:95,11,1,1
BRDA:120,12,0,1
BRDA:120,12,1,1
BRDA:120,13,0,2
BRDA:120,13,1,2
BRDA:120,13,2,2
BRDA:120,13,3,1
BRDA:120,13,4,1
BRDA:120,13,5,1
BRDA:130,14,0,1
BRDA:130,14,1,0
BRDA:154,15,0,1
BRDA:154,15,1,1
BRDA:163,16,0,1
BRDA:163,16,1,0
BRDA:194,17,0,1
BRDA:194,17,1,0
BRDA:194,18,0,1
BRDA:194,18,1,1
BRDA:231,19,0,1
BRDA:231,19,1,0
BRDA:231,20,0,1
BRDA:231,20,1,1
BRF:50
BRH:40
end_of_record
TN:
SF:src\services\commentService.js
FN:8,(anonymous_0)
FN:9,(anonymous_1)
FN:37,(anonymous_2)
FN:38,(anonymous_3)
FN:96,(anonymous_4)
FN:97,(anonymous_5)
FN:124,(anonymous_6)
FN:125,(anonymous_7)
FN:162,(anonymous_8)
FN:163,(anonymous_9)
FN:190,(anonymous_10)
FN:191,(anonymous_11)
FN:245,(anonymous_12)
FN:246,(anonymous_13)
FN:273,(anonymous_14)
FN:274,(anonymous_15)
FNF:16
FNH:0
FNDA:0,(anonymous_0)
FNDA:0,(anonymous_1)
FNDA:0,(anonymous_2)
FNDA:0,(anonymous_3)
FNDA:0,(anonymous_4)
FNDA:0,(anonymous_5)
FNDA:0,(anonymous_6)
FNDA:0,(anonymous_7)
FNDA:0,(anonymous_8)
FNDA:0,(anonymous_9)
FNDA:0,(anonymous_10)
FNDA:0,(anonymous_11)
FNDA:0,(anonymous_12)
FNDA:0,(anonymous_13)
FNDA:0,(anonymous_14)
FNDA:0,(anonymous_15)
DA:2,0
DA:8,0
DA:9,0
DA:10,0
DA:11,0
DA:12,0
DA:18,0
DA:26,0
DA:31,0
DA:32,0
DA:37,0
DA:38,0
DA:39,0
DA:40,0
DA:41,0
DA:47,0
DA:52,0
DA:53,0
DA:55,0
DA:60,0
DA:66,0
DA:74,0
DA:75,0
DA:78,0
DA:80,0
DA:85,0
DA:90,0
DA:91,0
DA:96,0
DA:97,0
DA:98,0
DA:99,0
DA:100,0
DA:106,0
DA:113,0
DA:118,0
DA:119,0
DA:124,0
DA:125,0
DA:126,0
DA:127,0
DA:128,0
DA:134,0
DA:138,0
DA:139,0
DA:140,0
DA:145,0
DA:151,0
DA:152,0
DA:162,0
DA:163,0
DA:164,0
DA:165,0
DA:166,0
DA:172,0
DA:179,0
DA:184,0
DA:185,0
DA:190,0
DA:191,0
DA:192,0
DA:193,0
DA:194,0
DA:200,0
DA:206,0
DA:207,0
DA:208,0
DA:212,0
DA:217,0
DA:223,0
DA:224,0
DA:227,0
DA:229,0
DA:234,0
DA:239,0
DA:240,0
DA:245,0
DA:246,0
DA:247,0
DA:248,0
DA:249,0
DA:255,0
DA:262,0
DA:267,0
DA:268,0
DA:273,0
DA:274,0
DA:275,0
DA:276,0
DA:277,0
DA:283,0
DA:287,0
DA:288,0
DA:289,0
DA:294,0
DA:300,0
DA:301,0
DA:306,0
LF:98
LH:0
BRDA:11,0,0,0
BRDA:11,0,1,0
BRDA:11,1,0,0
BRDA:11,1,1,0
BRDA:11,1,2,0
BRDA:11,1,3,0
BRDA:23,2,0,0
BRDA:23,2,1,0
BRDA:40,3,0,0
BRDA:40,3,1,0
BRDA:52,4,0,0
BRDA:52,4,1,0
BRDA:52,5,0,0
BRDA:52,5,1,0
BRDA:55,6,0,0
BRDA:55,6,1,0
BRDA:74,7,0,0
BRDA:74,7,1,0
BRDA:75,8,0,0
BRDA:75,8,1,0
BRDA:99,9,0,0
BRDA:99,9,1,0
BRDA:99,10,0,0
BRDA:99,10,1,0
BRDA:99,10,2,0
BRDA:99,10,3,0
BRDA:127,11,0,0
BRDA:127,11,1,0
BRDA:138,12,0,0
BRDA:138,12,1,0
BRDA:165,13,0,0
BRDA:165,13,1,0
BRDA:165,14,0,0
BRDA:165,14,1,0
BRDA:165,14,2,0
BRDA:176,15,0,0
BRDA:176,15,1,0
BRDA:193,16,0,0
BRDA:193,16,1,0
BRDA:206,17,0,0
BRDA:206,17,1,0
BRDA:206,18,0,0
BRDA:206,18,1,0
BRDA:208,19,0,0
BRDA:208,19,1,0
BRDA:223,20,0,0
BRDA:223,20,1,0
BRDA:224,21,0,0
BRDA:224,21,1,0
BRDA:248,22,0,0
BRDA:248,22,1,0
BRDA:248,23,0,0
BRDA:248,23,1,0
BRDA:248,23,2,0
BRDA:248,23,3,0
BRDA:276,24,0,0
BRDA:276,24,1,0
BRDA:287,25,0,0
BRDA:287,25,1,0
BRF:59
BRH:0
end_of_record
TN:
SF:src\services\emailService.js
FN:4,(anonymous_0)
FN:31,(anonymous_1)
FN:44,(anonymous_2)
FNF:3
FNH:0
FNDA:0,(anonymous_0)
FNDA:0,(anonymous_1)
FNDA:0,(anonymous_2)
DA:1,0
DA:2,0
DA:4,0
DA:5,0
DA:14,0
DA:15,0
DA:22,0
DA:23,0
DA:31,0
DA:32,0
DA:33,0
DA:42,0
DA:44,0
DA:45,0
DA:46,0
DA:55,0
DA:89,0
LF:17
LH:0
BRDA:14,0,0,0
BRDA:14,0,1,0
BRDA:22,1,0,0
BRDA:22,1,1,0
BRF:4
BRH:0
end_of_record
TN:
SF:src\services\interactionService.js
FN:3,logInteraction
FN:31,getUserInteractions
FN:49,getAllInteractions
FN:68,deleteInteraction
FNF:4
FNH:0
FNDA:0,logInteraction
FNDA:0,getUserInteractions
FNDA:0,getAllInteractions
FNDA:0,deleteInteraction
DA:5,0
DA:6,0
DA:9,0
DA:10,0
DA:11,0
DA:12,0
DA:15,0
DA:16,0
DA:17,0
DA:20,0
DA:28,0
DA:32,0
DA:33,0
DA:35,0
DA:46,0
DA:50,0
DA:51,0
DA:53,0
DA:65,0
DA:69,0
LF:20
LH:0
BRDA:6,0,0,0
BRDA:6,0,1,0
BRDA:11,1,0,0
BRDA:11,1,1,0
BRDA:11,2,0,0
BRDA:11,2,1,0
BRDA:16,3,0,0
BRDA:16,3,1,0
BRDA:16,4,0,0
BRDA:16,4,1,0
BRDA:31,5,0,0
BRDA:33,6,0,0
BRDA:33,6,1,0
BRDA:49,7,0,0
BRDA:51,8,0,0
BRDA:51,8,1,0
BRF:16
BRH:0
end_of_record
TN:
SF:src\services\messageService.js
FN:6,_msgKey
FN:10,_isRecent
FN:17,_markRecent
FN:21,(anonymous_3)
FN:22,(anonymous_4)
FN:70,(anonymous_5)
FN:71,(anonymous_6)
FN:125,(anonymous_7)
FN:126,(anonymous_8)
FN:162,(anonymous_9)
FN:163,(anonymous_10)
FN:198,(anonymous_11)
FN:199,(anonymous_12)
FNF:13
FNH:0
FNDA:0,_msgKey
FNDA:0,_isRecent
FNDA:0,_markRecent
FNDA:0,(anonymous_3)
FNDA:0,(anonymous_4)
FNDA:0,(anonymous_5)
FNDA:0,(anonymous_6)
FNDA:0,(anonymous_7)
FNDA:0,(anonymous_8)
FNDA:0,(anonymous_9)
FNDA:0,(anonymous_10)
FNDA:0,(anonymous_11)
FNDA:0,(anonymous_12)
DA:5,0
DA:7,0
DA:8,0
DA:11,0
DA:12,0
DA:13,0
DA:14,0
DA:15,0
DA:18,0
DA:21,0
DA:22,0
DA:23,0
DA:24,0
DA:25,0
DA:30,0
DA:33,0
DA:34,0
DA:35,0
DA:40,0
DA:41,0
DA:45,0
DA:46,0
DA:51,0
DA:57,0
DA:65,0
DA:70,0
DA:71,0
DA:72,0
DA:73,0
DA:74,0
DA:75,0
DA:76,0
DA:77,0
DA:78,0
DA:83,0
DA:84,0
DA:85,0
DA:89,0
DA:90,0
DA:99,0
DA:100,0
DA:101,0
DA:104,0
DA:110,0
DA:111,0
DA:112,0
DA:117,0
DA:120,0
DA:125,0
DA:126,0
DA:127,0
DA:128,0
DA:129,0
DA:134,0
DA:140,0
DA:145,0
DA:146,0
DA:147,0
DA:148,0
DA:151,0
DA:157,0
DA:162,0
DA:163,0
DA:164,0
DA:165,0
DA:166,0
DA:171,0
DA:175,0
DA:176,0
DA:178,0
DA:179,0
DA:180,0
DA:182,0
DA:183,0
DA:184,0
DA:187,0
DA:193,0
DA:198,0
DA:199,0
DA:200,0
DA:201,0
DA:202,0
DA:203,0
DA:206,0
DA:207,0
DA:208,0
DA:209,0
DA:210,0
DA:212,0
DA:213,0
DA:214,0
DA:217,0
DA:225,0
DA:229,0
LF:94
LH:0
BRDA:7,0,0,0
BRDA:7,0,1,0
BRDA:13,1,0,0
BRDA:13,1,1,0
BRDA:13,2,0,0
BRDA:13,2,1,0
BRDA:14,3,0,0
BRDA:14,3,1,0
BRDA:17,4,0,0
BRDA:24,5,0,0
BRDA:24,5,1,0
BRDA:34,6,0,0
BRDA:34,6,1,0
BRDA:40,7,0,0
BRDA:40,7,1,0
BRDA:45,8,0,0
BRDA:45,8,1,0
BRDA:75,9,0,0
BRDA:75,9,1,0
BRDA:77,10,0,0
BRDA:77,10,1,0
BRDA:77,11,0,0
BRDA:77,11,1,0
BRDA:77,11,2,0
BRDA:84,12,0,0
BRDA:84,12,1,0
BRDA:99,13,0,0
BRDA:99,13,1,0
BRDA:111,14,0,0
BRDA:111,14,1,0
BRDA:128,15,0,0
BRDA:128,15,1,0
BRDA:147,16,0,0
BRDA:147,16,1,0
BRDA:165,17,0,0
BRDA:165,17,1,0
BRDA:179,18,0,0
BRDA:179,18,1,0
BRDA:183,19,0,0
BRDA:183,19,1,0
BRDA:202,20,0,0
BRDA:202,20,1,0
BRDA:209,21,0,0
BRDA:209,21,1,0
BRDA:213,22,0,0
BRDA:213,22,1,0
BRF:46
BRH:0
end_of_record
TN:
SF:src\services\orderService.js
FN:21,(anonymous_0)
FN:22,(anonymous_1)
FN:39,(anonymous_2)
FN:84,(anonymous_3)
FN:85,(anonymous_4)
FN:118,(anonymous_5)
FN:119,(anonymous_6)
FN:168,(anonymous_7)
FN:169,(anonymous_8)
FN:253,(anonymous_9)
FN:254,(anonymous_10)
FN:301,(anonymous_11)
FN:302,(anonymous_12)
FN:379,(anonymous_13)
FN:380,(anonymous_14)
FN:451,(anonymous_15)
FN:452,(anonymous_16)
FN:523,(anonymous_17)
FN:542,(anonymous_18)
FN:543,(anonymous_19)
FN:568,(anonymous_20)
FN:584,(anonymous_21)
FN:633,(anonymous_22)
FN:634,(anonymous_23)
FN:645,(anonymous_24)
FN:688,(anonymous_25)
FN:689,(anonymous_26)
FN:715,(anonymous_27)
FN:716,(anonymous_28)
FN:781,(anonymous_29)
FN:782,(anonymous_30)
FN:817,sortObject
FN:833,(anonymous_32)
FN:834,(anonymous_33)
FNF:34
FNH:10
FNDA:2,(anonymous_0)
FNDA:2,(anonymous_1)
FNDA:1,(anonymous_2)
FNDA:2,(anonymous_3)
FNDA:2,(anonymous_4)
FNDA:0,(anonymous_5)
FNDA:0,(anonymous_6)
FNDA:1,(anonymous_7)
FNDA:1,(anonymous_8)
FNDA:0,(anonymous_9)
FNDA:0,(anonymous_10)
FNDA:0,(anonymous_11)
FNDA:0,(anonymous_12)
FNDA:0,(anonymous_13)
FNDA:0,(anonymous_14)
FNDA:1,(anonymous_15)
FNDA:1,(anonymous_16)
FNDA:1,(anonymous_17)
FNDA:0,(anonymous_18)
FNDA:0,(anonymous_19)
FNDA:0,(anonymous_20)
FNDA:0,(anonymous_21)
FNDA:0,(anonymous_22)
FNDA:0,(anonymous_23)
FNDA:0,(anonymous_24)
FNDA:0,(anonymous_25)
FNDA:0,(anonymous_26)
FNDA:0,(anonymous_27)
FNDA:0,(anonymous_28)
FNDA:0,(anonymous_29)
FNDA:0,(anonymous_30)
FNDA:0,sortObject
FNDA:0,(anonymous_32)
FNDA:0,(anonymous_33)
DA:4,1
DA:5,1
DA:6,1
DA:8,1
DA:12,1
DA:13,1
DA:21,1
DA:22,2
DA:23,2
DA:24,2
DA:25,1
DA:30,1
DA:39,1
DA:40,1
DA:41,1
DA:44,1
DA:45,1
DA:48,1
DA:49,1
DA:52,1
DA:53,1
DA:60,1
DA:63,1
DA:64,1
DA:71,1
DA:72,1
DA:74,1
DA:80,0
DA:84,1
DA:85,2
DA:86,2
DA:87,2
DA:88,0
DA:89,0
DA:92,2
DA:93,1
DA:94,1
DA:96,1
DA:97,1
DA:98,0
DA:99,0
DA:102,1
DA:103,1
DA:104,1
DA:106,1
DA:109,0
DA:111,1
DA:112,1
DA:114,0
DA:118,1
DA:119,0
DA:120,0
DA:121,0
DA:131,0
DA:132,0
DA:133,0
DA:135,0
DA:136,0
DA:137,0
DA:138,0
DA:139,0
DA:142,0
DA:146,0
DA:147,0
DA:153,0
DA:154,0
DA:155,0
DA:158,0
DA:164,0
DA:168,1
DA:169,1
DA:170,1
DA:171,1
DA:172,0
DA:177,1
DA:187,1
DA:188,0
DA:191,1
DA:195,1
DA:198,1
DA:201,1
DA:202,1
DA:210,1
DA:211,1
DA:212,1
DA:220,1
DA:225,1
DA:228,1
DA:233,1
DA:234,1
DA:241,1
DA:243,1
DA:249,0
DA:253,1
DA:254,0
DA:255,0
DA:256,0
DA:257,0
DA:262,0
DA:266,0
DA:268,0
DA:269,0
DA:271,0
DA:273,0
DA:278,0
DA:279,0
DA:285,0
DA:287,0
DA:291,0
DA:297,0
DA:301,1
DA:302,0
DA:303,0
DA:304,0
DA:305,0
DA:310,0
DA:313,0
DA:314,0
DA:324,0
DA:325,0
DA:331,0
DA:334,0
DA:335,0
DA:342,0
DA:347,0
DA:352,0
DA:357,0
DA:358,0
DA:365,0
DA:369,0
DA:375,0
DA:379,1
DA:380,0
DA:381,0
DA:382,0
DA:385,0
DA:386,0
DA:390,0
DA:392,0
DA:396,0
DA:398,0
DA:404,0
DA:415,0
DA:427,0
DA:429,0
DA:430,0
DA:433,0
DA:434,0
DA:437,0
DA:438,0
DA:442,0
DA:447,0
DA:451,1
DA:452,1
DA:453,1
DA:454,1
DA:455,1
DA:456,1
DA:457,1
DA:463,1
DA:468,1
DA:471,1
DA:475,1
DA:476,1
DA:477,1
DA:489,1
DA:490,1
DA:492,1
DA:500,1
DA:523,1
DA:524,1
DA:525,0
DA:530,1
DA:538,0
DA:542,1
DA:543,0
DA:544,0
DA:545,0
DA:546,0
DA:551,0
DA:563,0
DA:565,0
DA:569,0
DA:570,0
DA:575,0
DA:584,0
DA:585,0
DA:586,0
DA:589,0
DA:590,0
DA:593,0
DA:594,0
DA:597,0
DA:598,0
DA:604,0
DA:606,0
DA:609,0
DA:610,0
DA:617,0
DA:618,0
DA:620,0
DA:629,0
DA:633,1
DA:634,0
DA:635,0
DA:636,0
DA:645,0
DA:646,0
DA:647,0
DA:650,0
DA:651,0
DA:654,0
DA:655,0
DA:658,0
DA:659,0
DA:663,0
DA:665,0
DA:668,0
DA:669,0
DA:676,0
DA:677,0
DA:679,0
DA:684,0
DA:688,1
DA:689,0
DA:690,0
DA:691,0
DA:692,0
DA:697,0
DA:701,0
DA:702,0
DA:703,0
DA:705,0
DA:711,0
DA:715,1
DA:716,0
DA:717,0
DA:719,0
DA:724,0
DA:725,0
DA:726,0
DA:727,0
DA:729,0
DA:730,0
DA:732,0
DA:733,0
DA:734,0
DA:735,0
DA:737,0
DA:738,0
DA:739,0
DA:740,0
DA:741,0
DA:743,0
DA:744,0
DA:745,0
DA:746,0
DA:747,0
DA:749,0
DA:750,0
DA:751,0
DA:752,0
DA:753,0
DA:754,0
DA:755,0
DA:756,0
DA:757,0
DA:758,0
DA:759,0
DA:762,0
DA:764,0
DA:766,0
DA:767,0
DA:768,0
DA:770,0
DA:771,0
DA:772,0
DA:777,0
DA:781,1
DA:782,0
DA:783,0
DA:784,0
DA:786,0
DA:788,0
DA:789,0
DA:791,0
DA:793,0
DA:794,0
DA:796,0
DA:798,0
DA:799,0
DA:801,0
DA:802,0
DA:807,0
DA:813,0
DA:818,0
DA:819,0
DA:821,0
DA:822,0
DA:823,0
DA:826,0
DA:827,0
DA:828,0
DA:830,0
DA:833,1
DA:834,0
DA:835,0
DA:836,0
DA:837,0
DA:842,0
DA:848,0
DA:850,0
DA:851,0
DA:853,0
DA:859,0
DA:864,1
LF:316
LH:94
BRDA:24,0,0,1
BRDA:24,0,1,1
BRDA:24,1,0,2
BRDA:24,1,1,2
BRDA:48,2,0,1
BRDA:48,2,1,0
BRDA:63,3,0,1
BRDA:63,3,1,0
BRDA:63,4,0,1
BRDA:63,4,1,1
BRDA:87,5,0,0
BRDA:87,5,1,2
BRDA:87,6,0,2
BRDA:87,6,1,2
BRDA:92,7,0,1
BRDA:92,7,1,1
BRDA:97,8,0,0
BRDA:97,8,1,1
BRDA:102,9,0,1
BRDA:102,9,1,0
BRDA:103,10,0,1
BRDA:103,10,1,0
BRDA:103,11,0,1
BRDA:103,11,1,1
BRDA:131,12,0,0
BRDA:131,12,1,0
BRDA:131,13,0,0
BRDA:131,13,1,0
BRDA:135,14,0,0
BRDA:135,14,1,0
BRDA:135,15,0,0
BRDA:135,15,1,0
BRDA:146,16,0,0
BRDA:146,16,1,0
BRDA:171,17,0,0
BRDA:171,17,1,1
BRDA:187,18,0,0
BRDA:187,18,1,1
BRDA:256,19,0,0
BRDA:256,19,1,0
BRDA:256,20,0,0
BRDA:256,20,1,0
BRDA:268,21,0,0
BRDA:268,21,1,0
BRDA:268,22,0,0
BRDA:268,22,1,0
BRDA:268,22,2,0
BRDA:273,23,0,0
BRDA:273,23,1,0
BRDA:274,24,0,0
BRDA:274,24,1,0
BRDA:274,24,2,0
BRDA:304,25,0,0
BRDA:304,25,1,0
BRDA:385,26,0,0
BRDA:385,26,1,0
BRDA:390,27,0,0
BRDA:390,27,1,0
BRDA:396,28,0,0
BRDA:396,28,1,0
BRDA:433,29,0,0
BRDA:433,29,1,0
BRDA:524,30,0,0
BRDA:524,30,1,1
BRDA:545,31,0,0
BRDA:545,31,1,0
BRDA:545,32,0,0
BRDA:545,32,1,0
BRDA:545,32,2,0
BRDA:569,33,0,0
BRDA:569,33,1,0
BRDA:593,34,0,0
BRDA:593,34,1,0
BRDA:609,35,0,0
BRDA:609,35,1,0
BRDA:609,36,0,0
BRDA:609,36,1,0
BRDA:654,37,0,0
BRDA:654,37,1,0
BRDA:668,38,0,0
BRDA:668,38,1,0
BRDA:668,39,0,0
BRDA:668,39,1,0
BRDA:691,40,0,0
BRDA:691,40,1,0
BRDA:691,41,0,0
BRDA:691,41,1,0
BRDA:691,41,2,0
BRDA:719,42,0,0
BRDA:719,42,1,0
BRDA:719,42,2,0
BRDA:719,42,3,0
BRDA:740,43,0,0
BRDA:740,43,1,0
BRDA:740,44,0,0
BRDA:740,44,1,0
BRDA:758,45,0,0
BRDA:758,45,1,0
BRDA:758,46,0,0
BRDA:758,46,1,0
BRDA:801,47,0,0
BRDA:801,47,1,0
BRDA:822,48,0,0
BRDA:822,48,1,0
BRDA:836,49,0,0
BRDA:836,49,1,0
BRDA:836,50,0,0
BRDA:836,50,1,0
BRF:108
BRH:21
end_of_record
TN:
SF:src\services\productService.js
FN:6,dynamicSort
FN:12,(anonymous_1)
FN:18,dynamicSortMultiple
FN:21,(anonymous_3)
FN:34,(anonymous_4)
FN:35,(anonymous_5)
FN:88,(anonymous_6)
FN:89,(anonymous_7)
FN:146,(anonymous_8)
FN:147,(anonymous_9)
FN:204,(anonymous_10)
FN:205,(anonymous_11)
FN:236,(anonymous_12)
FN:237,(anonymous_13)
FN:268,(anonymous_14)
FN:269,(anonymous_15)
FN:344,(anonymous_16)
FN:345,(anonymous_17)
FN:379,(anonymous_18)
FN:380,(anonymous_19)
FN:421,(anonymous_20)
FN:422,(anonymous_21)
FN:436,(anonymous_22)
FN:451,(anonymous_23)
FN:452,(anonymous_24)
FN:494,(anonymous_25)
FN:495,(anonymous_26)
FN:533,(anonymous_27)
FN:534,(anonymous_28)
FN:557,(anonymous_29)
FN:558,(anonymous_30)
FN:583,(anonymous_31)
FN:584,(anonymous_32)
FN:609,(anonymous_33)
FN:610,(anonymous_34)
FN:648,(anonymous_35)
FN:649,(anonymous_36)
FN:685,(anonymous_37)
FN:686,(anonymous_38)
FN:738,(anonymous_39)
FN:739,(anonymous_40)
FN:790,(anonymous_41)
FN:791,(anonymous_42)
FN:818,(anonymous_43)
FN:819,(anonymous_44)
FN:842,(anonymous_45)
FN:843,(anonymous_46)
FN:882,(anonymous_47)
FN:883,(anonymous_48)
FN:919,(anonymous_49)
FN:920,(anonymous_50)
FN:964,(anonymous_51)
FN:965,(anonymous_52)
FN:1008,(anonymous_53)
FN:1009,(anonymous_54)
FN:1078,(anonymous_55)
FN:1079,(anonymous_56)
FN:1093,(anonymous_57)
FN:1098,(anonymous_58)
FNF:59
FNH:10
FNDA:0,dynamicSort
FNDA:0,(anonymous_1)
FNDA:0,dynamicSortMultiple
FNDA:0,(anonymous_3)
FNDA:2,(anonymous_4)
FNDA:2,(anonymous_5)
FNDA:1,(anonymous_6)
FNDA:1,(anonymous_7)
FNDA:0,(anonymous_8)
FNDA:0,(anonymous_9)
FNDA:0,(anonymous_10)
FNDA:0,(anonymous_11)
FNDA:0,(anonymous_12)
FNDA:0,(anonymous_13)
FNDA:1,(anonymous_14)
FNDA:1,(anonymous_15)
FNDA:1,(anonymous_16)
FNDA:1,(anonymous_17)
FNDA:0,(anonymous_18)
FNDA:0,(anonymous_19)
FNDA:0,(anonymous_20)
FNDA:0,(anonymous_21)
FNDA:0,(anonymous_22)
FNDA:0,(anonymous_23)
FNDA:0,(anonymous_24)
FNDA:0,(anonymous_25)
FNDA:0,(anonymous_26)
FNDA:0,(anonymous_27)
FNDA:0,(anonymous_28)
FNDA:0,(anonymous_29)
FNDA:0,(anonymous_30)
FNDA:0,(anonymous_31)
FNDA:0,(anonymous_32)
FNDA:0,(anonymous_33)
FNDA:0,(anonymous_34)
FNDA:0,(anonymous_35)
FNDA:0,(anonymous_36)
FNDA:1,(anonymous_37)
FNDA:1,(anonymous_38)
FNDA:0,(anonymous_39)
FNDA:0,(anonymous_40)
FNDA:0,(anonymous_41)
FNDA:0,(anonymous_42)
FNDA:0,(anonymous_43)
FNDA:0,(anonymous_44)
FNDA:0,(anonymous_45)
FNDA:0,(anonymous_46)
FNDA:0,(anonymous_47)
FNDA:0,(anonymous_48)
FNDA:0,(anonymous_49)
FNDA:0,(anonymous_50)
FNDA:0,(anonymous_51)
FNDA:0,(anonymous_52)
FNDA:0,(anonymous_53)
FNDA:0,(anonymous_54)
FNDA:0,(anonymous_55)
FNDA:0,(anonymous_56)
FNDA:0,(anonymous_57)
FNDA:0,(anonymous_58)
DA:4,1
DA:5,1
DA:7,0
DA:8,0
DA:9,0
DA:10,0
DA:12,0
DA:14,0
DA:15,0
DA:20,0
DA:21,0
DA:22,0
DA:26,0
DA:27,0
DA:28,0
DA:30,0
DA:34,1
DA:35,2
DA:36,2
DA:37,2
DA:38,1
DA:43,1
DA:53,1
DA:54,1
DA:63,1
DA:64,1
DA:69,1
DA:78,1
DA:84,0
DA:88,1
DA:89,1
DA:90,1
DA:91,1
DA:101,1
DA:102,0
DA:103,0
DA:106,1
DA:107,1
DA:108,1
DA:109,1
DA:111,1
DA:112,1
DA:113,1
DA:117,1
DA:119,1
DA:120,1
DA:122,1
DA:123,1
DA:124,1
DA:125,1
DA:129,1
DA:131,0
DA:134,1
DA:142,0
DA:146,1
DA:147,0
DA:148,0
DA:149,0
DA:159,0
DA:160,0
DA:161,0
DA:164,0
DA:165,0
DA:166,0
DA:167,0
DA:169,0
DA:170,0
DA:171,0
DA:175,0
DA:177,0
DA:178,0
DA:180,0
DA:181,0
DA:182,0
DA:183,0
DA:187,0
DA:189,0
DA:192,0
DA:200,0
DA:204,1
DA:205,0
DA:206,0
DA:207,0
DA:208,0
DA:213,0
DA:217,0
DA:218,0
DA:223,0
DA:224,0
DA:225,0
DA:232,0
DA:236,1
DA:237,0
DA:238,0
DA:239,0
DA:240,0
DA:245,0
DA:249,0
DA:250,0
DA:255,0
DA:256,0
DA:257,0
DA:264,0
DA:268,1
DA:269,1
DA:270,1
DA:271,1
DA:272,0
DA:277,1
DA:287,1
DA:291,1
DA:292,1
DA:294,1
DA:297,1
DA:298,1
DA:300,1
DA:309,1
DA:310,1
DA:312,1
DA:313,1
DA:314,1
DA:315,1
DA:316,1
DA:317,0
DA:319,1
DA:320,0
DA:321,0
DA:323,0
DA:330,1
DA:333,1
DA:340,0
DA:344,1
DA:345,1
DA:346,1
DA:347,1
DA:348,0
DA:353,1
DA:357,1
DA:358,1
DA:359,1
DA:360,1
DA:361,1
DA:362,1
DA:363,1
DA:364,1
DA:366,1
DA:367,1
DA:375,0
DA:379,1
DA:380,0
DA:381,0
DA:382,0
DA:383,0
DA:388,0
DA:393,0
DA:394,0
DA:395,0
DA:398,0
DA:401,0
DA:402,0
DA:403,0
DA:409,0
DA:417,0
DA:421,1
DA:422,0
DA:423,0
DA:424,0
DA:425,0
DA:430,0
DA:435,0
DA:436,0
DA:439,0
DA:447,0
DA:451,1
DA:452,0
DA:453,0
DA:454,0
DA:455,0
DA:461,0
DA:468,0
DA:469,0
DA:474,0
DA:482,0
DA:490,0
DA:494,1
DA:495,0
DA:496,0
DA:497,0
DA:498,0
DA:504,0
DA:508,0
DA:509,0
DA:510,0
DA:511,0
DA:512,0
DA:513,0
DA:514,0
DA:519,0
DA:529,0
DA:533,1
DA:534,0
DA:535,0
DA:536,0
DA:537,0
DA:542,0
DA:546,0
DA:553,0
DA:557,1
DA:558,0
DA:559,0
DA:560,0
DA:561,0
DA:566,0
DA:571,0
DA:579,0
DA:583,1
DA:584,0
DA:585,0
DA:586,0
DA:587,0
DA:592,0
DA:595,0
DA:596,0
DA:598,0
DA:605,0
DA:609,1
DA:610,0
DA:611,0
DA:612,0
DA:613,0
DA:619,0
DA:623,0
DA:624,0
DA:625,0
DA:628,0
DA:629,0
DA:634,0
DA:644,0
DA:648,1
DA:649,0
DA:650,0
DA:651,0
DA:652,0
DA:658,0
DA:662,0
DA:663,0
DA:666,0
DA:671,0
DA:681,0
DA:685,1
DA:686,1
DA:687,1
DA:688,1
DA:689,0
DA:695,1
DA:698,1
DA:699,1
DA:703,1
DA:706,1
DA:709,1
DA:710,1
DA:714,1
DA:715,1
DA:719,1
DA:724,0
DA:734,0
DA:738,1
DA:739,0
DA:740,0
DA:741,0
DA:742,0
DA:747,0
DA:758,0
DA:759,0
DA:760,0
DA:761,0
DA:762,0
DA:763,0
DA:765,0
DA:766,0
DA:767,0
DA:769,0
DA:776,0
DA:778,0
DA:786,0
DA:790,1
DA:791,0
DA:792,0
DA:793,0
DA:794,0
DA:799,0
DA:806,0
DA:814,0
DA:818,1
DA:819,0
DA:820,0
DA:821,0
DA:822,0
DA:827,0
DA:831,0
DA:838,0
DA:842,1
DA:843,0
DA:844,0
DA:845,0
DA:846,0
DA:852,0
DA:856,0
DA:857,0
DA:858,0
DA:859,0
DA:861,0
DA:862,0
DA:863,0
DA:868,0
DA:878,0
DA:882,1
DA:883,0
DA:884,0
DA:885,0
DA:886,0
DA:892,0
DA:896,0
DA:897,0
DA:900,0
DA:905,0
DA:915,0
DA:919,1
DA:920,0
DA:921,0
DA:922,0
DA:934,0
DA:935,0
DA:939,0
DA:941,0
DA:942,0
DA:944,0
DA:945,0
DA:946,0
DA:947,0
DA:953,0
DA:960,0
DA:964,1
DA:965,0
DA:966,0
DA:967,0
DA:978,0
DA:979,0
DA:983,0
DA:985,0
DA:986,0
DA:988,0
DA:989,0
DA:990,0
DA:991,0
DA:997,0
DA:1004,0
DA:1008,1
DA:1009,0
DA:1010,0
DA:1011,0
DA:1012,0
DA:1013,0
DA:1018,0
DA:1020,0
DA:1021,0
DA:1023,0
DA:1025,0
DA:1038,0
DA:1042,0
DA:1043,0
DA:1044,0
DA:1048,0
DA:1050,0
DA:1051,0
DA:1053,0
DA:1054,0
DA:1055,0
DA:1056,0
DA:1067,0
DA:1074,0
DA:1078,1
DA:1079,0
DA:1080,0
DA:1081,0
DA:1082,0
DA:1083,0
DA:1089,0
DA:1090,0
DA:1091,0
DA:1092,0
DA:1093,0
DA:1096,0
DA:1097,0
DA:1098,0
DA:1101,0
DA:1102,0
DA:1103,0
DA:1104,0
DA:1108,0
DA:1109,0
DA:1110,0
DA:1113,0
DA:1114,0
DA:1116,0
DA:1117,0
DA:1118,0
DA:1119,0
DA:1120,0
DA:1121,0
DA:1122,0
DA:1123,0
DA:1124,0
DA:1129,0
DA:1130,0
DA:1131,0
DA:1135,0
DA:1137,0
DA:1138,0
DA:1140,0
DA:1141,0
DA:1142,0
DA:1143,0
DA:1149,0
DA:1161,0
DA:1165,1
LF:426
LH:108
BRDA:8,0,0,0
BRDA:8,0,1,0
BRDA:14,1,0,0
BRDA:14,1,1,0
BRDA:14,2,0,0
BRDA:14,2,1,0
BRDA:26,3,0,0
BRDA:26,3,1,0
BRDA:37,4,0,1
BRDA:37,4,1,1
BRDA:37,5,0,2
BRDA:37,5,1,1
BRDA:37,5,2,1
BRDA:37,5,3,1
BRDA:53,6,0,1
BRDA:53,6,1,0
BRDA:63,7,0,1
BRDA:63,7,1,0
BRDA:101,8,0,0
BRDA:101,8,1,1
BRDA:101,9,0,1
BRDA:101,9,1,1
BRDA:106,10,0,0
BRDA:106,10,1,1
BRDA:106,11,0,1
BRDA:106,11,1,0
BRDA:107,12,0,0
BRDA:107,12,1,1
BRDA:107,13,0,1
BRDA:107,13,1,0
BRDA:108,14,0,0
BRDA:108,14,1,1
BRDA:109,15,0,0
BRDA:109,15,1,1
BRDA:129,16,0,0
BRDA:129,16,1,1
BRDA:129,17,0,1
BRDA:129,17,1,0
BRDA:159,18,0,0
BRDA:159,18,1,0
BRDA:159,19,0,0
BRDA:159,19,1,0
BRDA:164,20,0,0
BRDA:164,20,1,0
BRDA:164,21,0,0
BRDA:164,21,1,0
BRDA:165,22,0,0
BRDA:165,22,1,0
BRDA:165,23,0,0
BRDA:165,23,1,0
BRDA:166,24,0,0
BRDA:166,24,1,0
BRDA:167,25,0,0
BRDA:167,25,1,0
BRDA:187,26,0,0
BRDA:187,26,1,0
BRDA:187,27,0,0
BRDA:187,27,1,0
BRDA:207,28,0,0
BRDA:207,28,1,0
BRDA:217,29,0,0
BRDA:217,29,1,0
BRDA:239,30,0,0
BRDA:239,30,1,0
BRDA:249,31,0,0
BRDA:249,31,1,0
BRDA:271,32,0,0
BRDA:271,32,1,1
BRDA:321,33,0,0
BRDA:321,33,1,0
BRDA:347,34,0,0
BRDA:347,34,1,1
BRDA:347,35,0,1
BRDA:347,35,1,1
BRDA:347,35,2,1
BRDA:357,36,0,1
BRDA:357,36,1,0
BRDA:382,37,0,0
BRDA:382,37,1,0
BRDA:382,38,0,0
BRDA:382,38,1,0
BRDA:382,38,2,0
BRDA:393,39,0,0
BRDA:393,39,1,0
BRDA:393,40,0,0
BRDA:393,40,1,0
BRDA:401,41,0,0
BRDA:401,41,1,0
BRDA:401,42,0,0
BRDA:401,42,1,0
BRDA:424,43,0,0
BRDA:424,43,1,0
BRDA:424,44,0,0
BRDA:424,44,1,0
BRDA:424,44,2,0
BRDA:435,45,0,0
BRDA:435,45,1,0
BRDA:435,46,0,0
BRDA:435,46,1,0
BRDA:454,47,0,0
BRDA:454,47,1,0
BRDA:454,48,0,0
BRDA:454,48,1,0
BRDA:454,48,2,0
BRDA:454,48,3,0
BRDA:454,48,4,0
BRDA:468,49,0,0
BRDA:468,49,1,0
BRDA:497,50,0,0
BRDA:497,50,1,0
BRDA:497,51,0,0
BRDA:497,51,1,0
BRDA:497,51,2,0
BRDA:497,51,3,0
BRDA:508,52,0,0
BRDA:508,52,1,0
BRDA:536,53,0,0
BRDA:536,53,1,0
BRDA:560,54,0,0
BRDA:560,54,1,0
BRDA:560,55,0,0
BRDA:560,55,1,0
BRDA:560,55,2,0
BRDA:586,56,0,0
BRDA:586,56,1,0
BRDA:595,57,0,0
BRDA:595,57,1,0
BRDA:612,58,0,0
BRDA:612,58,1,0
BRDA:612,59,0,0
BRDA:612,59,1,0
BRDA:612,59,2,0
BRDA:623,60,0,0
BRDA:623,60,1,0
BRDA:651,61,0,0
BRDA:651,61,1,0
BRDA:662,62,0,0
BRDA:662,62,1,0
BRDA:688,63,0,0
BRDA:688,63,1,1
BRDA:698,64,0,1
BRDA:698,64,1,0
BRDA:709,65,0,1
BRDA:709,65,1,0
BRDA:714,66,0,1
BRDA:714,66,1,0
BRDA:741,67,0,0
BRDA:741,67,1,0
BRDA:741,68,0,0
BRDA:741,68,1,0
BRDA:741,68,2,0
BRDA:767,69,0,0
BRDA:767,69,1,0
BRDA:793,70,0,0
BRDA:793,70,1,0
BRDA:793,71,0,0
BRDA:793,71,1,0
BRDA:821,72,0,0
BRDA:821,72,1,0
BRDA:845,73,0,0
BRDA:845,73,1,0
BRDA:845,74,0,0
BRDA:845,74,1,0
BRDA:856,75,0,0
BRDA:856,75,1,0
BRDA:885,76,0,0
BRDA:885,76,1,0
BRDA:896,77,0,0
BRDA:896,77,1,0
BRDA:1012,78,0,0
BRDA:1012,78,1,0
BRDA:1012,79,0,0
BRDA:1012,79,1,0
BRDA:1042,80,0,0
BRDA:1042,80,1,0
BRDA:1042,81,0,0
BRDA:1042,81,1,0
BRDA:1082,82,0,0
BRDA:1082,82,1,0
BRDA:1082,83,0,0
BRDA:1082,83,1,0
BRDA:1092,84,0,0
BRDA:1092,84,1,0
BRDA:1092,85,0,0
BRDA:1092,85,1,0
BRDA:1096,86,0,0
BRDA:1096,86,1,0
BRDA:1101,87,0,0
BRDA:1101,87,1,0
BRDA:1104,88,0,0
BRDA:1104,88,1,0
BRDA:1122,89,0,0
BRDA:1122,89,1,0
BRDA:1122,90,0,0
BRDA:1122,90,1,0
BRDA:1124,91,0,0
BRDA:1124,91,1,0
BRDA:1129,92,0,0
BRDA:1129,92,1,0
BRDA:1129,93,0,0
BRDA:1129,93,1,0
BRF:201
BRH:29
end_of_record
TN:
SF:src\services\pythonInvoker.js
FN:16,runPythonInference
FN:17,(anonymous_1)
FN:47,(anonymous_2)
FN:59,(anonymous_3)
FN:60,(anonymous_4)
FN:62,(anonymous_5)
FNF:6
FNH:6
FNDA:5,runPythonInference
FNDA:5,(anonymous_1)
FNDA:1,(anonymous_2)
FNDA:2,(anonymous_3)
FNDA:1,(anonymous_4)
FNDA:3,(anonymous_5)
DA:5,2
DA:9,2
DA:13,2
DA:14,2
DA:17,5
DA:18,5
DA:20,5
DA:30,5
DA:38,5
DA:44,4
DA:45,4
DA:47,4
DA:48,1
DA:49,1
DA:50,1
DA:51,1
DA:53,0
DA:56,1
DA:59,4
DA:60,4
DA:62,4
DA:63,3
DA:64,3
DA:65,3
DA:66,3
DA:68,3
DA:69,1
DA:70,1
DA:73,2
DA:74,0
DA:75,0
DA:78,2
DA:79,2
DA:80,1
DA:82,1
DA:87,4
DA:88,4
DA:89,4
DA:90,4
DA:92,1
LF:40
LH:37
BRDA:9,0,0,2
BRDA:9,0,1,0
BRDA:13,1,0,2
BRDA:13,1,1,2
BRDA:16,2,0,4
BRDA:16,3,0,4
BRDA:23,4,0,5
BRDA:23,4,1,5
BRDA:24,5,0,5
BRDA:24,5,1,5
BRDA:25,6,0,5
BRDA:25,6,1,5
BRDA:26,7,0,5
BRDA:26,7,1,5
BRDA:27,8,0,5
BRDA:27,8,1,5
BRDA:50,9,0,1
BRDA:50,9,1,0
BRDA:68,10,0,1
BRDA:68,10,1,2
BRDA:73,11,0,0
BRDA:73,11,1,2
BRDA:73,12,0,2
BRDA:73,12,1,2
BRDA:87,13,0,4
BRDA:87,13,1,0
BRDA:92,14,0,1
BRDA:92,14,1,0
BRF:28
BRH:23
end_of_record
TN:
SF:src\services\receiptService.js
FN:4,(anonymous_0)
FN:5,(anonymous_1)
FN:40,(anonymous_2)
FN:41,(anonymous_3)
FN:69,(anonymous_4)
FN:70,(anonymous_5)
FN:114,(anonymous_6)
FN:115,(anonymous_7)
FN:139,(anonymous_8)
FN:140,(anonymous_9)
FN:168,(anonymous_10)
FN:169,(anonymous_11)
FNF:12
FNH:12
FNDA:6,(anonymous_0)
FNDA:6,(anonymous_1)
FNDA:5,(anonymous_2)
FNDA:5,(anonymous_3)
FNDA:2,(anonymous_4)
FNDA:2,(anonymous_5)
FNDA:2,(anonymous_6)
FNDA:2,(anonymous_7)
FNDA:4,(anonymous_8)
FNDA:4,(anonymous_9)
FNDA:3,(anonymous_10)
FNDA:3,(anonymous_11)
DA:2,1
DA:3,1
DA:4,1
DA:5,6
DA:6,6
DA:7,6
DA:10,5
DA:16,1
DA:21,1
DA:22,1
DA:30,1
DA:36,0
DA:40,1
DA:41,5
DA:42,5
DA:43,5
DA:46,4
DA:51,1
DA:59,1
DA:65,0
DA:69,1
DA:70,2
DA:71,2
DA:72,2
DA:73,1
DA:79,1
DA:83,1
DA:84,1
DA:85,1
DA:87,1
DA:96,1
DA:97,1
DA:98,1
DA:104,1
DA:110,0
DA:114,1
DA:115,2
DA:116,2
DA:117,2
DA:118,2
DA:119,0
DA:120,0
DA:124,2
DA:125,2
DA:126,2
DA:127,2
DA:129,2
DA:135,0
DA:139,1
DA:140,4
DA:141,4
DA:142,4
DA:143,3
DA:148,1
DA:152,1
DA:154,1
DA:155,1
DA:156,1
DA:164,0
DA:168,1
DA:169,3
DA:170,3
DA:171,3
DA:172,1
DA:177,2
DA:180,2
DA:181,1
DA:184,1
DA:192,0
DA:196,1
LF:70
LH:62
BRDA:7,0,0,5
BRDA:7,0,1,1
BRDA:7,1,0,6
BRDA:7,1,1,5
BRDA:7,1,2,4
BRDA:7,1,3,3
BRDA:7,1,4,2
BRDA:21,2,0,1
BRDA:21,2,1,0
BRDA:43,3,0,4
BRDA:43,3,1,1
BRDA:43,4,0,5
BRDA:43,4,1,4
BRDA:43,4,2,3
BRDA:43,4,3,2
BRDA:72,5,0,1
BRDA:72,5,1,1
BRDA:84,6,0,1
BRDA:84,6,1,0
BRDA:84,7,0,1
BRDA:84,7,1,1
BRDA:118,8,0,0
BRDA:118,8,1,2
BRDA:118,9,0,2
BRDA:118,9,1,2
BRDA:142,10,0,3
BRDA:142,10,1,1
BRDA:142,11,0,4
BRDA:142,11,1,3
BRDA:142,11,2,2
BRDA:152,12,0,1
BRDA:152,12,1,0
BRDA:171,13,0,1
BRDA:171,13,1,2
BRDA:180,14,0,1
BRDA:180,14,1,1
BRF:36
BRH:32
end_of_record
TN:
SF:src\services\recommendationService.js
FN:17,pickBestModel
FN:34,ensureTables
FN:67,deriveContext
FN:78,priceRange
FN:86,intentFromInteractions
FN:92,scoreSample
FN:102,buildUserProductFeatures
FN:108,(anonymous_7)
FN:145,(anonymous_8)
FN:179,(anonymous_9)
FN:184,computeRecommendationsForUser
FN:205,(anonymous_11)
FN:268,(anonymous_12)
FN:273,(anonymous_13)
FN:285,(anonymous_14)
FN:310,(anonymous_15)
FN:328,rescore
FN:329,(anonymous_17)
FN:337,(anonymous_18)
FN:340,backfillTop
FN:341,(anonymous_20)
FN:343,(anonymous_21)
FN:369,(anonymous_22)
FN:370,(anonymous_23)
FN:382,(anonymous_24)
FN:391,initForUser
FN:419,(anonymous_26)
FN:423,(anonymous_27)
FN:436,getCachedForUser
FN:442,clearForUser
FNF:30
FNH:0
FNDA:0,pickBestModel
FNDA:0,ensureTables
FNDA:0,deriveContext
FNDA:0,priceRange
FNDA:0,intentFromInteractions
FNDA:0,scoreSample
FNDA:0,buildUserProductFeatures
FNDA:0,(anonymous_7)
FNDA:0,(anonymous_8)
FNDA:0,(anonymous_9)
FNDA:0,computeRecommendationsForUser
FNDA:0,(anonymous_11)
FNDA:0,(anonymous_12)
FNDA:0,(anonymous_13)
FNDA:0,(anonymous_14)
FNDA:0,(anonymous_15)
FNDA:0,rescore
FNDA:0,(anonymous_17)
FNDA:0,(anonymous_18)
FNDA:0,backfillTop
FNDA:0,(anonymous_20)
FNDA:0,(anonymous_21)
FNDA:0,(anonymous_22)
FNDA:0,(anonymous_23)
FNDA:0,(anonymous_24)
FNDA:0,initForUser
FNDA:0,(anonymous_26)
FNDA:0,(anonymous_27)
FNDA:0,getCachedForUser
FNDA:0,clearForUser
DA:5,1
DA:8,1
DA:9,1
DA:10,1
DA:12,0
DA:14,1
DA:15,1
DA:18,0
DA:19,0
DA:20,0
DA:21,0
DA:22,0
DA:23,0
DA:24,0
DA:25,0
DA:27,0
DA:30,0
DA:35,0
DA:37,0
DA:38,0
DA:40,0
DA:52,0
DA:53,0
DA:55,0
DA:68,0
DA:69,0
DA:70,0
DA:71,0
DA:72,0
DA:73,0
DA:74,0
DA:75,0
DA:79,0
DA:80,0
DA:81,0
DA:82,0
DA:83,0
DA:88,0
DA:89,0
DA:94,0
DA:95,0
DA:96,0
DA:97,0
DA:98,0
DA:99,0
DA:104,0
DA:108,0
DA:110,0
DA:111,0
DA:112,0
DA:113,0
DA:114,0
DA:116,0
DA:117,0
DA:118,0
DA:119,0
DA:120,0
DA:122,0
DA:123,0
DA:124,0
DA:125,0
DA:126,0
DA:127,0
DA:130,0
DA:131,0
DA:132,0
DA:134,0
DA:136,0
DA:137,0
DA:138,0
DA:139,0
DA:140,0
DA:141,0
DA:142,0
DA:143,0
DA:144,0
DA:145,0
DA:146,0
DA:147,0
DA:148,0
DA:149,0
DA:151,0
DA:152,0
DA:179,0
DA:180,0
DA:186,0
DA:187,0
DA:188,0
DA:190,0
DA:191,0
DA:195,0
DA:197,0
DA:205,0
DA:206,0
DA:207,0
DA:210,0
DA:211,0
DA:214,0
DA:221,0
DA:222,0
DA:223,0
DA:224,0
DA:225,0
DA:228,0
DA:239,0
DA:240,0
DA:243,0
DA:244,0
DA:245,0
DA:248,0
DA:249,0
DA:250,0
DA:251,0
DA:253,0
DA:254,0
DA:255,0
DA:261,0
DA:263,0
DA:264,0
DA:268,0
DA:269,0
DA:270,0
DA:271,0
DA:272,0
DA:273,0
DA:275,0
DA:276,0
DA:277,0
DA:278,0
DA:279,0
DA:281,0
DA:282,0
DA:283,0
DA:285,0
DA:286,0
DA:287,0
DA:288,0
DA:292,0
DA:295,0
DA:298,0
DA:299,0
DA:302,0
DA:310,0
DA:312,0
DA:317,0
DA:318,0
DA:320,0
DA:329,0
DA:330,0
DA:331,0
DA:332,0
DA:333,0
DA:334,0
DA:335,0
DA:336,0
DA:337,0
DA:341,0
DA:342,0
DA:343,0
DA:344,0
DA:345,0
DA:354,0
DA:356,0
DA:357,0
DA:358,0
DA:359,0
DA:361,0
DA:364,0
DA:365,0
DA:366,0
DA:367,0
DA:369,0
DA:370,0
DA:371,0
DA:372,0
DA:373,0
DA:374,0
DA:375,0
DA:376,0
DA:378,0
DA:382,0
DA:383,0
DA:384,0
DA:389,1
DA:393,0
DA:394,0
DA:395,0
DA:397,0
DA:398,0
DA:401,0
DA:402,0
DA:404,0
DA:405,0
DA:406,0
DA:407,0
DA:409,0
DA:410,0
DA:411,0
DA:412,0
DA:413,0
DA:414,0
DA:415,0
DA:418,0
DA:419,0
DA:420,0
DA:422,0
DA:423,0
DA:424,0
DA:426,0
DA:427,0
DA:429,0
DA:430,0
DA:432,0
DA:437,0
DA:438,0
DA:439,0
DA:443,0
DA:444,0
DA:445,0
DA:446,0
DA:449,1
LF:221
LH:8
BRDA:25,0,0,0
BRDA:25,0,1,0
BRDA:25,1,0,0
BRDA:25,1,1,0
BRDA:27,2,0,0
BRDA:27,2,1,0
BRDA:72,3,0,0
BRDA:72,3,1,0
BRDA:73,4,0,0
BRDA:73,4,1,0
BRDA:73,5,0,0
BRDA:73,5,1,0
BRDA:73,6,0,0
BRDA:73,6,1,0
BRDA:73,7,0,0
BRDA:73,7,1,0
BRDA:74,8,0,0
BRDA:74,8,1,0
BRDA:74,9,0,0
BRDA:74,9,1,0
BRDA:74,10,0,0
BRDA:74,10,1,0
BRDA:79,11,0,0
BRDA:79,11,1,0
BRDA:80,12,0,0
BRDA:80,12,1,0
BRDA:81,13,0,0
BRDA:81,13,1,0
BRDA:82,14,0,0
BRDA:82,14,1,0
BRDA:89,15,0,0
BRDA:89,15,1,0
BRDA:89,16,0,0
BRDA:89,16,1,0
BRDA:94,17,0,0
BRDA:94,17,1,0
BRDA:95,18,0,0
BRDA:95,18,1,0
BRDA:96,19,0,0
BRDA:96,19,1,0
BRDA:97,20,0,0
BRDA:97,20,1,0
BRDA:113,21,0,0
BRDA:113,21,1,0
BRDA:119,22,0,0
BRDA:119,22,1,0
BRDA:126,23,0,0
BRDA:126,23,1,0
BRDA:132,24,0,0
BRDA:132,24,1,0
BRDA:134,25,0,0
BRDA:134,25,1,0
BRDA:138,26,0,0
BRDA:138,26,1,0
BRDA:138,27,0,0
BRDA:138,27,1,0
BRDA:139,28,0,0
BRDA:139,28,1,0
BRDA:140,29,0,0
BRDA:140,29,1,0
BRDA:141,30,0,0
BRDA:141,30,1,0
BRDA:141,31,0,0
BRDA:141,31,1,0
BRDA:142,32,0,0
BRDA:142,32,1,0
BRDA:143,33,0,0
BRDA:143,33,1,0
BRDA:145,34,0,0
BRDA:145,34,1,0
BRDA:145,35,0,0
BRDA:145,35,1,0
BRDA:146,36,0,0
BRDA:146,36,1,0
BRDA:148,37,0,0
BRDA:148,37,1,0
BRDA:148,38,0,0
BRDA:148,38,1,0
BRDA:157,39,0,0
BRDA:157,39,1,0
BRDA:160,40,0,0
BRDA:160,40,1,0
BRDA:161,41,0,0
BRDA:161,41,1,0
BRDA:163,42,0,0
BRDA:163,42,1,0
BRDA:184,43,0,0
BRDA:187,44,0,0
BRDA:187,44,1,0
BRDA:190,45,0,0
BRDA:190,45,1,0
BRDA:190,46,0,0
BRDA:190,46,1,0
BRDA:195,47,0,0
BRDA:195,47,1,0
BRDA:211,48,0,0
BRDA:211,48,1,0
BRDA:224,49,0,0
BRDA:224,49,1,0
BRDA:225,50,0,0
BRDA:225,50,1,0
BRDA:231,51,0,0
BRDA:231,51,1,0
BRDA:248,52,0,0
BRDA:248,52,1,0
BRDA:257,53,0,0
BRDA:257,53,1,0
BRDA:258,54,0,0
BRDA:258,54,1,0
BRDA:264,55,0,0
BRDA:264,55,1,0
BRDA:272,56,0,0
BRDA:272,56,1,0
BRDA:272,57,0,0
BRDA:272,57,1,0
BRDA:272,57,2,0
BRDA:273,58,0,0
BRDA:273,58,1,0
BRDA:276,59,0,0
BRDA:276,59,1,0
BRDA:278,60,0,0
BRDA:278,60,1,0
BRDA:279,61,0,0
BRDA:279,61,1,0
BRDA:281,62,0,0
BRDA:281,62,1,0
BRDA:282,63,0,0
BRDA:282,63,1,0
BRDA:285,64,0,0
BRDA:285,64,1,0
BRDA:286,65,0,0
BRDA:286,65,1,0
BRDA:318,66,0,0
BRDA:318,66,1,0
BRDA:318,67,0,0
BRDA:318,67,1,0
BRDA:331,68,0,0
BRDA:331,68,1,0
BRDA:332,69,0,0
BRDA:332,69,1,0
BRDA:333,70,0,0
BRDA:333,70,1,0
BRDA:334,71,0,0
BRDA:334,71,1,0
BRDA:334,72,0,0
BRDA:334,72,1,0
BRDA:342,73,0,0
BRDA:342,73,1,0
BRDA:344,74,0,0
BRDA:344,74,1,0
BRDA:344,75,0,0
BRDA:344,75,1,0
BRDA:349,76,0,0
BRDA:349,76,1,0
BRDA:350,77,0,0
BRDA:350,77,1,0
BRDA:354,78,0,0
BRDA:354,78,1,0
BRDA:354,79,0,0
BRDA:354,79,1,0
BRDA:356,80,0,0
BRDA:356,80,1,0
BRDA:359,81,0,0
BRDA:359,81,1,0
BRDA:359,82,0,0
BRDA:359,82,1,0
BRDA:370,83,0,0
BRDA:370,83,1,0
BRDA:374,84,0,0
BRDA:374,84,1,0
BRDA:375,85,0,0
BRDA:375,85,1,0
BRDA:375,86,0,0
BRDA:375,86,1,0
BRDA:376,87,0,0
BRDA:376,87,1,0
BRDA:382,88,0,0
BRDA:382,88,1,0
BRDA:382,88,2,0
BRDA:391,89,0,0
BRDA:394,90,0,0
BRDA:394,90,1,0
BRDA:397,91,0,0
BRDA:397,91,1,0
BRDA:397,92,0,0
BRDA:397,92,1,0
BRDA:401,93,0,0
BRDA:401,93,1,0
BRDA:412,94,0,0
BRDA:412,94,1,0
BRDA:418,95,0,0
BRDA:418,95,1,0
BRDA:418,96,0,0
BRDA:418,96,1,0
BRDA:419,97,0,0
BRDA:419,97,1,0
BRDA:422,98,0,0
BRDA:422,98,1,0
BRDA:422,99,0,0
BRDA:422,99,1,0
BRDA:423,100,0,0
BRDA:423,100,1,0
BRDA:423,101,0,0
BRDA:423,101,1,0
BRDA:430,102,0,0
BRDA:430,102,1,0
BRDA:436,103,0,0
BRF:207
BRH:0
end_of_record
TN:
SF:src\services\shopCartService.js
FN:4,(anonymous_0)
FN:5,(anonymous_1)
FN:107,(anonymous_2)
FN:108,(anonymous_3)
FN:150,(anonymous_4)
FN:151,(anonymous_5)
FNF:6
FNH:6
FNDA:9,(anonymous_0)
FNDA:9,(anonymous_1)
FNDA:6,(anonymous_2)
FNDA:6,(anonymous_3)
FNDA:3,(anonymous_4)
FNDA:3,(anonymous_5)
DA:4,1
DA:5,9
DA:6,9
DA:7,9
DA:8,3
DA:13,6
DA:14,6
DA:15,3
DA:16,3
DA:17,3
DA:18,3
DA:19,3
DA:20,3
DA:21,3
DA:23,3
DA:24,0
DA:25,0
DA:27,0
DA:30,3
DA:35,3
DA:37,2
DA:38,1
DA:44,1
DA:45,1
DA:49,1
DA:50,0
DA:56,1
DA:57,1
DA:63,3
DA:64,3
DA:65,3
DA:66,3
DA:67,3
DA:68,3
DA:69,3
DA:71,3
DA:72,1
DA:73,1
DA:75,1
DA:78,3
DA:81,3
DA:82,1
DA:88,2
DA:97,6
DA:103,0
DA:107,1
DA:108,6
DA:109,6
DA:110,6
DA:111,1
DA:116,5
DA:119,5
DA:120,4
DA:129,4
DA:130,4
DA:131,4
DA:132,1
DA:133,1
DA:136,4
DA:138,5
DA:139,5
DA:146,0
DA:150,1
DA:151,3
DA:152,3
DA:153,3
DA:154,1
DA:159,2
DA:160,2
DA:161,1
DA:164,1
DA:171,0
DA:175,1
LF:73
LH:66
BRDA:7,0,0,3
BRDA:7,0,1,6
BRDA:7,1,0,9
BRDA:7,1,1,8
BRDA:7,1,2,7
BRDA:14,2,0,3
BRDA:14,2,1,3
BRDA:16,3,0,3
BRDA:16,3,1,0
BRDA:25,4,0,0
BRDA:25,4,1,0
BRDA:35,5,0,2
BRDA:35,5,1,1
BRDA:37,6,0,1
BRDA:37,6,1,1
BRDA:49,7,0,0
BRDA:49,7,1,1
BRDA:64,8,0,3
BRDA:64,8,1,0
BRDA:73,9,0,1
BRDA:73,9,1,0
BRDA:81,10,0,1
BRDA:81,10,1,2
BRDA:110,11,0,1
BRDA:110,11,1,5
BRDA:131,12,0,1
BRDA:131,12,1,3
BRDA:131,13,0,4
BRDA:131,13,1,4
BRDA:138,14,0,5
BRDA:138,14,1,0
BRDA:153,15,0,1
BRDA:153,15,1,2
BRDA:160,16,0,1
BRDA:160,16,1,1
BRF:35
BRH:28
end_of_record
TN:
SF:src\services\statisticService.js
FN:4,compareDates
FN:17,(anonymous_1)
FN:18,(anonymous_2)
FN:45,(anonymous_3)
FN:46,(anonymous_4)
FN:63,(anonymous_5)
FN:100,(anonymous_6)
FN:124,(anonymous_7)
FN:139,DaysOfMonth
FN:162,(anonymous_9)
FN:163,(anonymous_10)
FN:233,(anonymous_11)
FN:234,(anonymous_12)
FN:317,(anonymous_13)
FN:318,(anonymous_14)
FN:373,(anonymous_15)
FN:419,(anonymous_16)
FN:420,(anonymous_17)
FN:459,(anonymous_18)
FN:505,(anonymous_19)
FN:506,(anonymous_20)
FNF:21
FNH:14
FNDA:0,compareDates
FNDA:1,(anonymous_1)
FNDA:1,(anonymous_2)
FNDA:2,(anonymous_3)
FNDA:2,(anonymous_4)
FNDA:2,(anonymous_5)
FNDA:4,(anonymous_6)
FNDA:0,(anonymous_7)
FNDA:1,DaysOfMonth
FNDA:1,(anonymous_9)
FNDA:1,(anonymous_10)
FNDA:1,(anonymous_11)
FNDA:1,(anonymous_12)
FNDA:1,(anonymous_13)
FNDA:1,(anonymous_14)
FNDA:1,(anonymous_15)
FNDA:0,(anonymous_16)
FNDA:0,(anonymous_17)
FNDA:0,(anonymous_18)
FNDA:0,(anonymous_19)
FNDA:0,(anonymous_20)
DA:1,2
DA:8,0
DA:9,0
DA:10,0
DA:11,0
DA:13,0
DA:14,0
DA:17,2
DA:18,1
DA:19,1
DA:20,1
DA:21,1
DA:22,1
DA:27,1
DA:32,1
DA:35,1
DA:41,0
DA:45,2
DA:46,2
DA:47,2
DA:48,2
DA:49,1
DA:55,1
DA:58,1
DA:59,1
DA:60,1
DA:61,1
DA:62,1
DA:63,1
DA:65,2
DA:66,2
DA:67,2
DA:69,2
DA:70,2
DA:71,2
DA:72,2
DA:74,2
DA:76,2
DA:80,0
DA:81,0
DA:82,0
DA:83,0
DA:85,0
DA:89,0
DA:90,0
DA:92,0
DA:97,1
DA:98,2
DA:100,4
DA:104,1
DA:108,1
DA:120,0
DA:124,2
DA:126,0
DA:128,0
DA:130,0
DA:132,0
DA:135,0
DA:140,1
DA:141,1
DA:142,1
DA:144,0
DA:145,0
DA:147,0
DA:148,0
DA:156,1
DA:157,0
DA:159,0
DA:162,2
DA:163,1
DA:164,1
DA:165,1
DA:166,0
DA:172,1
DA:185,1
DA:186,1
DA:187,1
DA:190,1
DA:191,1
DA:192,1
DA:194,1
DA:195,0
DA:197,1
DA:203,1
DA:204,1
DA:205,1
DA:206,12
DA:207,12
DA:208,12
DA:210,12
DA:211,1
DA:214,12
DA:218,1
DA:229,0
DA:233,2
DA:234,1
DA:235,1
DA:236,1
DA:237,0
DA:243,1
DA:244,1
DA:257,1
DA:258,1
DA:259,1
DA:262,1
DA:263,1
DA:264,1
DA:267,1
DA:268,0
DA:270,1
DA:275,1
DA:276,1
DA:278,1
DA:279,31
DA:282,0
DA:285,31
DA:288,31
DA:289,31
DA:291,31
DA:295,1
DA:298,31
DA:302,1
DA:313,0
DA:317,2
DA:318,1
DA:319,1
DA:320,1
DA:321,0
DA:328,1
DA:342,1
DA:343,1
DA:344,1
DA:347,1
DA:348,1
DA:349,1
DA:350,1
DA:351,1
DA:352,1
DA:353,1
DA:354,1
DA:355,1
DA:357,1
DA:358,1
DA:359,1
DA:361,1
DA:362,1
DA:363,0
DA:364,0
DA:367,1
DA:368,1
DA:373,1
DA:375,1
DA:376,0
DA:377,0
DA:379,0
DA:380,0
DA:381,0
DA:382,0
DA:384,0
DA:386,0
DA:389,1
DA:390,1
DA:391,1
DA:392,1
DA:394,1
DA:398,0
DA:399,0
DA:401,0
DA:407,1
DA:415,0
DA:419,2
DA:420,0
DA:421,0
DA:422,0
DA:423,0
DA:430,0
DA:443,0
DA:444,0
DA:445,0
DA:448,0
DA:449,0
DA:450,0
DA:453,0
DA:454,0
DA:456,0
DA:459,0
DA:461,0
DA:462,0
DA:463,0
DA:465,0
DA:466,0
DA:467,0
DA:468,0
DA:470,0
DA:472,0
DA:475,0
DA:476,0
DA:477,0
DA:478,0
DA:480,0
DA:484,0
DA:485,0
DA:487,0
DA:493,0
DA:501,0
DA:505,2
DA:506,0
DA:507,0
DA:508,0
DA:517,0
DA:518,0
DA:519,0
DA:523,0
DA:524,0
DA:525,0
DA:526,0
DA:527,0
DA:528,0
DA:531,0
DA:541,0
DA:542,0
DA:544,0
DA:545,0
DA:546,0
DA:548,0
DA:555,0
DA:560,0
DA:569,0
DA:573,2
LF:229
LH:124
BRDA:13,0,0,0
BRDA:13,0,1,0
BRDA:14,1,0,0
BRDA:14,1,1,0
BRDA:48,2,0,1
BRDA:48,2,1,1
BRDA:48,3,0,2
BRDA:48,3,1,1
BRDA:61,4,0,1
BRDA:61,4,1,0
BRDA:65,5,0,2
BRDA:65,5,1,0
BRDA:74,6,0,2
BRDA:74,6,1,0
BRDA:74,7,0,2
BRDA:74,7,1,2
BRDA:80,8,0,0
BRDA:80,8,1,0
BRDA:83,9,0,0
BRDA:83,9,1,0
BRDA:83,10,0,0
BRDA:83,10,1,0
BRDA:90,11,0,0
BRDA:90,11,1,0
BRDA:126,12,0,0
BRDA:126,12,1,0
BRDA:128,13,0,0
BRDA:128,13,1,0
BRDA:142,14,0,0
BRDA:142,14,1,1
BRDA:142,14,2,1
BRDA:142,14,3,1
BRDA:142,14,4,1
BRDA:142,14,5,1
BRDA:142,14,6,1
BRDA:142,14,7,1
BRDA:142,14,8,0
BRDA:144,15,0,0
BRDA:144,15,1,0
BRDA:144,16,0,0
BRDA:144,16,1,0
BRDA:165,17,0,0
BRDA:165,17,1,1
BRDA:194,18,0,0
BRDA:194,18,1,1
BRDA:210,19,0,1
BRDA:210,19,1,11
BRDA:210,20,0,12
BRDA:210,20,1,12
BRDA:236,21,0,0
BRDA:236,21,1,1
BRDA:236,22,0,1
BRDA:236,22,1,0
BRDA:267,23,0,0
BRDA:267,23,1,1
BRDA:279,24,0,0
BRDA:279,24,1,31
BRDA:279,25,0,31
BRDA:279,25,1,1
BRDA:279,25,2,0
BRDA:291,26,0,1
BRDA:291,26,1,30
BRDA:291,27,0,31
BRDA:291,27,1,31
BRDA:291,27,2,31
BRDA:320,28,0,0
BRDA:320,28,1,1
BRDA:320,29,0,1
BRDA:320,29,1,0
BRDA:362,30,0,0
BRDA:362,30,1,1
BRDA:375,31,0,0
BRDA:375,31,1,1
BRDA:384,32,0,0
BRDA:384,32,1,0
BRDA:384,33,0,0
BRDA:384,33,1,0
BRDA:389,34,0,1
BRDA:389,34,1,0
BRDA:392,35,0,1
BRDA:392,35,1,0
BRDA:392,36,0,1
BRDA:392,36,1,1
BRDA:399,37,0,0
BRDA:399,37,1,0
BRDA:422,38,0,0
BRDA:422,38,1,0
BRDA:422,39,0,0
BRDA:422,39,1,0
BRDA:453,40,0,0
BRDA:453,40,1,0
BRDA:461,41,0,0
BRDA:461,41,1,0
BRDA:470,42,0,0
BRDA:470,42,1,0
BRDA:470,43,0,0
BRDA:470,43,1,0
BRDA:475,44,0,0
BRDA:475,44,1,0
BRDA:478,45,0,0
BRDA:478,45,1,0
BRDA:478,46,0,0
BRDA:478,46,1,0
BRDA:485,47,0,0
BRDA:485,47,1,0
BRDA:517,48,0,0
BRDA:517,48,1,0
BRDA:517,49,0,0
BRDA:517,49,1,0
BRDA:546,50,0,0
BRDA:546,50,1,0
BRF:111
BRH:41
end_of_record
TN:
SF:src\services\supplierService.js
FN:6,(anonymous_0)
FN:7,(anonymous_1)
FN:31,(anonymous_2)
FN:32,(anonymous_3)
FN:57,(anonymous_4)
FN:58,(anonymous_5)
FN:77,(anonymous_6)
FN:78,(anonymous_7)
FN:110,(anonymous_8)
FN:111,(anonymous_9)
FNF:10
FNH:10
FNDA:5,(anonymous_0)
FNDA:5,(anonymous_1)
FNDA:3,(anonymous_2)
FNDA:3,(anonymous_3)
FNDA:4,(anonymous_4)
FNDA:4,(anonymous_5)
FNDA:7,(anonymous_6)
FNDA:7,(anonymous_7)
FNDA:3,(anonymous_8)
FNDA:3,(anonymous_9)
DA:2,1
DA:3,1
DA:6,1
DA:7,5
DA:8,5
DA:9,5
DA:10,4
DA:15,1
DA:21,1
DA:27,0
DA:31,1
DA:32,3
DA:33,3
DA:34,3
DA:35,1
DA:41,2
DA:47,2
DA:53,0
DA:57,1
DA:58,4
DA:59,4
DA:60,4
DA:61,4
DA:62,1
DA:63,1
DA:65,4
DA:66,4
DA:67,4
DA:73,0
DA:77,1
DA:78,7
DA:79,7
DA:80,7
DA:81,5
DA:86,2
DA:90,1
DA:91,1
DA:92,1
DA:93,1
DA:94,1
DA:97,1
DA:98,1
DA:106,1
DA:110,1
DA:111,3
DA:112,3
DA:113,3
DA:114,1
DA:119,2
DA:122,1
DA:123,1
DA:126,1
DA:134,1
DA:138,1
LF:54
LH:51
BRDA:9,0,0,4
BRDA:9,0,1,1
BRDA:9,1,0,5
BRDA:9,1,1,4
BRDA:9,1,2,3
BRDA:9,1,3,2
BRDA:34,2,0,1
BRDA:34,2,1,2
BRDA:61,3,0,1
BRDA:61,3,1,3
BRDA:61,4,0,4
BRDA:61,4,1,4
BRDA:65,5,0,1
BRDA:65,5,1,3
BRDA:80,6,0,5
BRDA:80,6,1,2
BRDA:80,7,0,7
BRDA:80,7,1,6
BRDA:80,7,2,5
BRDA:80,7,3,4
BRDA:80,7,4,3
BRDA:90,8,0,1
BRDA:90,8,1,0
BRDA:113,9,0,1
BRDA:113,9,1,2
BRDA:122,10,0,1
BRDA:122,10,1,0
BRF:27
BRH:25
end_of_record
TN:
SF:src\services\typeshipService.js
FN:5,(anonymous_0)
FN:6,(anonymous_1)
FN:28,(anonymous_2)
FN:29,(anonymous_3)
FN:50,(anonymous_4)
FN:51,(anonymous_5)
FN:74,(anonymous_6)
FN:75,(anonymous_7)
FN:103,(anonymous_8)
FN:104,(anonymous_9)
FNF:10
FNH:10
FNDA:3,(anonymous_0)
FNDA:3,(anonymous_1)
FNDA:3,(anonymous_2)
FNDA:3,(anonymous_3)
FNDA:4,(anonymous_4)
FNDA:4,(anonymous_5)
FNDA:5,(anonymous_6)
FNDA:5,(anonymous_7)
FNDA:3,(anonymous_8)
FNDA:3,(anonymous_9)
DA:2,1
DA:3,1
DA:5,1
DA:6,3
DA:7,3
DA:8,3
DA:9,2
DA:14,1
DA:18,1
DA:24,0
DA:28,1
DA:29,3
DA:30,3
DA:31,3
DA:32,1
DA:37,2
DA:40,2
DA:46,0
DA:50,1
DA:51,4
DA:52,4
DA:53,4
DA:54,4
DA:55,1
DA:56,1
DA:58,4
DA:59,4
DA:61,4
DA:70,0
DA:74,1
DA:75,5
DA:76,5
DA:77,5
DA:78,3
DA:83,2
DA:87,1
DA:88,1
DA:89,1
DA:90,1
DA:91,1
DA:99,1
DA:103,1
DA:104,3
DA:105,3
DA:106,3
DA:107,1
DA:112,2
DA:115,1
DA:116,1
DA:119,1
DA:127,1
DA:131,1
LF:52
LH:49
BRDA:8,0,0,2
BRDA:8,0,1,1
BRDA:8,1,0,3
BRDA:8,1,1,2
BRDA:31,2,0,1
BRDA:31,2,1,2
BRDA:54,3,0,1
BRDA:54,3,1,3
BRDA:54,4,0,4
BRDA:54,4,1,4
BRDA:58,5,0,1
BRDA:58,5,1,3
BRDA:77,6,0,3
BRDA:77,6,1,2
BRDA:77,7,0,5
BRDA:77,7,1,4
BRDA:77,7,2,3
BRDA:87,8,0,1
BRDA:87,8,1,0
BRDA:106,9,0,1
BRDA:106,9,1,2
BRDA:115,10,0,1
BRDA:115,10,1,0
BRF:23
BRH:21
end_of_record
TN:
SF:src\services\userService.js
FN:11,(anonymous_0)
FN:17,(anonymous_1)
FN:18,(anonymous_2)
FN:27,(anonymous_3)
FN:28,(anonymous_4)
FN:43,(anonymous_5)
FN:44,(anonymous_6)
FN:89,(anonymous_7)
FN:90,(anonymous_8)
FN:122,(anonymous_9)
FN:123,(anonymous_10)
FN:164,(anonymous_11)
FN:165,(anonymous_12)
FN:218,(anonymous_13)
FN:219,(anonymous_14)
FN:254,(anonymous_15)
FN:255,(anonymous_16)
FN:287,(anonymous_17)
FN:288,(anonymous_18)
FN:321,(anonymous_19)
FN:322,(anonymous_20)
FN:345,(anonymous_21)
FN:346,(anonymous_22)
FN:386,(anonymous_23)
FN:387,(anonymous_24)
FN:429,(anonymous_25)
FN:430,(anonymous_26)
FN:480,(anonymous_27)
FN:481,(anonymous_28)
FN:517,(anonymous_29)
FN:518,(anonymous_30)
FNF:31
FNH:0
FNDA:0,(anonymous_0)
FNDA:0,(anonymous_1)
FNDA:0,(anonymous_2)
FNDA:0,(anonymous_3)
FNDA:0,(anonymous_4)
FNDA:0,(anonymous_5)
FNDA:0,(anonymous_6)
FNDA:0,(anonymous_7)
FNDA:0,(anonymous_8)
FNDA:0,(anonymous_9)
FNDA:0,(anonymous_10)
FNDA:0,(anonymous_11)
FNDA:0,(anonymous_12)
FNDA:0,(anonymous_13)
FNDA:0,(anonymous_14)
FNDA:0,(anonymous_15)
FNDA:0,(anonymous_16)
FNDA:0,(anonymous_17)
FNDA:0,(anonymous_18)
FNDA:0,(anonymous_19)
FNDA:0,(anonymous_20)
FNDA:0,(anonymous_21)
FNDA:0,(anonymous_22)
FNDA:0,(anonymous_23)
FNDA:0,(anonymous_24)
FNDA:0,(anonymous_25)
FNDA:0,(anonymous_26)
FNDA:0,(anonymous_27)
FNDA:0,(anonymous_28)
FNDA:0,(anonymous_29)
FNDA:0,(anonymous_30)
DA:7,0
DA:8,0
DA:9,0
DA:11,0
DA:13,0
DA:14,0
DA:17,0
DA:18,0
DA:19,0
DA:20,0
DA:21,0
DA:23,0
DA:27,0
DA:28,0
DA:29,0
DA:30,0
DA:33,0
DA:34,0
DA:36,0
DA:39,0
DA:43,0
DA:44,0
DA:45,0
DA:46,0
DA:47,0
DA:52,0
DA:53,0
DA:54,0
DA:59,0
DA:60,0
DA:75,0
DA:84,0
DA:89,0
DA:90,0
DA:91,0
DA:93,0
DA:94,0
DA:99,0
DA:102,0
DA:103,0
DA:108,0
DA:111,0
DA:118,0
DA:122,0
DA:123,0
DA:124,0
DA:125,0
DA:126,0
DA:131,0
DA:135,0
DA:136,0
DA:137,0
DA:138,0
DA:139,0
DA:140,0
DA:141,0
DA:142,0
DA:143,0
DA:144,0
DA:146,0
DA:147,0
DA:152,0
DA:160,0
DA:164,0
DA:165,0
DA:166,0
DA:168,0
DA:169,0
DA:175,0
DA:177,0
DA:179,0
DA:180,0
DA:185,0
DA:186,0
DA:187,0
DA:188,0
DA:189,0
DA:191,0
DA:193,0
DA:194,0
DA:195,0
DA:197,0
DA:199,0
DA:202,0
DA:203,0
DA:206,0
DA:207,0
DA:209,0
DA:214,0
DA:218,0
DA:219,0
DA:220,0
DA:221,0
DA:222,0
DA:227,0
DA:231,0
DA:232,0
DA:233,0
DA:234,0
DA:236,0
DA:242,0
DA:250,0
DA:254,0
DA:255,0
DA:256,0
DA:257,0
DA:269,0
DA:270,0
DA:271,0
DA:273,0
DA:274,0
DA:275,0
DA:283,0
DA:287,0
DA:288,0
DA:289,0
DA:290,0
DA:291,0
DA:296,0
DA:308,0
DA:309,0
DA:311,0
DA:317,0
DA:321,0
DA:322,0
DA:323,0
DA:324,0
DA:325,0
DA:330,0
DA:335,0
DA:341,0
DA:345,0
DA:346,0
DA:347,0
DA:349,0
DA:350,0
DA:355,0
DA:363,0
DA:364,0
DA:365,0
DA:366,0
DA:373,0
DA:376,0
DA:382,0
DA:386,0
DA:387,0
DA:388,0
DA:389,0
DA:390,0
DA:395,0
DA:406,0
DA:407,0
DA:408,0
DA:410,0
DA:411,0
DA:417,0
DA:425,0
DA:429,0
DA:430,0
DA:431,0
DA:432,0
DA:433,0
DA:438,0
DA:439,0
DA:440,0
DA:448,0
DA:449,0
DA:450,0
DA:451,0
DA:458,0
DA:461,0
DA:466,0
DA:476,0
DA:480,0
DA:481,0
DA:482,0
DA:483,0
DA:484,0
DA:489,0
DA:500,0
DA:501,0
DA:502,0
DA:504,0
DA:507,0
DA:513,0
DA:517,0
DA:518,0
DA:519,0
DA:520,0
DA:523,0
DA:526,0
DA:527,0
DA:532,0
DA:533,0
DA:539,0
DA:545,0
DA:549,0
LF:197
LH:0
BRDA:33,0,0,0
BRDA:33,0,1,0
BRDA:46,1,0,0
BRDA:46,1,1,0
BRDA:46,2,0,0
BRDA:46,2,1,0
BRDA:53,3,0,0
BRDA:53,3,1,0
BRDA:93,4,0,0
BRDA:93,4,1,0
BRDA:102,5,0,0
BRDA:102,5,1,0
BRDA:125,6,0,0
BRDA:125,6,1,0
BRDA:125,7,0,0
BRDA:125,7,1,0
BRDA:135,8,0,0
BRDA:135,8,1,0
BRDA:143,9,0,0
BRDA:143,9,1,0
BRDA:168,10,0,0
BRDA:168,10,1,0
BRDA:168,11,0,0
BRDA:168,11,1,0
BRDA:179,12,0,0
BRDA:179,12,1,0
BRDA:185,13,0,0
BRDA:185,13,1,0
BRDA:187,14,0,0
BRDA:187,14,1,0
BRDA:221,15,0,0
BRDA:221,15,1,0
BRDA:221,16,0,0
BRDA:221,16,1,0
BRDA:221,16,2,0
BRDA:231,17,0,0
BRDA:231,17,1,0
BRDA:232,18,0,0
BRDA:232,18,1,0
BRDA:269,19,0,0
BRDA:269,19,1,0
BRDA:269,20,0,0
BRDA:269,20,1,0
BRDA:273,21,0,0
BRDA:273,21,1,0
BRDA:290,22,0,0
BRDA:290,22,1,0
BRDA:308,23,0,0
BRDA:308,23,1,0
BRDA:324,24,0,0
BRDA:324,24,1,0
BRDA:349,25,0,0
BRDA:349,25,1,0
BRDA:363,26,0,0
BRDA:363,26,1,0
BRDA:389,27,0,0
BRDA:389,27,1,0
BRDA:389,28,0,0
BRDA:389,28,1,0
BRDA:406,29,0,0
BRDA:406,29,1,0
BRDA:432,30,0,0
BRDA:432,30,1,0
BRDA:439,31,0,0
BRDA:439,31,1,0
BRDA:448,32,0,0
BRDA:448,32,1,0
BRDA:483,33,0,0
BRDA:483,33,1,0
BRDA:483,34,0,0
BRDA:483,34,1,0
BRDA:483,34,2,0
BRDA:500,35,0,0
BRDA:500,35,1,0
BRDA:526,36,0,0
BRDA:526,36,1,0
BRDA:532,37,0,0
BRDA:532,37,1,0
BRF:78
BRH:0
end_of_record
TN:
SF:src\services\voucherService.js
FN:5,(anonymous_0)
FN:6,(anonymous_1)
FN:30,(anonymous_2)
FN:31,(anonymous_3)
FN:58,(anonymous_4)
FN:59,(anonymous_5)
FN:89,(anonymous_6)
FN:90,(anonymous_7)
FN:120,(anonymous_8)
FN:121,(anonymous_9)
FN:148,(anonymous_10)
FN:149,(anonymous_11)
FN:175,(anonymous_12)
FN:176,(anonymous_13)
FN:201,(anonymous_14)
FN:202,(anonymous_15)
FN:223,(anonymous_16)
FN:224,(anonymous_17)
FN:273,(anonymous_18)
FN:274,(anonymous_19)
FN:305,(anonymous_20)
FN:306,(anonymous_21)
FN:333,(anonymous_22)
FN:334,(anonymous_23)
FN:371,(anonymous_24)
FN:372,(anonymous_25)
FNF:26
FNH:18
FNDA:2,(anonymous_0)
FNDA:2,(anonymous_1)
FNDA:1,(anonymous_2)
FNDA:1,(anonymous_3)
FNDA:1,(anonymous_4)
FNDA:1,(anonymous_5)
FNDA:1,(anonymous_6)
FNDA:1,(anonymous_7)
FNDA:1,(anonymous_8)
FNDA:1,(anonymous_9)
FNDA:0,(anonymous_10)
FNDA:0,(anonymous_11)
FNDA:1,(anonymous_12)
FNDA:1,(anonymous_13)
FNDA:0,(anonymous_14)
FNDA:0,(anonymous_15)
FNDA:1,(anonymous_16)
FNDA:1,(anonymous_17)
FNDA:0,(anonymous_18)
FNDA:0,(anonymous_19)
FNDA:0,(anonymous_20)
FNDA:0,(anonymous_21)
FNDA:1,(anonymous_22)
FNDA:1,(anonymous_23)
FNDA:1,(anonymous_24)
FNDA:1,(anonymous_25)
DA:2,2
DA:3,2
DA:5,2
DA:6,2
DA:7,2
DA:8,2
DA:9,1
DA:14,1
DA:20,1
DA:26,0
DA:30,2
DA:31,1
DA:32,1
DA:33,1
DA:34,0
DA:39,1
DA:48,1
DA:54,0
DA:58,2
DA:59,1
DA:60,1
DA:61,1
DA:70,1
DA:71,0
DA:72,0
DA:74,1
DA:76,1
DA:85,0
DA:89,2
DA:90,1
DA:91,1
DA:92,1
DA:93,0
DA:98,1
DA:102,1
DA:103,1
DA:104,1
DA:105,1
DA:106,1
DA:107,1
DA:108,1
DA:116,0
DA:120,2
DA:121,1
DA:122,1
DA:123,1
DA:124,0
DA:129,1
DA:132,1
DA:133,1
DA:136,1
DA:144,0
DA:148,2
DA:149,0
DA:150,0
DA:152,0
DA:161,0
DA:170,0
DA:175,2
DA:176,1
DA:177,1
DA:178,1
DA:179,0
DA:184,1
DA:191,1
DA:197,0
DA:201,2
DA:202,0
DA:203,0
DA:204,0
DA:205,0
DA:210,0
DA:213,0
DA:219,0
DA:223,2
DA:224,1
DA:225,1
DA:226,1
DA:241,1
DA:242,0
DA:243,0
DA:245,1
DA:246,1
DA:247,1
DA:248,1
DA:254,1
DA:259,1
DA:269,0
DA:273,2
DA:274,0
DA:275,0
DA:276,0
DA:277,0
DA:282,0
DA:286,0
DA:287,0
DA:288,0
DA:289,0
DA:290,0
DA:291,0
DA:292,0
DA:293,0
DA:301,0
DA:305,2
DA:306,0
DA:307,0
DA:308,0
DA:309,0
DA:314,0
DA:317,0
DA:318,0
DA:321,0
DA:329,0
DA:333,2
DA:334,1
DA:335,1
DA:336,1
DA:337,0
DA:342,1
DA:346,1
DA:347,0
DA:352,1
DA:356,1
DA:358,1
DA:359,1
DA:367,0
DA:371,2
DA:372,1
DA:373,1
DA:374,1
DA:375,0
DA:380,1
DA:383,1
DA:384,0
DA:385,0
DA:388,1
DA:389,1
DA:390,1
DA:406,1
DA:412,1
DA:414,1
DA:423,0
DA:427,2
LF:143
LH:86
BRDA:8,0,0,1
BRDA:8,0,1,1
BRDA:8,1,0,2
BRDA:8,1,1,1
BRDA:8,1,2,1
BRDA:8,1,3,1
BRDA:33,2,0,0
BRDA:33,2,1,1
BRDA:70,3,0,0
BRDA:70,3,1,1
BRDA:70,4,0,1
BRDA:70,4,1,1
BRDA:92,5,0,0
BRDA:92,5,1,1
BRDA:92,6,0,1
BRDA:92,6,1,1
BRDA:92,6,2,1
BRDA:92,6,3,1
BRDA:92,6,4,1
BRDA:102,7,0,1
BRDA:102,7,1,0
BRDA:123,8,0,0
BRDA:123,8,1,1
BRDA:132,9,0,1
BRDA:132,9,1,0
BRDA:178,10,0,0
BRDA:178,10,1,1
BRDA:178,11,0,1
BRDA:178,11,1,1
BRDA:178,11,2,1
BRDA:178,11,3,1
BRDA:178,11,4,1
BRDA:204,12,0,0
BRDA:204,12,1,0
BRDA:241,13,0,0
BRDA:241,13,1,1
BRDA:241,14,0,1
BRDA:241,14,1,1
BRDA:246,15,0,1
BRDA:246,15,1,0
BRDA:276,16,0,0
BRDA:276,16,1,0
BRDA:276,17,0,0
BRDA:276,17,1,0
BRDA:276,17,2,0
BRDA:276,17,3,0
BRDA:276,17,4,0
BRDA:276,17,5,0
BRDA:286,18,0,0
BRDA:286,18,1,0
BRDA:308,19,0,0
BRDA:308,19,1,0
BRDA:317,20,0,0
BRDA:317,20,1,0
BRDA:336,21,0,0
BRDA:336,21,1,1
BRDA:336,22,0,1
BRDA:336,22,1,1
BRDA:346,23,0,0
BRDA:346,23,1,1
BRDA:374,24,0,0
BRDA:374,24,1,1
BRDA:383,25,0,0
BRDA:383,25,1,1
BRDA:383,26,0,1
BRDA:383,26,1,0
BRF:66
BRH:36
end_of_record
TN:
SF:src\utils\CommonUtils.js
FN:4,(anonymous_0)
FNF:1
FNH:1
FNDA:2,(anonymous_0)
DA:2,1
DA:4,1
DA:5,2
DA:12,1
LF:4
LH:4
BRF:0
BRH:0
end_of_record
TN:
SF:src\utils\constants.js
FNF:0
FNH:0
DA:1,2
LF:1
LH:1
BRF:0
BRH:0
end_of_record
